[ 2015-12-14T08:53:08+08:00 ] 192.168.1.100 /mobile.php/News/getVideoList
INFO: [ app_init ] --START--
INFO: Run Behavior\BuildLiteBehavior [ RunTime:0.000000s ]
INFO: [ app_init ] --END-- [ RunTime:0.001000s ]
INFO: [ app_begin ] --START--
INFO: Run Behavior\ReadHtmlCacheBehavior [ RunTime:0.001000s ]
INFO: [ app_begin ] --END-- [ RunTime:0.001000s ]
SQL: SHOW COLUMNS FROM `weijuer_videos` [ RunTime:0.0600s ]
NOTIC: [8] Undefined variable: map I:\web\thinkphp\Application\Mobile\Controller\NewsController.class.php 第 27 行.
SQL: SELECT * FROM `weijuer_videos` ORDER BY regdate desc LIMIT 10   [ RunTime:0.0080s ]

[ 2015-12-14T08:53:23+08:00 ] 192.168.1.100 /mobile.php/News/getVideo?vid=6
INFO: [ app_init ] --START--
INFO: Run Behavior\BuildLiteBehavior [ RunTime:0.000000s ]
INFO: [ app_init ] --END-- [ RunTime:0.001000s ]
INFO: [ app_begin ] --START--
INFO: Run Behavior\ReadHtmlCacheBehavior [ RunTime:0.001000s ]
INFO: [ app_begin ] --END-- [ RunTime:0.002000s ]
SQL: SHOW COLUMNS FROM `weijuer_videos` [ RunTime:0.0280s ]
SQL: SELECT * FROM `weijuer_videos` WHERE `vid` = 6 LIMIT 1   [ RunTime:0.0590s ]

[ 2015-12-14T08:53:25+08:00 ] 192.168.1.100 /mobile.php/News/playListContent?vid=
INFO: [ app_init ] --START--
INFO: Run Behavior\BuildLiteBehavior [ RunTime:0.000000s ]
INFO: [ app_init ] --END-- [ RunTime:0.001000s ]
INFO: [ app_begin ] --START--
INFO: Run Behavior\ReadHtmlCacheBehavior [ RunTime:0.001001s ]
INFO: [ app_begin ] --END-- [ RunTime:0.001001s ]
ERR: 非法操作:playListContent

[ 2015-12-14T08:53:27+08:00 ] 192.168.1.100 /mobile.php/News/getRelatedList?kind=&age=2015
INFO: [ app_init ] --START--
INFO: Run Behavior\BuildLiteBehavior [ RunTime:0.000000s ]
INFO: [ app_init ] --END-- [ RunTime:0.001001s ]
INFO: [ app_begin ] --START--
INFO: Run Behavior\ReadHtmlCacheBehavior [ RunTime:0.001000s ]
INFO: [ app_begin ] --END-- [ RunTime:0.001000s ]
SQL: SHOW COLUMNS FROM `weijuer_videos` [ RunTime:0.0040s ]
SQL: SELECT * FROM `weijuer_videos` WHERE `age` = '2015' ORDER BY regdate desc LIMIT 10   [ RunTime:0.0430s ]

[ 2015-12-14T08:56:28+08:00 ] 192.168.1.100 /mobile.php/News/getVideo?vid=5
INFO: [ app_init ] --START--
INFO: Run Behavior\BuildLiteBehavior [ RunTime:0.000000s ]
INFO: [ app_init ] --END-- [ RunTime:0.001000s ]
INFO: [ app_begin ] --START--
INFO: Run Behavior\ReadHtmlCacheBehavior [ RunTime:0.001000s ]
INFO: [ app_begin ] --END-- [ RunTime:0.001000s ]
SQL: SHOW COLUMNS FROM `weijuer_videos` [ RunTime:0.0050s ]
SQL: SELECT * FROM `weijuer_videos` WHERE `vid` = 5 LIMIT 1   [ RunTime:0.0010s ]

[ 2015-12-14T08:56:32+08:00 ] 192.168.1.100 /mobile.php/News/playListContent?vid=
INFO: [ app_init ] --START--
INFO: Run Behavior\BuildLiteBehavior [ RunTime:0.000000s ]
INFO: [ app_init ] --END-- [ RunTime:0.001000s ]
INFO: [ app_begin ] --START--
INFO: Run Behavior\ReadHtmlCacheBehavior [ RunTime:0.001000s ]
INFO: [ app_begin ] --END-- [ RunTime:0.001000s ]
ERR: 非法操作:playListContent

[ 2015-12-14T08:56:34+08:00 ] 192.168.1.100 /mobile.php/News/getRelatedList?kind=&age=2015
INFO: [ app_init ] --START--
INFO: Run Behavior\BuildLiteBehavior [ RunTime:0.000000s ]
INFO: [ app_init ] --END-- [ RunTime:0.001000s ]
INFO: [ app_begin ] --START--
INFO: Run Behavior\ReadHtmlCacheBehavior [ RunTime:0.001000s ]
INFO: [ app_begin ] --END-- [ RunTime:0.002000s ]
SQL: SHOW COLUMNS FROM `weijuer_videos` [ RunTime:0.0030s ]
SQL: SELECT * FROM `weijuer_videos` WHERE `age` = '2015' ORDER BY regdate desc LIMIT 10   [ RunTime:0.0010s ]

[ 2015-12-14T09:24:08+08:00 ] 192.168.1.100 /mobile.php/News/getVideo?vid=5
INFO: [ app_init ] --START--
INFO: Run Behavior\BuildLiteBehavior [ RunTime:0.000000s ]
INFO: [ app_init ] --END-- [ RunTime:0.001000s ]
INFO: [ app_begin ] --START--
INFO: Run Behavior\ReadHtmlCacheBehavior [ RunTime:0.001000s ]
INFO: [ app_begin ] --END-- [ RunTime:0.001000s ]
SQL: SHOW COLUMNS FROM `weijuer_videos` [ RunTime:0.0060s ]
SQL: SELECT * FROM `weijuer_videos` WHERE `vid` = 5 LIMIT 1   [ RunTime:0.0010s ]

[ 2015-12-14T10:00:24+08:00 ] 192.168.1.100 /mobile.php/News/getVideo?vid=4
INFO: [ app_init ] --START--
INFO: Run Behavior\BuildLiteBehavior [ RunTime:0.000000s ]
INFO: [ app_init ] --END-- [ RunTime:0.003000s ]
INFO: [ app_begin ] --START--
INFO: Run Behavior\ReadHtmlCacheBehavior [ RunTime:0.001000s ]
INFO: [ app_begin ] --END-- [ RunTime:0.001000s ]
SQL: SHOW COLUMNS FROM `weijuer_videos` [ RunTime:0.0640s ]
SQL: SELECT * FROM `weijuer_videos` WHERE `vid` = 4 LIMIT 1   [ RunTime:0.0010s ]

[ 2015-12-14T10:00:31+08:00 ] 192.168.1.100 /mobile.php/News/getVideo?vid=5
INFO: [ app_init ] --START--
INFO: Run Behavior\BuildLiteBehavior [ RunTime:0.000000s ]
INFO: [ app_init ] --END-- [ RunTime:0.001000s ]
INFO: [ app_begin ] --START--
INFO: Run Behavior\ReadHtmlCacheBehavior [ RunTime:0.001000s ]
INFO: [ app_begin ] --END-- [ RunTime:0.002000s ]
SQL: SHOW COLUMNS FROM `weijuer_videos` [ RunTime:0.0090s ]
SQL: SELECT * FROM `weijuer_videos` WHERE `vid` = 5 LIMIT 1   [ RunTime:0.0000s ]

[ 2015-12-14T10:03:14+08:00 ] 192.168.1.100 /mobile.php/News/getVideoList
INFO: [ app_init ] --START--
INFO: Run Behavior\BuildLiteBehavior [ RunTime:0.000000s ]
INFO: [ app_init ] --END-- [ RunTime:0.001000s ]
INFO: [ app_begin ] --START--
INFO: Run Behavior\ReadHtmlCacheBehavior [ RunTime:0.002000s ]
INFO: [ app_begin ] --END-- [ RunTime:0.002000s ]
SQL: SHOW COLUMNS FROM `weijuer_videos` [ RunTime:0.0310s ]
NOTIC: [8] Undefined variable: map I:\web\thinkphp\Application\Mobile\Controller\NewsController.class.php 第 27 行.
SQL: SELECT * FROM `weijuer_videos` ORDER BY regdate desc LIMIT 10   [ RunTime:0.1780s ]

[ 2015-12-14T10:03:33+08:00 ] 192.168.1.100 /mobile.php/News/getVideoList
INFO: [ app_init ] --START--
INFO: Run Behavior\BuildLiteBehavior [ RunTime:0.000000s ]
INFO: [ app_init ] --END-- [ RunTime:0.000000s ]
INFO: [ app_begin ] --START--
INFO: Run Behavior\ReadHtmlCacheBehavior [ RunTime:0.000000s ]
INFO: [ app_begin ] --END-- [ RunTime:0.000000s ]
SQL: SHOW COLUMNS FROM `weijuer_videos` [ RunTime:0.0050s ]
NOTIC: [8] Undefined variable: map I:\web\thinkphp\Application\Mobile\Controller\NewsController.class.php 第 27 行.
SQL: SELECT * FROM `weijuer_videos` ORDER BY regdate desc LIMIT 10   [ RunTime:0.0010s ]

[ 2015-12-14T10:46:51+08:00 ] 192.168.1.100 /mobile.php/News/getVideoList
INFO: [ app_init ] --START--
INFO: Run Behavior\BuildLiteBehavior [ RunTime:0.000000s ]
INFO: [ app_init ] --END-- [ RunTime:0.003000s ]
INFO: [ app_begin ] --START--
INFO: Run Behavior\ReadHtmlCacheBehavior [ RunTime:0.001000s ]
INFO: [ app_begin ] --END-- [ RunTime:0.001000s ]
SQL: SHOW COLUMNS FROM `weijuer_videos` [ RunTime:0.1970s ]
NOTIC: [8] Undefined variable: map I:\web\thinkphp\Application\Mobile\Controller\NewsController.class.php 第 27 行.
SQL: SELECT * FROM `weijuer_videos` ORDER BY regdate desc LIMIT 10   [ RunTime:0.1300s ]

[ 2015-12-14T10:50:29+08:00 ] 192.168.1.100 /mobile.php/News/getVideo?vid=6
INFO: [ app_init ] --START--
INFO: Run Behavior\BuildLiteBehavior [ RunTime:0.000000s ]
INFO: [ app_init ] --END-- [ RunTime:0.000000s ]
INFO: [ app_begin ] --START--
INFO: Run Behavior\ReadHtmlCacheBehavior [ RunTime:0.002000s ]
INFO: [ app_begin ] --END-- [ RunTime:0.002000s ]
SQL: SHOW COLUMNS FROM `weijuer_videos` [ RunTime:0.0130s ]
SQL: SELECT * FROM `weijuer_videos` WHERE `vid` = 6 LIMIT 1   [ RunTime:0.1060s ]

[ 2015-12-14T10:50:33+08:00 ] 192.168.1.100 /mobile.php/News/playListContent?vid=
INFO: [ app_init ] --START--
INFO: Run Behavior\BuildLiteBehavior [ RunTime:0.000000s ]
INFO: [ app_init ] --END-- [ RunTime:0.001000s ]
INFO: [ app_begin ] --START--
INFO: Run Behavior\ReadHtmlCacheBehavior [ RunTime:0.001000s ]
INFO: [ app_begin ] --END-- [ RunTime:0.001000s ]
ERR: 非法操作:playListContent

[ 2015-12-14T10:50:34+08:00 ] 192.168.1.100 /mobile.php/News/getRelatedList?kind=&age=2015
INFO: [ app_init ] --START--
INFO: Run Behavior\BuildLiteBehavior [ RunTime:0.000000s ]
INFO: [ app_init ] --END-- [ RunTime:0.001001s ]
INFO: [ app_begin ] --START--
INFO: Run Behavior\ReadHtmlCacheBehavior [ RunTime:0.002000s ]
INFO: [ app_begin ] --END-- [ RunTime:0.002000s ]
SQL: SHOW COLUMNS FROM `weijuer_videos` [ RunTime:0.0560s ]
SQL: SELECT * FROM `weijuer_videos` WHERE `age` = '2015' ORDER BY regdate desc LIMIT 10   [ RunTime:0.0170s ]

[ 2015-12-14T11:43:05+08:00 ] 192.168.1.100 /mobile.php/News/getVideoList
INFO: [ app_init ] --START--
INFO: Run Behavior\BuildLiteBehavior [ RunTime:0.000000s ]
INFO: [ app_init ] --END-- [ RunTime:0.001000s ]
INFO: [ app_begin ] --START--
INFO: Run Behavior\ReadHtmlCacheBehavior [ RunTime:0.001000s ]
INFO: [ app_begin ] --END-- [ RunTime:0.001000s ]
SQL: SHOW COLUMNS FROM `weijuer_videos` [ RunTime:0.0090s ]
NOTIC: [8] Undefined variable: map I:\web\thinkphp\Application\Mobile\Controller\NewsController.class.php 第 27 行.
SQL: SELECT * FROM `weijuer_videos` ORDER BY regdate desc LIMIT 10   [ RunTime:0.0010s ]

[ 2015-12-14T11:43:30+08:00 ] 192.168.1.100 /mobile.php/News/getVideoList
INFO: [ app_init ] --START--
INFO: Run Behavior\BuildLiteBehavior [ RunTime:0.000000s ]
INFO: [ app_init ] --END-- [ RunTime:0.001000s ]
INFO: [ app_begin ] --START--
INFO: Run Behavior\ReadHtmlCacheBehavior [ RunTime:0.001000s ]
INFO: [ app_begin ] --END-- [ RunTime:0.001000s ]
SQL: SHOW COLUMNS FROM `weijuer_videos` [ RunTime:0.0140s ]
NOTIC: [8] Undefined variable: map I:\web\thinkphp\Application\Mobile\Controller\NewsController.class.php 第 27 行.
SQL: SELECT * FROM `weijuer_videos` ORDER BY regdate desc LIMIT 10   [ RunTime:0.0010s ]

[ 2015-12-14T11:44:08+08:00 ] 192.168.1.100 /mobile.php/News/getVideoList
INFO: [ app_init ] --START--
INFO: Run Behavior\BuildLiteBehavior [ RunTime:0.000000s ]
INFO: [ app_init ] --END-- [ RunTime:0.001000s ]
INFO: [ app_begin ] --START--
INFO: Run Behavior\ReadHtmlCacheBehavior [ RunTime:0.001000s ]
INFO: [ app_begin ] --END-- [ RunTime:0.001000s ]
SQL: SHOW COLUMNS FROM `weijuer_videos` [ RunTime:0.0090s ]
NOTIC: [8] Undefined variable: map I:\web\thinkphp\Application\Mobile\Controller\NewsController.class.php 第 27 行.
SQL: SELECT * FROM `weijuer_videos` ORDER BY regdate desc LIMIT 10   [ RunTime:0.0010s ]

[ 2015-12-14T11:46:17+08:00 ] 192.168.1.100 /mobile.php/News/getVideoList
INFO: [ app_init ] --START--
INFO: Run Behavior\BuildLiteBehavior [ RunTime:0.000000s ]
INFO: [ app_init ] --END-- [ RunTime:0.000000s ]
INFO: [ app_begin ] --START--
INFO: Run Behavior\ReadHtmlCacheBehavior [ RunTime:0.000000s ]
INFO: [ app_begin ] --END-- [ RunTime:0.001000s ]
SQL: SHOW COLUMNS FROM `weijuer_videos` [ RunTime:0.0150s ]
NOTIC: [8] Undefined variable: map I:\web\thinkphp\Application\Mobile\Controller\NewsController.class.php 第 27 行.
SQL: SELECT * FROM `weijuer_videos` ORDER BY regdate desc LIMIT 10   [ RunTime:0.0010s ]

[ 2015-12-14T11:50:05+08:00 ] 192.168.1.100 /mobile.php/News/getVideoList
INFO: [ app_init ] --START--
INFO: Run Behavior\BuildLiteBehavior [ RunTime:0.000000s ]
INFO: [ app_init ] --END-- [ RunTime:0.001000s ]
INFO: [ app_begin ] --START--
INFO: Run Behavior\ReadHtmlCacheBehavior [ RunTime:0.001000s ]
INFO: [ app_begin ] --END-- [ RunTime:0.001000s ]
SQL: SHOW COLUMNS FROM `weijuer_videos` [ RunTime:0.0040s ]
NOTIC: [8] Undefined variable: map I:\web\thinkphp\Application\Mobile\Controller\NewsController.class.php 第 27 行.
SQL: SELECT * FROM `weijuer_videos` ORDER BY regdate desc LIMIT 10   [ RunTime:0.0010s ]

[ 2015-12-14T11:55:45+08:00 ] 192.168.1.100 /mobile.php/News/getVideoList
INFO: [ app_init ] --START--
INFO: Run Behavior\BuildLiteBehavior [ RunTime:0.000000s ]
INFO: [ app_init ] --END-- [ RunTime:0.001000s ]
INFO: [ app_begin ] --START--
INFO: Run Behavior\ReadHtmlCacheBehavior [ RunTime:0.000000s ]
INFO: [ app_begin ] --END-- [ RunTime:0.000000s ]
SQL: SHOW COLUMNS FROM `weijuer_videos` [ RunTime:0.0120s ]
NOTIC: [8] Undefined variable: map I:\web\thinkphp\Application\Mobile\Controller\NewsController.class.php 第 27 行.
SQL: SELECT * FROM `weijuer_videos` ORDER BY regdate desc LIMIT 10   [ RunTime:0.0000s ]

[ 2015-12-14T12:00:57+08:00 ] 192.168.1.100 /mobile.php/News/getVideoList
INFO: [ app_init ] --START--
INFO: Run Behavior\BuildLiteBehavior [ RunTime:0.000000s ]
INFO: [ app_init ] --END-- [ RunTime:0.001001s ]
INFO: [ app_begin ] --START--
INFO: Run Behavior\ReadHtmlCacheBehavior [ RunTime:0.002000s ]
INFO: [ app_begin ] --END-- [ RunTime:0.002000s ]
SQL: SHOW COLUMNS FROM `weijuer_videos` [ RunTime:0.0180s ]
NOTIC: [8] Undefined variable: map I:\web\thinkphp\Application\Mobile\Controller\NewsController.class.php 第 27 行.
SQL: SELECT * FROM `weijuer_videos` ORDER BY regdate desc LIMIT 10   [ RunTime:0.0020s ]

[ 2015-12-14T12:03:23+08:00 ] 192.168.1.100 /mobile.php/News/getVideoList
INFO: [ app_init ] --START--
INFO: Run Behavior\BuildLiteBehavior [ RunTime:0.000000s ]
INFO: [ app_init ] --END-- [ RunTime:0.001000s ]
INFO: [ app_begin ] --START--
INFO: Run Behavior\ReadHtmlCacheBehavior [ RunTime:0.002000s ]
INFO: [ app_begin ] --END-- [ RunTime:0.002000s ]
SQL: SHOW COLUMNS FROM `weijuer_videos` [ RunTime:0.0030s ]
NOTIC: [8] Undefined variable: map I:\web\thinkphp\Application\Mobile\Controller\NewsController.class.php 第 27 行.
SQL: SELECT * FROM `weijuer_videos` ORDER BY regdate desc LIMIT 10   [ RunTime:0.0010s ]

[ 2015-12-14T12:03:29+08:00 ] 192.168.1.100 /mobile.php/News/getVideo?vid=5
INFO: [ app_init ] --START--
INFO: Run Behavior\BuildLiteBehavior [ RunTime:0.000000s ]
INFO: [ app_init ] --END-- [ RunTime:0.001001s ]
INFO: [ app_begin ] --START--
INFO: Run Behavior\ReadHtmlCacheBehavior [ RunTime:0.001000s ]
INFO: [ app_begin ] --END-- [ RunTime:0.002000s ]
SQL: SHOW COLUMNS FROM `weijuer_videos` [ RunTime:0.0200s ]
SQL: SELECT * FROM `weijuer_videos` WHERE `vid` = 5 LIMIT 1   [ RunTime:0.0270s ]

[ 2015-12-14T12:03:32+08:00 ] 192.168.1.100 /mobile.php/News/getVideo?vid=6
INFO: [ app_init ] --START--
INFO: Run Behavior\BuildLiteBehavior [ RunTime:0.000000s ]
INFO: [ app_init ] --END-- [ RunTime:0.001000s ]
INFO: [ app_begin ] --START--
INFO: Run Behavior\ReadHtmlCacheBehavior [ RunTime:0.001000s ]
INFO: [ app_begin ] --END-- [ RunTime:0.001000s ]
SQL: SHOW COLUMNS FROM `weijuer_videos` [ RunTime:0.0150s ]
SQL: SELECT * FROM `weijuer_videos` WHERE `vid` = 6 LIMIT 1   [ RunTime:0.0000s ]

[ 2015-12-14T14:01:06+08:00 ] 192.168.1.100 /mobile.php/News/getVideoList
INFO: [ app_init ] --START--
INFO: Run Behavior\BuildLiteBehavior [ RunTime:0.000000s ]
INFO: [ app_init ] --END-- [ RunTime:0.000000s ]
INFO: [ app_begin ] --START--
INFO: Run Behavior\ReadHtmlCacheBehavior [ RunTime:0.001000s ]
INFO: [ app_begin ] --END-- [ RunTime:0.001000s ]
SQL: SHOW COLUMNS FROM `weijuer_videos` [ RunTime:0.0050s ]
NOTIC: [8] Undefined variable: map I:\web\thinkphp\Application\Mobile\Controller\NewsController.class.php 第 27 行.
SQL: SELECT * FROM `weijuer_videos` ORDER BY regdate desc LIMIT 10   [ RunTime:0.0020s ]

[ 2015-12-14T14:01:29+08:00 ] 192.168.1.100 /mobile.php/News/getVideo?vid=5
INFO: [ app_init ] --START--
INFO: Run Behavior\BuildLiteBehavior [ RunTime:0.000000s ]
INFO: [ app_init ] --END-- [ RunTime:0.001000s ]
INFO: [ app_begin ] --START--
INFO: Run Behavior\ReadHtmlCacheBehavior [ RunTime:0.001000s ]
INFO: [ app_begin ] --END-- [ RunTime:0.002000s ]
SQL: SHOW COLUMNS FROM `weijuer_videos` [ RunTime:0.0070s ]
SQL: SELECT * FROM `weijuer_videos` WHERE `vid` = 5 LIMIT 1   [ RunTime:0.0010s ]

[ 2015-12-14T14:15:19+08:00 ] 192.168.1.100 /mobile.php/News/getVideoList
INFO: [ app_init ] --START--
INFO: Run Behavior\BuildLiteBehavior [ RunTime:0.000000s ]
INFO: [ app_init ] --END-- [ RunTime:0.001000s ]
INFO: [ app_begin ] --START--
INFO: Run Behavior\ReadHtmlCacheBehavior [ RunTime:0.001000s ]
INFO: [ app_begin ] --END-- [ RunTime:0.001000s ]
SQL: SHOW COLUMNS FROM `weijuer_videos` [ RunTime:0.0240s ]
NOTIC: [8] Undefined variable: map I:\web\thinkphp\Application\Mobile\Controller\NewsController.class.php 第 27 行.
SQL: SELECT * FROM `weijuer_videos` ORDER BY regdate desc LIMIT 10   [ RunTime:0.0010s ]

[ 2015-12-14T14:19:50+08:00 ] 192.168.1.100 /mobile.php/News/getVideo?vid=5
INFO: [ app_init ] --START--
INFO: Run Behavior\BuildLiteBehavior [ RunTime:0.001000s ]
INFO: [ app_init ] --END-- [ RunTime:0.001000s ]
INFO: [ app_begin ] --START--
INFO: Run Behavior\ReadHtmlCacheBehavior [ RunTime:0.001000s ]
INFO: [ app_begin ] --END-- [ RunTime:0.001000s ]
SQL: SHOW COLUMNS FROM `weijuer_videos` [ RunTime:0.0060s ]
SQL: SELECT * FROM `weijuer_videos` WHERE `vid` = 5 LIMIT 1   [ RunTime:0.0000s ]

[ 2015-12-14T15:04:41+08:00 ] 192.168.1.100 /mobile.php/News/getVideoList
INFO: [ app_init ] --START--
INFO: Run Behavior\BuildLiteBehavior [ RunTime:0.000000s ]
INFO: [ app_init ] --END-- [ RunTime:0.000000s ]
INFO: [ app_begin ] --START--
INFO: Run Behavior\ReadHtmlCacheBehavior [ RunTime:0.001000s ]
INFO: [ app_begin ] --END-- [ RunTime:0.001000s ]
SQL: SHOW COLUMNS FROM `weijuer_videos` [ RunTime:0.0060s ]
NOTIC: [8] Undefined variable: map I:\web\thinkphp\Application\Mobile\Controller\NewsController.class.php 第 27 行.
SQL: SELECT * FROM `weijuer_videos` ORDER BY regdate desc LIMIT 10   [ RunTime:0.0000s ]

[ 2015-12-14T15:06:48+08:00 ] 192.168.1.100 /mobile.php/News/playListContent?vid=
INFO: [ app_init ] --START--
INFO: Run Behavior\BuildLiteBehavior [ RunTime:0.000000s ]
INFO: [ app_init ] --END-- [ RunTime:0.000000s ]
INFO: [ app_begin ] --START--
INFO: Run Behavior\ReadHtmlCacheBehavior [ RunTime:0.001000s ]
INFO: [ app_begin ] --END-- [ RunTime:0.001000s ]
ERR: 非法操作:playListContent

[ 2015-12-14T15:06:50+08:00 ] 192.168.1.100 /mobile.php/News/getRelatedList?kind=&age=2015
INFO: [ app_init ] --START--
INFO: Run Behavior\BuildLiteBehavior [ RunTime:0.001000s ]
INFO: [ app_init ] --END-- [ RunTime:0.001000s ]
INFO: [ app_begin ] --START--
INFO: Run Behavior\ReadHtmlCacheBehavior [ RunTime:0.001000s ]
INFO: [ app_begin ] --END-- [ RunTime:0.001000s ]
SQL: SHOW COLUMNS FROM `weijuer_videos` [ RunTime:0.0080s ]
SQL: SELECT * FROM `weijuer_videos` WHERE `age` = '2015' ORDER BY regdate desc LIMIT 10   [ RunTime:0.0010s ]

[ 2015-12-14T15:21:44+08:00 ] 192.168.1.100 /mobile.php/News/getVideo?vid=5
INFO: [ app_init ] --START--
INFO: Run Behavior\BuildLiteBehavior [ RunTime:0.001000s ]
INFO: [ app_init ] --END-- [ RunTime:0.002000s ]
INFO: [ app_begin ] --START--
INFO: Run Behavior\ReadHtmlCacheBehavior [ RunTime:0.001000s ]
INFO: [ app_begin ] --END-- [ RunTime:0.002000s ]
SQL: SHOW COLUMNS FROM `weijuer_videos` [ RunTime:0.0170s ]
SQL: SELECT * FROM `weijuer_videos` WHERE `vid` = 5 LIMIT 1   [ RunTime:0.0010s ]

[ 2015-12-14T15:21:50+08:00 ] 192.168.1.100 /mobile.php/News/playListContent?vid=
INFO: [ app_init ] --START--
INFO: Run Behavior\BuildLiteBehavior [ RunTime:0.000000s ]
INFO: [ app_init ] --END-- [ RunTime:0.000000s ]
INFO: [ app_begin ] --START--
INFO: Run Behavior\ReadHtmlCacheBehavior [ RunTime:0.001000s ]
INFO: [ app_begin ] --END-- [ RunTime:0.001000s ]
ERR: 非法操作:playListContent

[ 2015-12-14T15:21:51+08:00 ] 192.168.1.100 /mobile.php/News/getRelatedList?kind=&age=2015
INFO: [ app_init ] --START--
INFO: Run Behavior\BuildLiteBehavior [ RunTime:0.000000s ]
INFO: [ app_init ] --END-- [ RunTime:0.002000s ]
INFO: [ app_begin ] --START--
INFO: Run Behavior\ReadHtmlCacheBehavior [ RunTime:0.001000s ]
INFO: [ app_begin ] --END-- [ RunTime:0.002000s ]
SQL: SHOW COLUMNS FROM `weijuer_videos` [ RunTime:0.0050s ]
SQL: SELECT * FROM `weijuer_videos` WHERE `age` = '2015' ORDER BY regdate desc LIMIT 10   [ RunTime:0.0000s ]

[ 2015-12-14T15:27:45+08:00 ] 192.168.1.100 /mobile.php/News/getVideo?vid=4
INFO: [ app_init ] --START--
INFO: Run Behavior\BuildLiteBehavior [ RunTime:0.000000s ]
INFO: [ app_init ] --END-- [ RunTime:0.002001s ]
INFO: [ app_begin ] --START--
INFO: Run Behavior\ReadHtmlCacheBehavior [ RunTime:0.001000s ]
INFO: [ app_begin ] --END-- [ RunTime:0.002000s ]
SQL: SHOW COLUMNS FROM `weijuer_videos` [ RunTime:0.0060s ]
SQL: SELECT * FROM `weijuer_videos` WHERE `vid` = 4 LIMIT 1   [ RunTime:0.0000s ]

[ 2015-12-14T15:27:47+08:00 ] 192.168.1.100 /mobile.php/News/getRelatedList?kind=&age=2015
INFO: [ app_init ] --START--
INFO: Run Behavior\BuildLiteBehavior [ RunTime:0.000000s ]
INFO: [ app_init ] --END-- [ RunTime:0.001000s ]
INFO: [ app_begin ] --START--
INFO: Run Behavior\ReadHtmlCacheBehavior [ RunTime:0.002000s ]
INFO: [ app_begin ] --END-- [ RunTime:0.002000s ]
SQL: SHOW COLUMNS FROM `weijuer_videos` [ RunTime:0.0050s ]
SQL: SELECT * FROM `weijuer_videos` WHERE `age` = '2015' ORDER BY regdate desc LIMIT 10   [ RunTime:0.0010s ]

[ 2015-12-14T15:27:59+08:00 ] 192.168.1.100 /mobile.php/News/playListContent?vid=
INFO: [ app_init ] --START--
INFO: Run Behavior\BuildLiteBehavior [ RunTime:0.001000s ]
INFO: [ app_init ] --END-- [ RunTime:0.002000s ]
INFO: [ app_begin ] --START--
INFO: Run Behavior\ReadHtmlCacheBehavior [ RunTime:0.001000s ]
INFO: [ app_begin ] --END-- [ RunTime:0.001000s ]
ERR: 非法操作:playListContent

[ 2015-12-14T15:29:17+08:00 ] 192.168.1.100 /mobile.php/News/getVideo?vid=5
INFO: [ app_init ] --START--
INFO: Run Behavior\BuildLiteBehavior [ RunTime:0.000000s ]
INFO: [ app_init ] --END-- [ RunTime:0.001000s ]
INFO: [ app_begin ] --START--
INFO: Run Behavior\ReadHtmlCacheBehavior [ RunTime:0.000000s ]
INFO: [ app_begin ] --END-- [ RunTime:0.000000s ]
SQL: SHOW COLUMNS FROM `weijuer_videos` [ RunTime:0.0060s ]
SQL: SELECT * FROM `weijuer_videos` WHERE `vid` = 5 LIMIT 1   [ RunTime:0.0010s ]

[ 2015-12-14T15:29:20+08:00 ] 192.168.1.100 /mobile.php/News/playListContent?vid=
INFO: [ app_init ] --START--
INFO: Run Behavior\BuildLiteBehavior [ RunTime:0.000000s ]
INFO: [ app_init ] --END-- [ RunTime:0.001000s ]
INFO: [ app_begin ] --START--
INFO: Run Behavior\ReadHtmlCacheBehavior [ RunTime:0.001000s ]
INFO: [ app_begin ] --END-- [ RunTime:0.001000s ]
ERR: 非法操作:playListContent

[ 2015-12-14T15:29:22+08:00 ] 192.168.1.100 /mobile.php/News/getRelatedList?kind=&age=2015
INFO: [ app_init ] --START--
INFO: Run Behavior\BuildLiteBehavior [ RunTime:0.000000s ]
INFO: [ app_init ] --END-- [ RunTime:0.001000s ]
INFO: [ app_begin ] --START--
INFO: Run Behavior\ReadHtmlCacheBehavior [ RunTime:0.001000s ]
INFO: [ app_begin ] --END-- [ RunTime:0.002000s ]
SQL: SHOW COLUMNS FROM `weijuer_videos` [ RunTime:0.0050s ]
SQL: SELECT * FROM `weijuer_videos` WHERE `age` = '2015' ORDER BY regdate desc LIMIT 10   [ RunTime:0.0010s ]

[ 2015-12-14T15:33:18+08:00 ] 192.168.1.100 /mobile.php/News/getVideo?vid=4
INFO: [ app_init ] --START--
INFO: Run Behavior\BuildLiteBehavior [ RunTime:0.000000s ]
INFO: [ app_init ] --END-- [ RunTime:0.001000s ]
INFO: [ app_begin ] --START--
INFO: Run Behavior\ReadHtmlCacheBehavior [ RunTime:0.001000s ]
INFO: [ app_begin ] --END-- [ RunTime:0.002000s ]
SQL: SHOW COLUMNS FROM `weijuer_videos` [ RunTime:0.0090s ]
SQL: SELECT * FROM `weijuer_videos` WHERE `vid` = 4 LIMIT 1   [ RunTime:0.0010s ]

[ 2015-12-14T15:33:20+08:00 ] 192.168.1.100 /mobile.php/News/getRelatedList?kind=&age=2015
INFO: [ app_init ] --START--
INFO: Run Behavior\BuildLiteBehavior [ RunTime:0.000000s ]
INFO: [ app_init ] --END-- [ RunTime:0.001000s ]
INFO: [ app_begin ] --START--
INFO: Run Behavior\ReadHtmlCacheBehavior [ RunTime:0.001000s ]
INFO: [ app_begin ] --END-- [ RunTime:0.002000s ]
SQL: SHOW COLUMNS FROM `weijuer_videos` [ RunTime:0.0060s ]
SQL: SELECT * FROM `weijuer_videos` WHERE `age` = '2015' ORDER BY regdate desc LIMIT 10   [ RunTime:0.0010s ]

[ 2015-12-14T15:34:13+08:00 ] 192.168.1.100 /mobile.php/News/getVideo?vid=5
INFO: [ app_init ] --START--
INFO: Run Behavior\BuildLiteBehavior [ RunTime:0.000000s ]
INFO: [ app_init ] --END-- [ RunTime:0.002001s ]
INFO: [ app_begin ] --START--
INFO: Run Behavior\ReadHtmlCacheBehavior [ RunTime:0.002000s ]
INFO: [ app_begin ] --END-- [ RunTime:0.003000s ]
SQL: SHOW COLUMNS FROM `weijuer_videos` [ RunTime:0.0060s ]
SQL: SELECT * FROM `weijuer_videos` WHERE `vid` = 5 LIMIT 1   [ RunTime:0.0010s ]

[ 2015-12-14T15:34:32+08:00 ] 192.168.1.100 /mobile.php/News/getVideo?vid=4
INFO: [ app_init ] --START--
INFO: Run Behavior\BuildLiteBehavior [ RunTime:0.000000s ]
INFO: [ app_init ] --END-- [ RunTime:0.001000s ]
INFO: [ app_begin ] --START--
INFO: Run Behavior\ReadHtmlCacheBehavior [ RunTime:0.001000s ]
INFO: [ app_begin ] --END-- [ RunTime:0.001000s ]
SQL: SHOW COLUMNS FROM `weijuer_videos` [ RunTime:0.0060s ]
SQL: SELECT * FROM `weijuer_videos` WHERE `vid` = 4 LIMIT 1   [ RunTime:0.0000s ]

[ 2015-12-14T15:34:34+08:00 ] 192.168.1.100 /mobile.php/News/playListContent?vid=
INFO: [ app_init ] --START--
INFO: Run Behavior\BuildLiteBehavior [ RunTime:0.000000s ]
INFO: [ app_init ] --END-- [ RunTime:0.002001s ]
INFO: [ app_begin ] --START--
INFO: Run Behavior\ReadHtmlCacheBehavior [ RunTime:0.001000s ]
INFO: [ app_begin ] --END-- [ RunTime:0.001000s ]
ERR: 非法操作:playListContent

[ 2015-12-14T15:34:34+08:00 ] 192.168.1.100 /mobile.php/News/getRelatedList?kind=&age=2015
INFO: [ app_init ] --START--
INFO: Run Behavior\BuildLiteBehavior [ RunTime:0.000000s ]
INFO: [ app_init ] --END-- [ RunTime:0.001000s ]
INFO: [ app_begin ] --START--
INFO: Run Behavior\ReadHtmlCacheBehavior [ RunTime:0.001000s ]
INFO: [ app_begin ] --END-- [ RunTime:0.001000s ]
SQL: SHOW COLUMNS FROM `weijuer_videos` [ RunTime:0.0180s ]
SQL: SELECT * FROM `weijuer_videos` WHERE `age` = '2015' ORDER BY regdate desc LIMIT 10   [ RunTime:0.0010s ]

[ 2015-12-14T15:54:31+08:00 ] 192.168.1.100 /mobile.php/News/getVideo?vid=4
INFO: [ app_init ] --START--
INFO: Run Behavior\BuildLiteBehavior [ RunTime:0.000000s ]
INFO: [ app_init ] --END-- [ RunTime:0.001000s ]
INFO: [ app_begin ] --START--
INFO: Run Behavior\ReadHtmlCacheBehavior [ RunTime:0.000000s ]
INFO: [ app_begin ] --END-- [ RunTime:0.001000s ]
SQL: SHOW COLUMNS FROM `weijuer_videos` [ RunTime:0.0040s ]
SQL: SELECT * FROM `weijuer_videos` WHERE `vid` = 4 LIMIT 1   [ RunTime:0.0010s ]

[ 2015-12-14T15:54:33+08:00 ] 192.168.1.100 /mobile.php/News/getRelatedList?kind=&age=2015
INFO: [ app_init ] --START--
INFO: Run Behavior\BuildLiteBehavior [ RunTime:0.000000s ]
INFO: [ app_init ] --END-- [ RunTime:0.001000s ]
INFO: [ app_begin ] --START--
INFO: Run Behavior\ReadHtmlCacheBehavior [ RunTime:0.001000s ]
INFO: [ app_begin ] --END-- [ RunTime:0.001000s ]
SQL: SHOW COLUMNS FROM `weijuer_videos` [ RunTime:0.0100s ]
SQL: SELECT * FROM `weijuer_videos` WHERE `age` = '2015' ORDER BY regdate desc LIMIT 10   [ RunTime:0.0010s ]

[ 2015-12-14T15:56:35+08:00 ] 192.168.1.100 /mobile.php/News/getVideo?vid=3
INFO: [ app_init ] --START--
INFO: Run Behavior\BuildLiteBehavior [ RunTime:0.000000s ]
INFO: [ app_init ] --END-- [ RunTime:0.001001s ]
INFO: [ app_begin ] --START--
INFO: Run Behavior\ReadHtmlCacheBehavior [ RunTime:0.003000s ]
INFO: [ app_begin ] --END-- [ RunTime:0.003000s ]
SQL: SHOW COLUMNS FROM `weijuer_videos` [ RunTime:0.0060s ]
SQL: SELECT * FROM `weijuer_videos` WHERE `vid` = 3 LIMIT 1   [ RunTime:0.0000s ]

[ 2015-12-14T15:58:05+08:00 ] 192.168.1.100 /mobile.php/News/getVideo?vid=2
INFO: [ app_init ] --START--
INFO: Run Behavior\BuildLiteBehavior [ RunTime:0.000000s ]
INFO: [ app_init ] --END-- [ RunTime:0.001000s ]
INFO: [ app_begin ] --START--
INFO: Run Behavior\ReadHtmlCacheBehavior [ RunTime:0.001000s ]
INFO: [ app_begin ] --END-- [ RunTime:0.001000s ]
SQL: SHOW COLUMNS FROM `weijuer_videos` [ RunTime:0.0060s ]
SQL: SELECT * FROM `weijuer_videos` WHERE `vid` = 2 LIMIT 1   [ RunTime:0.0000s ]

[ 2015-12-14T15:58:28+08:00 ] 192.168.1.100 /mobile.php/News/getVideo?vid=3
INFO: [ app_init ] --START--
INFO: Run Behavior\BuildLiteBehavior [ RunTime:0.000000s ]
INFO: [ app_init ] --END-- [ RunTime:0.001000s ]
INFO: [ app_begin ] --START--
INFO: Run Behavior\ReadHtmlCacheBehavior [ RunTime:0.001000s ]
INFO: [ app_begin ] --END-- [ RunTime:0.001000s ]
SQL: SHOW COLUMNS FROM `weijuer_videos` [ RunTime:0.0040s ]
SQL: SELECT * FROM `weijuer_videos` WHERE `vid` = 3 LIMIT 1   [ RunTime:0.0010s ]

[ 2015-12-14T15:58:30+08:00 ] 192.168.1.100 /mobile.php/News/playListContent?vid=
INFO: [ app_init ] --START--
INFO: Run Behavior\BuildLiteBehavior [ RunTime:0.000000s ]
INFO: [ app_init ] --END-- [ RunTime:0.002000s ]
INFO: [ app_begin ] --START--
INFO: Run Behavior\ReadHtmlCacheBehavior [ RunTime:0.001000s ]
INFO: [ app_begin ] --END-- [ RunTime:0.001000s ]
ERR: 非法操作:playListContent

[ 2015-12-14T16:01:42+08:00 ] 192.168.1.100 /mobile.php/User/checkRegister
INFO: [ app_init ] --START--
INFO: Run Behavior\BuildLiteBehavior [ RunTime:0.000000s ]
INFO: [ app_init ] --END-- [ RunTime:0.000000s ]
INFO: [ app_begin ] --START--
INFO: Run Behavior\ReadHtmlCacheBehavior [ RunTime:0.002000s ]
INFO: [ app_begin ] --END-- [ RunTime:0.003000s ]
SQL: SHOW COLUMNS FROM `weijuer_users` [ RunTime:0.3550s ]
SQL: SELECT * FROM `weijuer_users` WHERE `username` = 'weijuer' LIMIT 1   [ RunTime:0.0220s ]
INFO: [ app_end ] --START--
INFO: Run Behavior\ShowPageTraceBehavior [ RunTime:0.001000s ]
INFO: [ app_end ] --END-- [ RunTime:0.001000s ]

[ 2015-12-14T16:01:53+08:00 ] 192.168.1.100 /mobile.php/User/checkLogin
INFO: [ app_init ] --START--
INFO: Run Behavior\BuildLiteBehavior [ RunTime:0.000000s ]
INFO: [ app_init ] --END-- [ RunTime:0.001000s ]
INFO: [ app_begin ] --START--
INFO: Run Behavior\ReadHtmlCacheBehavior [ RunTime:0.003001s ]
INFO: [ app_begin ] --END-- [ RunTime:0.003001s ]
NOTIC: [8] Undefined variable: SESSION I:\web\thinkphp\Application\Mobile\Controller\UserController.class.php 第 46 行.
SQL: SHOW COLUMNS FROM `weijuer_users` [ RunTime:0.0060s ]
SQL: SELECT * FROM `weijuer_users` WHERE `username` = 'weijuer' AND `password` = '123456' LIMIT 1   [ RunTime:0.0090s ]
INFO: [ app_end ] --START--
INFO: Run Behavior\ShowPageTraceBehavior [ RunTime:0.001000s ]
INFO: [ app_end ] --END-- [ RunTime:0.002000s ]

[ 2015-12-14T16:01:54+08:00 ] 192.168.1.100 /mobile.php/News/getVideoList
INFO: [ app_init ] --START--
INFO: Run Behavior\BuildLiteBehavior [ RunTime:0.000000s ]
INFO: [ app_init ] --END-- [ RunTime:0.001000s ]
INFO: [ app_begin ] --START--
INFO: Run Behavior\ReadHtmlCacheBehavior [ RunTime:0.001000s ]
INFO: [ app_begin ] --END-- [ RunTime:0.001000s ]
SQL: SHOW COLUMNS FROM `weijuer_videos` [ RunTime:0.0030s ]
NOTIC: [8] Undefined variable: map I:\web\thinkphp\Application\Mobile\Controller\NewsController.class.php 第 27 行.
SQL: SELECT * FROM `weijuer_videos` ORDER BY regdate desc LIMIT 10   [ RunTime:0.0000s ]

[ 2015-12-14T16:03:01+08:00 ] 192.168.1.100 /mobile.php/User/checkLogin
INFO: [ app_init ] --START--
INFO: Run Behavior\BuildLiteBehavior [ RunTime:0.000000s ]
INFO: [ app_init ] --END-- [ RunTime:0.001000s ]
INFO: [ app_begin ] --START--
INFO: Run Behavior\ReadHtmlCacheBehavior [ RunTime:0.001000s ]
INFO: [ app_begin ] --END-- [ RunTime:0.001000s ]
NOTIC: [8] Undefined variable: SESSION I:\web\thinkphp\Application\Mobile\Controller\UserController.class.php 第 46 行.
SQL: SHOW COLUMNS FROM `weijuer_users` [ RunTime:0.0050s ]
SQL: SELECT * FROM `weijuer_users` WHERE `username` = 'weijuer' AND `password` = '123456' LIMIT 1   [ RunTime:0.0000s ]
INFO: [ app_end ] --START--
INFO: Run Behavior\ShowPageTraceBehavior [ RunTime:0.001000s ]
INFO: [ app_end ] --END-- [ RunTime:0.001000s ]

[ 2015-12-14T16:08:42+08:00 ] 192.168.1.100 /mobile.php/User/checkLogin
INFO: [ app_init ] --START--
INFO: Run Behavior\BuildLiteBehavior [ RunTime:0.000000s ]
INFO: [ app_init ] --END-- [ RunTime:0.003001s ]
INFO: [ app_begin ] --START--
INFO: Run Behavior\ReadHtmlCacheBehavior [ RunTime:0.001000s ]
INFO: [ app_begin ] --END-- [ RunTime:0.001000s ]
NOTIC: [8] Undefined variable: SESSION I:\web\thinkphp\Application\Mobile\Controller\UserController.class.php 第 46 行.
SQL: SHOW COLUMNS FROM `weijuer_users` [ RunTime:0.0050s ]
SQL: SELECT * FROM `weijuer_users` WHERE `username` = 'weijuer' AND `password` = '123456' LIMIT 1   [ RunTime:0.0010s ]
INFO: [ app_end ] --START--
INFO: Run Behavior\ShowPageTraceBehavior [ RunTime:0.001001s ]
INFO: [ app_end ] --END-- [ RunTime:0.001001s ]

[ 2015-12-14T16:09:02+08:00 ] 192.168.1.100 /mobile.php/News/getVideo?vid=6
INFO: [ app_init ] --START--
INFO: Run Behavior\BuildLiteBehavior [ RunTime:0.000000s ]
INFO: [ app_init ] --END-- [ RunTime:0.000000s ]
INFO: [ app_begin ] --START--
INFO: Run Behavior\ReadHtmlCacheBehavior [ RunTime:0.001000s ]
INFO: [ app_begin ] --END-- [ RunTime:0.001000s ]
SQL: SHOW COLUMNS FROM `weijuer_videos` [ RunTime:0.0060s ]
SQL: SELECT * FROM `weijuer_videos` WHERE `vid` = 6 LIMIT 1   [ RunTime:0.0010s ]

[ 2015-12-14T16:09:06+08:00 ] 192.168.1.100 /mobile.php/News/getRelatedList?kind=&age=2015
INFO: [ app_init ] --START--
INFO: Run Behavior\BuildLiteBehavior [ RunTime:0.000000s ]
INFO: [ app_init ] --END-- [ RunTime:0.002000s ]
INFO: [ app_begin ] --START--
INFO: Run Behavior\ReadHtmlCacheBehavior [ RunTime:0.001000s ]
INFO: [ app_begin ] --END-- [ RunTime:0.002000s ]
SQL: SHOW COLUMNS FROM `weijuer_videos` [ RunTime:0.0040s ]
SQL: SELECT * FROM `weijuer_videos` WHERE `age` = '2015' ORDER BY regdate desc LIMIT 10   [ RunTime:0.0010s ]

[ 2015-12-14T16:11:24+08:00 ] 192.168.1.100 /mobile.php/News/getVideoList
INFO: [ app_init ] --START--
INFO: Run Behavior\BuildLiteBehavior [ RunTime:0.000000s ]
INFO: [ app_init ] --END-- [ RunTime:0.001000s ]
INFO: [ app_begin ] --START--
INFO: Run Behavior\ReadHtmlCacheBehavior [ RunTime:0.001000s ]
INFO: [ app_begin ] --END-- [ RunTime:0.001000s ]
SQL: SHOW COLUMNS FROM `weijuer_videos` [ RunTime:0.0040s ]
NOTIC: [8] Undefined variable: map I:\web\thinkphp\Application\Mobile\Controller\NewsController.class.php 第 27 行.
SQL: SELECT * FROM `weijuer_videos` ORDER BY regdate desc LIMIT 10   [ RunTime:0.0000s ]

[ 2015-12-14T16:12:34+08:00 ] 192.168.1.100 /mobile.php/News/getVideoList
INFO: [ app_init ] --START--
INFO: Run Behavior\BuildLiteBehavior [ RunTime:0.000000s ]
INFO: [ app_init ] --END-- [ RunTime:0.000000s ]
INFO: [ app_begin ] --START--
INFO: Run Behavior\ReadHtmlCacheBehavior [ RunTime:0.001000s ]
INFO: [ app_begin ] --END-- [ RunTime:0.002000s ]
SQL: SHOW COLUMNS FROM `weijuer_videos` [ RunTime:0.0080s ]
NOTIC: [8] Undefined variable: map I:\web\thinkphp\Application\Mobile\Controller\NewsController.class.php 第 27 行.
SQL: SELECT * FROM `weijuer_videos` ORDER BY regdate desc LIMIT 10   [ RunTime:0.0010s ]

[ 2015-12-14T16:13:26+08:00 ] 192.168.1.100 /mobile.php/News/getVideoList
INFO: [ app_init ] --START--
INFO: Run Behavior\BuildLiteBehavior [ RunTime:0.000000s ]
INFO: [ app_init ] --END-- [ RunTime:0.001000s ]
INFO: [ app_begin ] --START--
INFO: Run Behavior\ReadHtmlCacheBehavior [ RunTime:0.001000s ]
INFO: [ app_begin ] --END-- [ RunTime:0.001000s ]
SQL: SHOW COLUMNS FROM `weijuer_videos` [ RunTime:0.0080s ]
NOTIC: [8] Undefined variable: map I:\web\thinkphp\Application\Mobile\Controller\NewsController.class.php 第 27 行.
SQL: SELECT * FROM `weijuer_videos` ORDER BY regdate desc LIMIT 10   [ RunTime:0.0010s ]

[ 2015-12-14T16:13:28+08:00 ] 192.168.1.100 /mobile.php/News/getVideoList
INFO: [ app_init ] --START--
INFO: Run Behavior\BuildLiteBehavior [ RunTime:0.000000s ]
INFO: [ app_init ] --END-- [ RunTime:0.001000s ]
INFO: [ app_begin ] --START--
INFO: Run Behavior\ReadHtmlCacheBehavior [ RunTime:0.001000s ]
INFO: [ app_begin ] --END-- [ RunTime:0.001000s ]
SQL: SHOW COLUMNS FROM `weijuer_videos` [ RunTime:0.0040s ]
NOTIC: [8] Undefined variable: map I:\web\thinkphp\Application\Mobile\Controller\NewsController.class.php 第 27 行.
SQL: SELECT * FROM `weijuer_videos` ORDER BY regdate desc LIMIT 10   [ RunTime:0.0010s ]

[ 2015-12-14T16:14:30+08:00 ] 192.168.1.100 /mobile.php/News/getVideo?vid=5
INFO: [ app_init ] --START--
INFO: Run Behavior\BuildLiteBehavior [ RunTime:0.000000s ]
INFO: [ app_init ] --END-- [ RunTime:0.001000s ]
INFO: [ app_begin ] --START--
INFO: Run Behavior\ReadHtmlCacheBehavior [ RunTime:0.001000s ]
INFO: [ app_begin ] --END-- [ RunTime:0.001000s ]
SQL: SHOW COLUMNS FROM `weijuer_videos` [ RunTime:0.0060s ]
SQL: SELECT * FROM `weijuer_videos` WHERE `vid` = 5 LIMIT 1   [ RunTime:0.0010s ]

[ 2015-12-14T16:15:36+08:00 ] 192.168.1.100 /mobile.php/News/getVideoList
INFO: [ app_init ] --START--
INFO: Run Behavior\BuildLiteBehavior [ RunTime:0.000000s ]
INFO: [ app_init ] --END-- [ RunTime:0.001000s ]
INFO: [ app_begin ] --START--
INFO: Run Behavior\ReadHtmlCacheBehavior [ RunTime:0.001000s ]
INFO: [ app_begin ] --END-- [ RunTime:0.001000s ]
SQL: SHOW COLUMNS FROM `weijuer_videos` [ RunTime:0.0620s ]
NOTIC: [8] Undefined variable: map I:\web\thinkphp\Application\Mobile\Controller\NewsController.class.php 第 27 行.
SQL: SELECT * FROM `weijuer_videos` ORDER BY regdate desc LIMIT 10   [ RunTime:0.0000s ]

[ 2015-12-14T16:16:04+08:00 ] 192.168.1.100 /mobile.php/News/getVideo?vid=6
INFO: [ app_init ] --START--
INFO: Run Behavior\BuildLiteBehavior [ RunTime:0.000000s ]
INFO: [ app_init ] --END-- [ RunTime:0.001000s ]
INFO: [ app_begin ] --START--
INFO: Run Behavior\ReadHtmlCacheBehavior [ RunTime:0.001000s ]
INFO: [ app_begin ] --END-- [ RunTime:0.001000s ]
SQL: SHOW COLUMNS FROM `weijuer_videos` [ RunTime:0.0220s ]
SQL: SELECT * FROM `weijuer_videos` WHERE `vid` = 6 LIMIT 1   [ RunTime:0.0000s ]

[ 2015-12-14T16:17:13+08:00 ] 192.168.1.100 /mobile.php/News/getVideo?vid=6
INFO: [ app_init ] --START--
INFO: Run Behavior\BuildLiteBehavior [ RunTime:0.000000s ]
INFO: [ app_init ] --END-- [ RunTime:0.001000s ]
INFO: [ app_begin ] --START--
INFO: Run Behavior\ReadHtmlCacheBehavior [ RunTime:0.000000s ]
INFO: [ app_begin ] --END-- [ RunTime:0.000000s ]
SQL: SHOW COLUMNS FROM `weijuer_videos` [ RunTime:0.0050s ]
SQL: SELECT * FROM `weijuer_videos` WHERE `vid` = 6 LIMIT 1   [ RunTime:0.0000s ]

[ 2015-12-14T16:18:26+08:00 ] 192.168.1.100 /mobile.php/News/getVideo?vid=5
INFO: [ app_init ] --START--
INFO: Run Behavior\BuildLiteBehavior [ RunTime:0.000000s ]
INFO: [ app_init ] --END-- [ RunTime:0.001000s ]
INFO: [ app_begin ] --START--
INFO: Run Behavior\ReadHtmlCacheBehavior [ RunTime:0.001001s ]
INFO: [ app_begin ] --END-- [ RunTime:0.002001s ]
SQL: SHOW COLUMNS FROM `weijuer_videos` [ RunTime:0.0060s ]
SQL: SELECT * FROM `weijuer_videos` WHERE `vid` = 5 LIMIT 1   [ RunTime:0.0000s ]

[ 2015-12-14T16:55:13+08:00 ] 192.168.1.100 /mobile.php/News/getVideo?vid=5
INFO: [ app_init ] --START--
INFO: Run Behavior\BuildLiteBehavior [ RunTime:0.000000s ]
INFO: [ app_init ] --END-- [ RunTime:0.094005s ]
INFO: [ app_begin ] --START--
INFO: Run Behavior\ReadHtmlCacheBehavior [ RunTime:0.008000s ]
INFO: [ app_begin ] --END-- [ RunTime:0.010000s ]
SQL: SHOW COLUMNS FROM `weijuer_videos` [ RunTime:0.3840s ]
SQL: SELECT * FROM `weijuer_videos` WHERE `vid` = 5 LIMIT 1   [ RunTime:0.0360s ]

[ 2015-12-14T16:57:29+08:00 ] 192.168.1.100 /mobile.php/News/playListContent?vid=
INFO: [ app_init ] --START--
INFO: Run Behavior\BuildLiteBehavior [ RunTime:0.000000s ]
INFO: [ app_init ] --END-- [ RunTime:0.002000s ]
INFO: [ app_begin ] --START--
INFO: Run Behavior\ReadHtmlCacheBehavior [ RunTime:0.001000s ]
INFO: [ app_begin ] --END-- [ RunTime:0.001000s ]
ERR: 非法操作:playListContent

[ 2015-12-14T16:59:56+08:00 ] 192.168.1.100 /mobile.php/News/getVideoList
INFO: [ app_init ] --START--
INFO: Run Behavior\BuildLiteBehavior [ RunTime:0.001000s ]
INFO: [ app_init ] --END-- [ RunTime:0.002000s ]
INFO: [ app_begin ] --START--
INFO: Run Behavior\ReadHtmlCacheBehavior [ RunTime:0.001000s ]
INFO: [ app_begin ] --END-- [ RunTime:0.001000s ]
SQL: SHOW COLUMNS FROM `weijuer_videos` [ RunTime:0.0560s ]
NOTIC: [8] Undefined variable: map I:\web\thinkphp\Application\Mobile\Controller\NewsController.class.php 第 27 行.
SQL: SELECT * FROM `weijuer_videos` ORDER BY regdate desc LIMIT 10   [ RunTime:0.0210s ]

[ 2015-12-14T16:59:58+08:00 ] 192.168.1.100 /mobile.php/News/getVideoList
INFO: [ app_init ] --START--
INFO: Run Behavior\BuildLiteBehavior [ RunTime:0.000000s ]
INFO: [ app_init ] --END-- [ RunTime:0.001001s ]
INFO: [ app_begin ] --START--
INFO: Run Behavior\ReadHtmlCacheBehavior [ RunTime:0.001000s ]
INFO: [ app_begin ] --END-- [ RunTime:0.001000s ]
SQL: SHOW COLUMNS FROM `weijuer_videos` [ RunTime:0.0050s ]
NOTIC: [8] Undefined variable: map I:\web\thinkphp\Application\Mobile\Controller\NewsController.class.php 第 27 行.
SQL: SELECT * FROM `weijuer_videos` ORDER BY regdate desc LIMIT 10   [ RunTime:0.0010s ]

[ 2015-12-14T17:09:08+08:00 ] 192.168.1.100 /mobile.php/News/playListContent?vid=
INFO: [ app_init ] --START--
INFO: Run Behavior\BuildLiteBehavior [ RunTime:0.001000s ]
INFO: [ app_init ] --END-- [ RunTime:0.056003s ]
INFO: [ app_begin ] --START--
INFO: Run Behavior\ReadHtmlCacheBehavior [ RunTime:0.021001s ]
INFO: [ app_begin ] --END-- [ RunTime:0.021001s ]
ERR: 非法操作:playListContent

[ 2015-12-14T17:09:10+08:00 ] 192.168.1.100 /mobile.php/News/getRelatedList?kind=&age=2015
INFO: [ app_init ] --START--
INFO: Run Behavior\BuildLiteBehavior [ RunTime:0.000000s ]
INFO: [ app_init ] --END-- [ RunTime:0.066004s ]
INFO: [ app_begin ] --START--
INFO: Run Behavior\ReadHtmlCacheBehavior [ RunTime:0.021001s ]
INFO: [ app_begin ] --END-- [ RunTime:0.021001s ]
SQL: SHOW COLUMNS FROM `weijuer_videos` [ RunTime:0.3250s ]
SQL: SELECT * FROM `weijuer_videos` WHERE `age` = '2015' ORDER BY regdate desc LIMIT 10   [ RunTime:0.0140s ]

[ 2015-12-14T17:09:10+08:00 ] 192.168.1.100 /mobile.php/News/getVideo?vid=6
INFO: [ app_init ] --START--
INFO: Run Behavior\BuildLiteBehavior [ RunTime:0.000000s ]
INFO: [ app_init ] --END-- [ RunTime:0.026002s ]
INFO: [ app_begin ] --START--
INFO: Run Behavior\ReadHtmlCacheBehavior [ RunTime:0.039002s ]
INFO: [ app_begin ] --END-- [ RunTime:0.039002s ]
SQL: SHOW COLUMNS FROM `weijuer_videos` [ RunTime:0.0830s ]
SQL: SELECT * FROM `weijuer_videos` WHERE `vid` = 6 LIMIT 1   [ RunTime:0.0620s ]

[ 2015-12-14T17:09:24+08:00 ] 192.168.1.100 /mobile.php/News/getVideo?vid=5
INFO: [ app_init ] --START--
INFO: Run Behavior\BuildLiteBehavior [ RunTime:0.000000s ]
INFO: [ app_init ] --END-- [ RunTime:0.001000s ]
INFO: [ app_begin ] --START--
INFO: Run Behavior\ReadHtmlCacheBehavior [ RunTime:0.000000s ]
INFO: [ app_begin ] --END-- [ RunTime:0.001000s ]
SQL: SHOW COLUMNS FROM `weijuer_videos` [ RunTime:0.0220s ]
SQL: SELECT * FROM `weijuer_videos` WHERE `vid` = 5 LIMIT 1   [ RunTime:0.0010s ]

[ 2015-12-14T17:09:27+08:00 ] 192.168.1.100 /mobile.php/News/getVideo?vid=5
INFO: [ app_init ] --START--
INFO: Run Behavior\BuildLiteBehavior [ RunTime:0.000000s ]
INFO: [ app_init ] --END-- [ RunTime:0.001000s ]
INFO: [ app_begin ] --START--
INFO: Run Behavior\ReadHtmlCacheBehavior [ RunTime:0.001001s ]
INFO: [ app_begin ] --END-- [ RunTime:0.001001s ]
SQL: SHOW COLUMNS FROM `weijuer_videos` [ RunTime:0.0040s ]
SQL: SELECT * FROM `weijuer_videos` WHERE `vid` = 5 LIMIT 1   [ RunTime:0.0010s ]

[ 2015-12-14T17:09:35+08:00 ] 192.168.1.100 /mobile.php/News/getVideo?vid=6
INFO: [ app_init ] --START--
INFO: Run Behavior\BuildLiteBehavior [ RunTime:0.000000s ]
INFO: [ app_init ] --END-- [ RunTime:0.001000s ]
INFO: [ app_begin ] --START--
INFO: Run Behavior\ReadHtmlCacheBehavior [ RunTime:0.000000s ]
INFO: [ app_begin ] --END-- [ RunTime:0.001000s ]
SQL: SHOW COLUMNS FROM `weijuer_videos` [ RunTime:0.0970s ]
SQL: SELECT * FROM `weijuer_videos` WHERE `vid` = 6 LIMIT 1   [ RunTime:0.0000s ]

[ 2015-12-14T17:14:07+08:00 ] 192.168.1.100 /mobile.php/News/getVideo?vid=5
INFO: [ app_init ] --START--
INFO: Run Behavior\BuildLiteBehavior [ RunTime:0.000000s ]
INFO: [ app_init ] --END-- [ RunTime:0.001000s ]
INFO: [ app_begin ] --START--
INFO: Run Behavior\ReadHtmlCacheBehavior [ RunTime:0.000000s ]
INFO: [ app_begin ] --END-- [ RunTime:0.000000s ]
SQL: SHOW COLUMNS FROM `weijuer_videos` [ RunTime:0.0260s ]
SQL: SELECT * FROM `weijuer_videos` WHERE `vid` = 5 LIMIT 1   [ RunTime:0.0010s ]

[ 2015-12-14T17:15:29+08:00 ] 192.168.1.100 /mobile.php/News/getVideo?vid=5
INFO: [ app_init ] --START--
INFO: Run Behavior\BuildLiteBehavior [ RunTime:0.000000s ]
INFO: [ app_init ] --END-- [ RunTime:0.001000s ]
INFO: [ app_begin ] --START--
INFO: Run Behavior\ReadHtmlCacheBehavior [ RunTime:0.001000s ]
INFO: [ app_begin ] --END-- [ RunTime:0.001000s ]
SQL: SHOW COLUMNS FROM `weijuer_videos` [ RunTime:0.0040s ]
SQL: SELECT * FROM `weijuer_videos` WHERE `vid` = 5 LIMIT 1   [ RunTime:0.0010s ]

[ 2015-12-14T17:17:30+08:00 ] 192.168.1.100 /mobile.php/News/getVideo?vid=5
INFO: [ app_init ] --START--
INFO: Run Behavior\BuildLiteBehavior [ RunTime:0.000000s ]
INFO: [ app_init ] --END-- [ RunTime:0.002000s ]
INFO: [ app_begin ] --START--
INFO: Run Behavior\ReadHtmlCacheBehavior [ RunTime:0.000000s ]
INFO: [ app_begin ] --END-- [ RunTime:0.000000s ]
SQL: SHOW COLUMNS FROM `weijuer_videos` [ RunTime:0.0210s ]
SQL: SELECT * FROM `weijuer_videos` WHERE `vid` = 5 LIMIT 1   [ RunTime:0.0010s ]

[ 2015-12-14T17:21:14+08:00 ] 192.168.1.100 /mobile.php/News/getVideo?vid=5
INFO: [ app_init ] --START--
INFO: Run Behavior\BuildLiteBehavior [ RunTime:0.000000s ]
INFO: [ app_init ] --END-- [ RunTime:0.000000s ]
INFO: [ app_begin ] --START--
INFO: Run Behavior\ReadHtmlCacheBehavior [ RunTime:0.001000s ]
INFO: [ app_begin ] --END-- [ RunTime:0.001000s ]
SQL: SHOW COLUMNS FROM `weijuer_videos` [ RunTime:0.0070s ]
SQL: SELECT * FROM `weijuer_videos` WHERE `vid` = 5 LIMIT 1   [ RunTime:0.0010s ]

[ 2015-12-14T17:49:25+08:00 ] 192.168.1.100 /mobile.php/News/getVideoList
INFO: [ app_init ] --START--
INFO: Run Behavior\BuildLiteBehavior [ RunTime:0.000000s ]
INFO: [ app_init ] --END-- [ RunTime:0.001000s ]
INFO: [ app_begin ] --START--
INFO: Run Behavior\ReadHtmlCacheBehavior [ RunTime:0.001000s ]
INFO: [ app_begin ] --END-- [ RunTime:0.002000s ]
SQL: SHOW COLUMNS FROM `weijuer_videos` [ RunTime:0.0050s ]
NOTIC: [8] Undefined variable: map I:\web\thinkphp\Application\Mobile\Controller\NewsController.class.php 第 27 行.
SQL: SELECT * FROM `weijuer_videos` ORDER BY regdate desc LIMIT 10   [ RunTime:0.0010s ]

[ 2015-12-14T17:49:27+08:00 ] 192.168.1.100 /mobile.php/News/getVideoList
INFO: [ app_init ] --START--
INFO: Run Behavior\BuildLiteBehavior [ RunTime:0.000000s ]
INFO: [ app_init ] --END-- [ RunTime:0.001000s ]
INFO: [ app_begin ] --START--
INFO: Run Behavior\ReadHtmlCacheBehavior [ RunTime:0.003000s ]
INFO: [ app_begin ] --END-- [ RunTime:0.003000s ]
SQL: SHOW COLUMNS FROM `weijuer_videos` [ RunTime:0.0090s ]
NOTIC: [8] Undefined variable: map I:\web\thinkphp\Application\Mobile\Controller\NewsController.class.php 第 27 行.
SQL: SELECT * FROM `weijuer_videos` ORDER BY regdate desc LIMIT 10   [ RunTime:0.0010s ]

[ 2015-12-14T17:49:37+08:00 ] 192.168.1.100 /mobile.php/News/getVideo?vid=6
INFO: [ app_init ] --START--
INFO: Run Behavior\BuildLiteBehavior [ RunTime:0.000000s ]
INFO: [ app_init ] --END-- [ RunTime:0.001000s ]
INFO: [ app_begin ] --START--
INFO: Run Behavior\ReadHtmlCacheBehavior [ RunTime:0.002000s ]
INFO: [ app_begin ] --END-- [ RunTime:0.002000s ]
SQL: SHOW COLUMNS FROM `weijuer_videos` [ RunTime:0.0060s ]
SQL: SELECT * FROM `weijuer_videos` WHERE `vid` = 6 LIMIT 1   [ RunTime:0.0000s ]

[ 2015-12-14T17:49:39+08:00 ] 192.168.1.100 /mobile.php/News/playListContent?vid=
INFO: [ app_init ] --START--
INFO: Run Behavior\BuildLiteBehavior [ RunTime:0.000000s ]
INFO: [ app_init ] --END-- [ RunTime:0.001000s ]
INFO: [ app_begin ] --START--
INFO: Run Behavior\ReadHtmlCacheBehavior [ RunTime:0.000000s ]
INFO: [ app_begin ] --END-- [ RunTime:0.001000s ]
ERR: 非法操作:playListContent

[ 2015-12-14T17:49:40+08:00 ] 192.168.1.100 /mobile.php/News/getRelatedList?kind=&age=2015
INFO: [ app_init ] --START--
INFO: Run Behavior\BuildLiteBehavior [ RunTime:0.000000s ]
INFO: [ app_init ] --END-- [ RunTime:0.000000s ]
INFO: [ app_begin ] --START--
INFO: Run Behavior\ReadHtmlCacheBehavior [ RunTime:0.001000s ]
INFO: [ app_begin ] --END-- [ RunTime:0.001000s ]
SQL: SHOW COLUMNS FROM `weijuer_videos` [ RunTime:0.0050s ]
SQL: SELECT * FROM `weijuer_videos` WHERE `age` = '2015' ORDER BY regdate desc LIMIT 10   [ RunTime:0.0010s ]

