[ 2016-02-03T13:38:24+08:00 ] 127.0.0.1 /Mobile/Music/index.shtml
ERR: 模板不存在:./Application/Mobile/View/Music/index.html

[ 2016-02-03T13:40:50+08:00 ] 127.0.0.1 /Mobile/Music/index.shtml
ERR: 模板不存在:./Application/Mobile/View/Music/index.html

[ 2016-02-03T13:41:30+08:00 ] 127.0.0.1 /Mobile/Music/index.shtml
ERR: 模板不存在:./Application/Mobile/View/Music/index.html

[ 2016-02-03T14:55:47+08:00 ] 127.0.0.1 /Mobile/Music/musicDataList
INFO: [ app_begin ] --START--
INFO: Run Behavior\ReadHtmlCacheBehavior [ RunTime:0.001000s ]
INFO: [ app_begin ] --END-- [ RunTime:0.003000s ]
SQL: SHOW COLUMNS FROM `weijuer_music` [ RunTime:0.0070s ]
NOTIC: [8] Undefined variable: map E:\web\thinkphp\Application\Mobile\Controller\MusicController.class.php 第 21 行.
SQL: SELECT * FROM `weijuer_music` ORDER BY regdate desc LIMIT 10   [ RunTime:0.0000s ]

[ 2016-02-03T14:55:59+08:00 ] 127.0.0.1 /Mobile/Music/musicDataList
INFO: [ app_begin ] --START--
INFO: Run Behavior\ReadHtmlCacheBehavior [ RunTime:0.002000s ]
INFO: [ app_begin ] --END-- [ RunTime:0.003000s ]
SQL: SHOW COLUMNS FROM `weijuer_music` [ RunTime:0.0040s ]
NOTIC: [8] Undefined variable: map E:\web\thinkphp\Application\Mobile\Controller\MusicController.class.php 第 21 行.
SQL: SELECT * FROM `weijuer_music` ORDER BY regdate desc LIMIT 10   [ RunTime:0.0010s ]

[ 2016-02-03T14:56:28+08:00 ] 127.0.0.1 /Mobile/Music/musicDataList
INFO: [ app_begin ] --START--
INFO: Run Behavior\ReadHtmlCacheBehavior [ RunTime:0.001000s ]
INFO: [ app_begin ] --END-- [ RunTime:0.002000s ]
SQL: SHOW COLUMNS FROM `weijuer_music` [ RunTime:0.0060s ]
NOTIC: [8] Undefined variable: map E:\web\thinkphp\Application\Mobile\Controller\MusicController.class.php 第 21 行.
SQL: SELECT * FROM `weijuer_music` ORDER BY regdate desc LIMIT 10   [ RunTime:0.0000s ]

[ 2016-02-03T14:58:33+08:00 ] 127.0.0.1 /Mobile/Music/musicDataList
INFO: [ app_begin ] --START--
INFO: Run Behavior\ReadHtmlCacheBehavior [ RunTime:0.001000s ]
INFO: [ app_begin ] --END-- [ RunTime:0.001000s ]
SQL: SHOW COLUMNS FROM `weijuer_music` [ RunTime:0.0040s ]
NOTIC: [8] Undefined variable: map E:\web\thinkphp\Application\Mobile\Controller\MusicController.class.php 第 21 行.
SQL: SELECT * FROM `weijuer_music` ORDER BY regdate desc LIMIT 10   [ RunTime:0.0010s ]

[ 2016-02-03T14:58:40+08:00 ] 127.0.0.1 /Mobile/Music/musicDataList
INFO: [ app_begin ] --START--
INFO: Run Behavior\ReadHtmlCacheBehavior [ RunTime:0.001000s ]
INFO: [ app_begin ] --END-- [ RunTime:0.003001s ]
SQL: SHOW COLUMNS FROM `weijuer_music` [ RunTime:0.0060s ]
NOTIC: [8] Undefined variable: map E:\web\thinkphp\Application\Mobile\Controller\MusicController.class.php 第 21 行.
SQL: SELECT * FROM `weijuer_music` ORDER BY regdate desc LIMIT 10   [ RunTime:0.0010s ]

[ 2016-02-03T14:58:55+08:00 ] 127.0.0.1 /Mobile/Music/musicDataList
INFO: [ app_begin ] --START--
INFO: Run Behavior\ReadHtmlCacheBehavior [ RunTime:0.002000s ]
INFO: [ app_begin ] --END-- [ RunTime:0.004001s ]
SQL: SHOW COLUMNS FROM `weijuer_music` [ RunTime:0.0040s ]
NOTIC: [8] Undefined variable: map E:\web\thinkphp\Application\Mobile\Controller\MusicController.class.php 第 21 行.
SQL: SELECT * FROM `weijuer_music` ORDER BY regdate desc LIMIT 10   [ RunTime:0.0010s ]

[ 2016-02-03T14:59:10+08:00 ] 127.0.0.1 /Mobile/Music/musicDataList
INFO: [ app_begin ] --START--
INFO: Run Behavior\ReadHtmlCacheBehavior [ RunTime:0.001000s ]
INFO: [ app_begin ] --END-- [ RunTime:0.002000s ]
SQL: SHOW COLUMNS FROM `weijuer_music` [ RunTime:0.1230s ]
NOTIC: [8] Undefined variable: map E:\web\thinkphp\Application\Mobile\Controller\MusicController.class.php 第 21 行.
SQL: SELECT * FROM `weijuer_music` ORDER BY regdate desc LIMIT 10   [ RunTime:0.0000s ]

[ 2016-02-03T15:02:23+08:00 ] 127.0.0.1 /Mobile/Music/musicDataList
INFO: [ app_begin ] --START--
INFO: Run Behavior\ReadHtmlCacheBehavior [ RunTime:0.002000s ]
INFO: [ app_begin ] --END-- [ RunTime:0.002000s ]
SQL: SHOW COLUMNS FROM `weijuer_music` [ RunTime:0.0050s ]
NOTIC: [8] Undefined variable: map E:\web\thinkphp\Application\Mobile\Controller\MusicController.class.php 第 21 行.
SQL: SELECT * FROM `weijuer_music` ORDER BY regdate desc LIMIT 10   [ RunTime:0.0000s ]

[ 2016-02-03T15:03:36+08:00 ] 127.0.0.1 /Mobile/Music/musicDataList
INFO: [ app_begin ] --START--
INFO: Run Behavior\ReadHtmlCacheBehavior [ RunTime:0.000000s ]
INFO: [ app_begin ] --END-- [ RunTime:0.001000s ]
SQL: SHOW COLUMNS FROM `weijuer_music` [ RunTime:0.0050s ]
NOTIC: [8] Undefined variable: map E:\web\thinkphp\Application\Mobile\Controller\MusicController.class.php 第 21 行.
SQL: SELECT * FROM `weijuer_music` ORDER BY regdate desc LIMIT 10   [ RunTime:0.0010s ]

[ 2016-02-03T15:04:38+08:00 ] 127.0.0.1 /Mobile/Music/musicDataList
INFO: [ app_begin ] --START--
INFO: Run Behavior\ReadHtmlCacheBehavior [ RunTime:0.000000s ]
INFO: [ app_begin ] --END-- [ RunTime:0.001000s ]
SQL: SHOW COLUMNS FROM `weijuer_music` [ RunTime:0.0040s ]
NOTIC: [8] Undefined variable: map E:\web\thinkphp\Application\Mobile\Controller\MusicController.class.php 第 21 行.
SQL: SELECT * FROM `weijuer_music` ORDER BY regdate desc LIMIT 10   [ RunTime:0.0000s ]

[ 2016-02-03T15:04:57+08:00 ] 127.0.0.1 /Mobile/Music/musicDataList
INFO: [ app_begin ] --START--
INFO: Run Behavior\ReadHtmlCacheBehavior [ RunTime:0.001000s ]
INFO: [ app_begin ] --END-- [ RunTime:0.002001s ]
SQL: SHOW COLUMNS FROM `weijuer_music` [ RunTime:0.0050s ]
NOTIC: [8] Undefined variable: map E:\web\thinkphp\Application\Mobile\Controller\MusicController.class.php 第 21 行.
SQL: SELECT * FROM `weijuer_music` ORDER BY regdate desc LIMIT 10   [ RunTime:0.0000s ]

[ 2016-02-03T15:08:30+08:00 ] 127.0.0.1 /Mobile/Music/musicDataList
INFO: [ app_begin ] --START--
INFO: Run Behavior\ReadHtmlCacheBehavior [ RunTime:0.001000s ]
INFO: [ app_begin ] --END-- [ RunTime:0.003000s ]
SQL: SHOW COLUMNS FROM `weijuer_music` [ RunTime:0.0080s ]
NOTIC: [8] Undefined variable: map E:\web\thinkphp\Application\Mobile\Controller\MusicController.class.php 第 21 行.
SQL: SELECT * FROM `weijuer_music` ORDER BY regdate desc LIMIT 10   [ RunTime:0.0010s ]

[ 2016-02-03T15:08:37+08:00 ] 127.0.0.1 /Mobile/Music/musicDataList
INFO: [ app_begin ] --START--
INFO: Run Behavior\ReadHtmlCacheBehavior [ RunTime:0.001000s ]
INFO: [ app_begin ] --END-- [ RunTime:0.002000s ]
SQL: SHOW COLUMNS FROM `weijuer_music` [ RunTime:0.0060s ]
NOTIC: [8] Undefined variable: map E:\web\thinkphp\Application\Mobile\Controller\MusicController.class.php 第 21 行.
SQL: SELECT * FROM `weijuer_music` ORDER BY regdate desc LIMIT 10   [ RunTime:0.0010s ]

[ 2016-02-03T15:19:05+08:00 ] 127.0.0.1 /Mobile/Music/musicDataList
INFO: [ app_begin ] --START--
INFO: Run Behavior\ReadHtmlCacheBehavior [ RunTime:0.002000s ]
INFO: [ app_begin ] --END-- [ RunTime:0.002000s ]
SQL: SHOW COLUMNS FROM `weijuer_music` [ RunTime:0.0150s ]
NOTIC: [8] Undefined variable: map E:\web\thinkphp\Application\Mobile\Controller\MusicController.class.php 第 21 行.
SQL: SELECT * FROM `weijuer_music` ORDER BY regdate desc LIMIT 10   [ RunTime:0.0000s ]

[ 2016-02-03T15:19:18+08:00 ] 127.0.0.1 /Mobile/Music/musicDataList
INFO: [ app_begin ] --START--
INFO: Run Behavior\ReadHtmlCacheBehavior [ RunTime:0.002000s ]
INFO: [ app_begin ] --END-- [ RunTime:0.003000s ]
SQL: SHOW COLUMNS FROM `weijuer_music` [ RunTime:0.0050s ]
NOTIC: [8] Undefined variable: map E:\web\thinkphp\Application\Mobile\Controller\MusicController.class.php 第 21 行.
SQL: SELECT * FROM `weijuer_music` ORDER BY regdate desc LIMIT 10   [ RunTime:0.0010s ]

[ 2016-02-03T15:19:52+08:00 ] 127.0.0.1 /Mobile/Music/musicDataList
INFO: [ app_begin ] --START--
INFO: Run Behavior\ReadHtmlCacheBehavior [ RunTime:0.001000s ]
INFO: [ app_begin ] --END-- [ RunTime:0.002000s ]
SQL: SHOW COLUMNS FROM `weijuer_music` [ RunTime:0.0480s ]
NOTIC: [8] Undefined variable: map E:\web\thinkphp\Application\Mobile\Controller\MusicController.class.php 第 21 行.
SQL: SELECT * FROM `weijuer_music` ORDER BY regdate desc LIMIT 10   [ RunTime:0.0010s ]

[ 2016-02-03T15:20:06+08:00 ] 127.0.0.1 /Mobile/Music/musicDataList
INFO: [ app_begin ] --START--
INFO: Run Behavior\ReadHtmlCacheBehavior [ RunTime:0.001000s ]
INFO: [ app_begin ] --END-- [ RunTime:0.002001s ]
SQL: SHOW COLUMNS FROM `weijuer_music` [ RunTime:0.0040s ]
NOTIC: [8] Undefined variable: map E:\web\thinkphp\Application\Mobile\Controller\MusicController.class.php 第 21 行.
SQL: SELECT * FROM `weijuer_music` ORDER BY regdate desc LIMIT 10   [ RunTime:0.0010s ]

[ 2016-02-03T15:20:44+08:00 ] 127.0.0.1 /Mobile/Music/musicDataList
INFO: [ app_begin ] --START--
INFO: Run Behavior\ReadHtmlCacheBehavior [ RunTime:0.001000s ]
INFO: [ app_begin ] --END-- [ RunTime:0.003000s ]
SQL: SHOW COLUMNS FROM `weijuer_music` [ RunTime:0.0260s ]
NOTIC: [8] Undefined variable: map E:\web\thinkphp\Application\Mobile\Controller\MusicController.class.php 第 21 行.
SQL: SELECT * FROM `weijuer_music` ORDER BY regdate desc LIMIT 10   [ RunTime:0.0000s ]

[ 2016-02-03T15:25:07+08:00 ] 127.0.0.1 /Mobile/Music/musicDataList
INFO: [ app_begin ] --START--
INFO: Run Behavior\ReadHtmlCacheBehavior [ RunTime:0.001000s ]
INFO: [ app_begin ] --END-- [ RunTime:0.003001s ]
SQL: SHOW COLUMNS FROM `weijuer_music` [ RunTime:0.0050s ]
NOTIC: [8] Undefined variable: map E:\web\thinkphp\Application\Mobile\Controller\MusicController.class.php 第 21 行.
SQL: SELECT * FROM `weijuer_music` ORDER BY regdate desc LIMIT 10   [ RunTime:0.0010s ]

[ 2016-02-03T15:25:07+08:00 ] 127.0.0.1 /Mobile/Music/musicDataList
INFO: [ app_begin ] --START--
INFO: Run Behavior\ReadHtmlCacheBehavior [ RunTime:0.002000s ]
INFO: [ app_begin ] --END-- [ RunTime:0.003000s ]
SQL: SHOW COLUMNS FROM `weijuer_music` [ RunTime:0.0060s ]
NOTIC: [8] Undefined variable: map E:\web\thinkphp\Application\Mobile\Controller\MusicController.class.php 第 21 行.
SQL: SELECT * FROM `weijuer_music` ORDER BY regdate desc LIMIT 10   [ RunTime:0.0010s ]

[ 2016-02-03T15:25:10+08:00 ] 127.0.0.1 /Mobile/Music/musicDataList
INFO: [ app_begin ] --START--
INFO: Run Behavior\ReadHtmlCacheBehavior [ RunTime:0.002000s ]
INFO: [ app_begin ] --END-- [ RunTime:0.002000s ]
SQL: SHOW COLUMNS FROM `weijuer_music` [ RunTime:0.0040s ]
NOTIC: [8] Undefined variable: map E:\web\thinkphp\Application\Mobile\Controller\MusicController.class.php 第 21 行.
SQL: SELECT * FROM `weijuer_music` ORDER BY regdate desc LIMIT 10   [ RunTime:0.0010s ]

[ 2016-02-03T15:25:19+08:00 ] 127.0.0.1 /Mobile/Music/musicDataList
INFO: [ app_begin ] --START--
INFO: Run Behavior\ReadHtmlCacheBehavior [ RunTime:0.002000s ]
INFO: [ app_begin ] --END-- [ RunTime:0.002000s ]
SQL: SHOW COLUMNS FROM `weijuer_music` [ RunTime:0.0040s ]
NOTIC: [8] Undefined variable: map E:\web\thinkphp\Application\Mobile\Controller\MusicController.class.php 第 21 行.
SQL: SELECT * FROM `weijuer_music` ORDER BY regdate desc LIMIT 10   [ RunTime:0.0010s ]

[ 2016-02-03T15:26:05+08:00 ] 127.0.0.1 /Mobile/Music/musicDataList
INFO: [ app_begin ] --START--
INFO: Run Behavior\ReadHtmlCacheBehavior [ RunTime:0.001000s ]
INFO: [ app_begin ] --END-- [ RunTime:0.002000s ]
SQL: SHOW COLUMNS FROM `weijuer_music` [ RunTime:0.0050s ]
NOTIC: [8] Undefined variable: map E:\web\thinkphp\Application\Mobile\Controller\MusicController.class.php 第 21 行.
SQL: SELECT * FROM `weijuer_music` ORDER BY regdate desc LIMIT 10   [ RunTime:0.0000s ]

[ 2016-02-03T15:26:09+08:00 ] 127.0.0.1 /Mobile/Music/musicDataList
INFO: [ app_begin ] --START--
INFO: Run Behavior\ReadHtmlCacheBehavior [ RunTime:0.001000s ]
INFO: [ app_begin ] --END-- [ RunTime:0.002000s ]
SQL: SHOW COLUMNS FROM `weijuer_music` [ RunTime:0.1210s ]
NOTIC: [8] Undefined variable: map E:\web\thinkphp\Application\Mobile\Controller\MusicController.class.php 第 21 行.
SQL: SELECT * FROM `weijuer_music` ORDER BY regdate desc LIMIT 10   [ RunTime:0.0000s ]

[ 2016-02-03T15:26:17+08:00 ] 127.0.0.1 /Mobile/Music/musicDataList
INFO: [ app_begin ] --START--
INFO: Run Behavior\ReadHtmlCacheBehavior [ RunTime:0.002000s ]
INFO: [ app_begin ] --END-- [ RunTime:0.003000s ]
SQL: SHOW COLUMNS FROM `weijuer_music` [ RunTime:0.0050s ]
NOTIC: [8] Undefined variable: map E:\web\thinkphp\Application\Mobile\Controller\MusicController.class.php 第 21 行.
SQL: SELECT * FROM `weijuer_music` ORDER BY regdate desc LIMIT 10   [ RunTime:0.0010s ]

[ 2016-02-03T15:30:21+08:00 ] 127.0.0.1 /Mobile/Music/musicDataList
INFO: [ app_begin ] --START--
INFO: Run Behavior\ReadHtmlCacheBehavior [ RunTime:0.001000s ]
INFO: [ app_begin ] --END-- [ RunTime:0.002000s ]
SQL: SHOW COLUMNS FROM `weijuer_music` [ RunTime:0.0100s ]
NOTIC: [8] Undefined variable: map E:\web\thinkphp\Application\Mobile\Controller\MusicController.class.php 第 21 行.
SQL: SELECT * FROM `weijuer_music` ORDER BY regdate desc LIMIT 10   [ RunTime:0.0010s ]

[ 2016-02-03T15:30:53+08:00 ] 127.0.0.1 /Mobile/Music/musicDataList
INFO: [ app_begin ] --START--
INFO: Run Behavior\ReadHtmlCacheBehavior [ RunTime:0.001000s ]
INFO: [ app_begin ] --END-- [ RunTime:0.002000s ]
SQL: SHOW COLUMNS FROM `weijuer_music` [ RunTime:0.0030s ]
NOTIC: [8] Undefined variable: map E:\web\thinkphp\Application\Mobile\Controller\MusicController.class.php 第 21 行.
SQL: SELECT * FROM `weijuer_music` ORDER BY regdate desc LIMIT 10   [ RunTime:0.0000s ]

[ 2016-02-03T15:31:21+08:00 ] 127.0.0.1 /Mobile/Music/musicDataList
INFO: [ app_begin ] --START--
INFO: Run Behavior\ReadHtmlCacheBehavior [ RunTime:0.001000s ]
INFO: [ app_begin ] --END-- [ RunTime:0.002000s ]
SQL: SHOW COLUMNS FROM `weijuer_music` [ RunTime:0.0050s ]
NOTIC: [8] Undefined variable: map E:\web\thinkphp\Application\Mobile\Controller\MusicController.class.php 第 21 行.
SQL: SELECT * FROM `weijuer_music` ORDER BY regdate desc LIMIT 10   [ RunTime:0.0010s ]

[ 2016-02-03T15:32:14+08:00 ] 127.0.0.1 /Mobile/Music/musicDataList
INFO: [ app_begin ] --START--
INFO: Run Behavior\ReadHtmlCacheBehavior [ RunTime:0.002000s ]
INFO: [ app_begin ] --END-- [ RunTime:0.003000s ]
SQL: SHOW COLUMNS FROM `weijuer_music` [ RunTime:0.0170s ]
NOTIC: [8] Undefined variable: map E:\web\thinkphp\Application\Mobile\Controller\MusicController.class.php 第 21 行.
SQL: SELECT * FROM `weijuer_music` ORDER BY regdate desc LIMIT 10   [ RunTime:0.0010s ]

[ 2016-02-03T15:34:52+08:00 ] 127.0.0.1 /Mobile/Music/musicDataList
INFO: [ app_begin ] --START--
INFO: Run Behavior\ReadHtmlCacheBehavior [ RunTime:0.001000s ]
INFO: [ app_begin ] --END-- [ RunTime:0.002000s ]
SQL: SHOW COLUMNS FROM `weijuer_music` [ RunTime:0.0060s ]
NOTIC: [8] Undefined variable: map E:\web\thinkphp\Application\Mobile\Controller\MusicController.class.php 第 21 行.
SQL: SELECT * FROM `weijuer_music` ORDER BY regdate desc LIMIT 10   [ RunTime:0.0000s ]

[ 2016-02-03T15:34:53+08:00 ] 127.0.0.1 /Mobile/Music/musicDataList
INFO: [ app_begin ] --START--
INFO: Run Behavior\ReadHtmlCacheBehavior [ RunTime:0.001000s ]
INFO: [ app_begin ] --END-- [ RunTime:0.002000s ]
SQL: SHOW COLUMNS FROM `weijuer_music` [ RunTime:0.0060s ]
NOTIC: [8] Undefined variable: map E:\web\thinkphp\Application\Mobile\Controller\MusicController.class.php 第 21 行.
SQL: SELECT * FROM `weijuer_music` ORDER BY regdate desc LIMIT 10   [ RunTime:0.0010s ]

[ 2016-02-03T15:35:49+08:00 ] 127.0.0.1 /Mobile/Music/musicDataList
INFO: [ app_begin ] --START--
INFO: Run Behavior\ReadHtmlCacheBehavior [ RunTime:0.001000s ]
INFO: [ app_begin ] --END-- [ RunTime:0.002000s ]
SQL: SHOW COLUMNS FROM `weijuer_music` [ RunTime:0.2030s ]
NOTIC: [8] Undefined variable: map E:\web\thinkphp\Application\Mobile\Controller\MusicController.class.php 第 21 行.
SQL: SELECT * FROM `weijuer_music` ORDER BY regdate desc LIMIT 10   [ RunTime:0.0000s ]

[ 2016-02-03T15:35:52+08:00 ] 127.0.0.1 /Mobile/Music/musicDataList
INFO: [ app_begin ] --START--
INFO: Run Behavior\ReadHtmlCacheBehavior [ RunTime:0.001000s ]
INFO: [ app_begin ] --END-- [ RunTime:0.002000s ]
SQL: SHOW COLUMNS FROM `weijuer_music` [ RunTime:0.0050s ]
NOTIC: [8] Undefined variable: map E:\web\thinkphp\Application\Mobile\Controller\MusicController.class.php 第 21 行.
SQL: SELECT * FROM `weijuer_music` ORDER BY regdate desc LIMIT 10   [ RunTime:0.0010s ]

[ 2016-02-03T15:35:54+08:00 ] 127.0.0.1 /Mobile/Music/musicDataList
INFO: [ app_begin ] --START--
INFO: Run Behavior\ReadHtmlCacheBehavior [ RunTime:0.001000s ]
INFO: [ app_begin ] --END-- [ RunTime:0.002000s ]
SQL: SHOW COLUMNS FROM `weijuer_music` [ RunTime:0.0060s ]
NOTIC: [8] Undefined variable: map E:\web\thinkphp\Application\Mobile\Controller\MusicController.class.php 第 21 行.
SQL: SELECT * FROM `weijuer_music` ORDER BY regdate desc LIMIT 10   [ RunTime:0.0010s ]

[ 2016-02-03T15:35:55+08:00 ] 127.0.0.1 /Mobile/Music/musicDataList
INFO: [ app_begin ] --START--
INFO: Run Behavior\ReadHtmlCacheBehavior [ RunTime:0.001000s ]
INFO: [ app_begin ] --END-- [ RunTime:0.003001s ]
SQL: SHOW COLUMNS FROM `weijuer_music` [ RunTime:0.0050s ]
NOTIC: [8] Undefined variable: map E:\web\thinkphp\Application\Mobile\Controller\MusicController.class.php 第 21 行.
SQL: SELECT * FROM `weijuer_music` ORDER BY regdate desc LIMIT 10   [ RunTime:0.0000s ]

[ 2016-02-03T15:35:57+08:00 ] 127.0.0.1 /Mobile/Music/musicDataList
INFO: [ app_begin ] --START--
INFO: Run Behavior\ReadHtmlCacheBehavior [ RunTime:0.001000s ]
INFO: [ app_begin ] --END-- [ RunTime:0.003000s ]
SQL: SHOW COLUMNS FROM `weijuer_music` [ RunTime:0.0050s ]
NOTIC: [8] Undefined variable: map E:\web\thinkphp\Application\Mobile\Controller\MusicController.class.php 第 21 行.
SQL: SELECT * FROM `weijuer_music` ORDER BY regdate desc LIMIT 10   [ RunTime:0.0000s ]

[ 2016-02-03T15:36:11+08:00 ] 127.0.0.1 /Mobile/Music/musicDataList
INFO: [ app_begin ] --START--
INFO: Run Behavior\ReadHtmlCacheBehavior [ RunTime:0.001000s ]
INFO: [ app_begin ] --END-- [ RunTime:0.002000s ]
SQL: SHOW COLUMNS FROM `weijuer_music` [ RunTime:0.0060s ]
NOTIC: [8] Undefined variable: map E:\web\thinkphp\Application\Mobile\Controller\MusicController.class.php 第 21 行.
SQL: SELECT * FROM `weijuer_music` ORDER BY regdate desc LIMIT 10   [ RunTime:0.0000s ]

[ 2016-02-03T15:36:12+08:00 ] 127.0.0.1 /Mobile/Music/musicDataList
INFO: [ app_begin ] --START--
INFO: Run Behavior\ReadHtmlCacheBehavior [ RunTime:0.001000s ]
INFO: [ app_begin ] --END-- [ RunTime:0.002000s ]
SQL: SHOW COLUMNS FROM `weijuer_music` [ RunTime:0.0050s ]
NOTIC: [8] Undefined variable: map E:\web\thinkphp\Application\Mobile\Controller\MusicController.class.php 第 21 行.
SQL: SELECT * FROM `weijuer_music` ORDER BY regdate desc LIMIT 10   [ RunTime:0.0000s ]

[ 2016-02-03T15:36:33+08:00 ] 127.0.0.1 /Mobile/Music/musicDataList
INFO: [ app_begin ] --START--
INFO: Run Behavior\ReadHtmlCacheBehavior [ RunTime:0.001000s ]
INFO: [ app_begin ] --END-- [ RunTime:0.003000s ]
SQL: SHOW COLUMNS FROM `weijuer_music` [ RunTime:0.0050s ]
NOTIC: [8] Undefined variable: map E:\web\thinkphp\Application\Mobile\Controller\MusicController.class.php 第 21 行.
SQL: SELECT * FROM `weijuer_music` ORDER BY regdate desc LIMIT 10   [ RunTime:0.0010s ]

[ 2016-02-03T15:36:35+08:00 ] 127.0.0.1 /Mobile/Music/musicDataList
INFO: [ app_begin ] --START--
INFO: Run Behavior\ReadHtmlCacheBehavior [ RunTime:0.001000s ]
INFO: [ app_begin ] --END-- [ RunTime:0.004000s ]
SQL: SHOW COLUMNS FROM `weijuer_music` [ RunTime:0.0050s ]
NOTIC: [8] Undefined variable: map E:\web\thinkphp\Application\Mobile\Controller\MusicController.class.php 第 21 行.
SQL: SELECT * FROM `weijuer_music` ORDER BY regdate desc LIMIT 10   [ RunTime:0.0000s ]

[ 2016-02-03T15:36:42+08:00 ] 127.0.0.1 /Mobile/Music/musicDataList
INFO: [ app_begin ] --START--
INFO: Run Behavior\ReadHtmlCacheBehavior [ RunTime:0.001000s ]
INFO: [ app_begin ] --END-- [ RunTime:0.003001s ]
SQL: SHOW COLUMNS FROM `weijuer_music` [ RunTime:0.0050s ]
NOTIC: [8] Undefined variable: map E:\web\thinkphp\Application\Mobile\Controller\MusicController.class.php 第 21 行.
SQL: SELECT * FROM `weijuer_music` ORDER BY regdate desc LIMIT 10   [ RunTime:0.0010s ]

[ 2016-02-03T15:36:57+08:00 ] 127.0.0.1 /Mobile/Music/musicDataList
INFO: [ app_begin ] --START--
INFO: Run Behavior\ReadHtmlCacheBehavior [ RunTime:0.002001s ]
INFO: [ app_begin ] --END-- [ RunTime:0.003001s ]
SQL: SHOW COLUMNS FROM `weijuer_music` [ RunTime:0.0060s ]
NOTIC: [8] Undefined variable: map E:\web\thinkphp\Application\Mobile\Controller\MusicController.class.php 第 21 行.
SQL: SELECT * FROM `weijuer_music` ORDER BY regdate desc LIMIT 10   [ RunTime:0.0010s ]

[ 2016-02-03T15:37:08+08:00 ] 127.0.0.1 /Mobile/Music/musicDataList
INFO: [ app_begin ] --START--
INFO: Run Behavior\ReadHtmlCacheBehavior [ RunTime:0.001000s ]
INFO: [ app_begin ] --END-- [ RunTime:0.003000s ]
SQL: SHOW COLUMNS FROM `weijuer_music` [ RunTime:0.0060s ]
NOTIC: [8] Undefined variable: map E:\web\thinkphp\Application\Mobile\Controller\MusicController.class.php 第 21 行.
SQL: SELECT * FROM `weijuer_music` ORDER BY regdate desc LIMIT 10   [ RunTime:0.0030s ]

[ 2016-02-03T15:37:10+08:00 ] 127.0.0.1 /Mobile/Music/musicDataList
INFO: [ app_begin ] --START--
INFO: Run Behavior\ReadHtmlCacheBehavior [ RunTime:0.001000s ]
INFO: [ app_begin ] --END-- [ RunTime:0.002001s ]
SQL: SHOW COLUMNS FROM `weijuer_music` [ RunTime:0.0050s ]
NOTIC: [8] Undefined variable: map E:\web\thinkphp\Application\Mobile\Controller\MusicController.class.php 第 21 行.
SQL: SELECT * FROM `weijuer_music` ORDER BY regdate desc LIMIT 10   [ RunTime:0.0010s ]

[ 2016-02-03T15:37:11+08:00 ] 127.0.0.1 /Mobile/Music/musicDataList
INFO: [ app_begin ] --START--
INFO: Run Behavior\ReadHtmlCacheBehavior [ RunTime:0.001000s ]
INFO: [ app_begin ] --END-- [ RunTime:0.003000s ]
SQL: SHOW COLUMNS FROM `weijuer_music` [ RunTime:0.0050s ]
NOTIC: [8] Undefined variable: map E:\web\thinkphp\Application\Mobile\Controller\MusicController.class.php 第 21 行.
SQL: SELECT * FROM `weijuer_music` ORDER BY regdate desc LIMIT 10   [ RunTime:0.0000s ]

[ 2016-02-03T15:37:23+08:00 ] 127.0.0.1 /Mobile/Music/musicDataList
INFO: [ app_begin ] --START--
INFO: Run Behavior\ReadHtmlCacheBehavior [ RunTime:0.001000s ]
INFO: [ app_begin ] --END-- [ RunTime:0.002000s ]
SQL: SHOW COLUMNS FROM `weijuer_music` [ RunTime:0.0180s ]
NOTIC: [8] Undefined variable: map E:\web\thinkphp\Application\Mobile\Controller\MusicController.class.php 第 21 行.
SQL: SELECT * FROM `weijuer_music` ORDER BY regdate desc LIMIT 10   [ RunTime:0.0010s ]

[ 2016-02-03T15:37:24+08:00 ] 127.0.0.1 /Mobile/Music/musicDataList
INFO: [ app_begin ] --START--
INFO: Run Behavior\ReadHtmlCacheBehavior [ RunTime:0.001000s ]
INFO: [ app_begin ] --END-- [ RunTime:0.002000s ]
SQL: SHOW COLUMNS FROM `weijuer_music` [ RunTime:0.0060s ]
NOTIC: [8] Undefined variable: map E:\web\thinkphp\Application\Mobile\Controller\MusicController.class.php 第 21 行.
SQL: SELECT * FROM `weijuer_music` ORDER BY regdate desc LIMIT 10   [ RunTime:0.0000s ]

[ 2016-02-03T15:37:26+08:00 ] 127.0.0.1 /Mobile/Music/musicDataList
INFO: [ app_begin ] --START--
INFO: Run Behavior\ReadHtmlCacheBehavior [ RunTime:0.002000s ]
INFO: [ app_begin ] --END-- [ RunTime:0.002000s ]
SQL: SHOW COLUMNS FROM `weijuer_music` [ RunTime:0.0050s ]
NOTIC: [8] Undefined variable: map E:\web\thinkphp\Application\Mobile\Controller\MusicController.class.php 第 21 行.
SQL: SELECT * FROM `weijuer_music` ORDER BY regdate desc LIMIT 10   [ RunTime:0.0010s ]

[ 2016-02-03T15:37:29+08:00 ] 127.0.0.1 /Mobile/Music/musicDataList
INFO: [ app_begin ] --START--
INFO: Run Behavior\ReadHtmlCacheBehavior [ RunTime:0.002000s ]
INFO: [ app_begin ] --END-- [ RunTime:0.003000s ]
SQL: SHOW COLUMNS FROM `weijuer_music` [ RunTime:0.0040s ]
NOTIC: [8] Undefined variable: map E:\web\thinkphp\Application\Mobile\Controller\MusicController.class.php 第 21 行.
SQL: SELECT * FROM `weijuer_music` ORDER BY regdate desc LIMIT 10   [ RunTime:0.0010s ]

[ 2016-02-03T15:38:06+08:00 ] 127.0.0.1 /Mobile/Music/musicDataList
INFO: [ app_begin ] --START--
INFO: Run Behavior\ReadHtmlCacheBehavior [ RunTime:0.001000s ]
INFO: [ app_begin ] --END-- [ RunTime:0.001000s ]
SQL: SHOW COLUMNS FROM `weijuer_music` [ RunTime:0.0050s ]
NOTIC: [8] Undefined variable: map E:\web\thinkphp\Application\Mobile\Controller\MusicController.class.php 第 21 行.
SQL: SELECT * FROM `weijuer_music` ORDER BY regdate desc LIMIT 10   [ RunTime:0.0010s ]

[ 2016-02-03T15:41:38+08:00 ] 127.0.0.1 /Mobile/Music/musicDataList
INFO: [ app_begin ] --START--
INFO: Run Behavior\ReadHtmlCacheBehavior [ RunTime:0.001000s ]
INFO: [ app_begin ] --END-- [ RunTime:0.001000s ]
SQL: SHOW COLUMNS FROM `weijuer_music` [ RunTime:0.0060s ]
NOTIC: [8] Undefined variable: map E:\web\thinkphp\Application\Mobile\Controller\MusicController.class.php 第 21 行.
SQL: SELECT * FROM `weijuer_music` ORDER BY regdate desc LIMIT 10   [ RunTime:0.0000s ]

[ 2016-02-03T15:41:39+08:00 ] 127.0.0.1 /Mobile/Music/musicDataList
INFO: [ app_begin ] --START--
INFO: Run Behavior\ReadHtmlCacheBehavior [ RunTime:0.001000s ]
INFO: [ app_begin ] --END-- [ RunTime:0.002000s ]
SQL: SHOW COLUMNS FROM `weijuer_music` [ RunTime:0.0060s ]
NOTIC: [8] Undefined variable: map E:\web\thinkphp\Application\Mobile\Controller\MusicController.class.php 第 21 行.
SQL: SELECT * FROM `weijuer_music` ORDER BY regdate desc LIMIT 10   [ RunTime:0.0010s ]

[ 2016-02-03T15:42:37+08:00 ] 127.0.0.1 /Mobile/Music/musicDataList
INFO: [ app_begin ] --START--
INFO: Run Behavior\ReadHtmlCacheBehavior [ RunTime:0.000000s ]
INFO: [ app_begin ] --END-- [ RunTime:0.001000s ]
SQL: SHOW COLUMNS FROM `weijuer_music` [ RunTime:0.0050s ]
NOTIC: [8] Undefined variable: map E:\web\thinkphp\Application\Mobile\Controller\MusicController.class.php 第 21 行.
SQL: SELECT * FROM `weijuer_music` ORDER BY regdate desc LIMIT 10   [ RunTime:0.0000s ]

[ 2016-02-03T15:42:39+08:00 ] 127.0.0.1 /Mobile/Music/musicDataList
INFO: [ app_begin ] --START--
INFO: Run Behavior\ReadHtmlCacheBehavior [ RunTime:0.001001s ]
INFO: [ app_begin ] --END-- [ RunTime:0.002001s ]
SQL: SHOW COLUMNS FROM `weijuer_music` [ RunTime:0.0060s ]
NOTIC: [8] Undefined variable: map E:\web\thinkphp\Application\Mobile\Controller\MusicController.class.php 第 21 行.
SQL: SELECT * FROM `weijuer_music` ORDER BY regdate desc LIMIT 10   [ RunTime:0.0010s ]

[ 2016-02-03T15:42:47+08:00 ] 127.0.0.1 /Mobile/Music/musicDataList
INFO: [ app_begin ] --START--
INFO: Run Behavior\ReadHtmlCacheBehavior [ RunTime:0.001000s ]
INFO: [ app_begin ] --END-- [ RunTime:0.002000s ]
SQL: SHOW COLUMNS FROM `weijuer_music` [ RunTime:0.0060s ]
NOTIC: [8] Undefined variable: map E:\web\thinkphp\Application\Mobile\Controller\MusicController.class.php 第 21 行.
SQL: SELECT * FROM `weijuer_music` ORDER BY regdate desc LIMIT 10   [ RunTime:0.0010s ]

[ 2016-02-03T15:42:51+08:00 ] 127.0.0.1 /Mobile/Music/musicDataList
INFO: [ app_begin ] --START--
INFO: Run Behavior\ReadHtmlCacheBehavior [ RunTime:0.001000s ]
INFO: [ app_begin ] --END-- [ RunTime:0.003000s ]
SQL: SHOW COLUMNS FROM `weijuer_music` [ RunTime:0.0070s ]
NOTIC: [8] Undefined variable: map E:\web\thinkphp\Application\Mobile\Controller\MusicController.class.php 第 21 行.
SQL: SELECT * FROM `weijuer_music` ORDER BY regdate desc LIMIT 10   [ RunTime:0.0010s ]

[ 2016-02-03T15:42:53+08:00 ] 127.0.0.1 /Mobile/Music/musicDataList
INFO: [ app_begin ] --START--
INFO: Run Behavior\ReadHtmlCacheBehavior [ RunTime:0.001000s ]
INFO: [ app_begin ] --END-- [ RunTime:0.002000s ]
SQL: SHOW COLUMNS FROM `weijuer_music` [ RunTime:0.0060s ]
NOTIC: [8] Undefined variable: map E:\web\thinkphp\Application\Mobile\Controller\MusicController.class.php 第 21 行.
SQL: SELECT * FROM `weijuer_music` ORDER BY regdate desc LIMIT 10   [ RunTime:0.0010s ]

[ 2016-02-03T15:44:25+08:00 ] 127.0.0.1 /Mobile/Music/musicDataList
INFO: [ app_begin ] --START--
INFO: Run Behavior\ReadHtmlCacheBehavior [ RunTime:0.001000s ]
INFO: [ app_begin ] --END-- [ RunTime:0.001000s ]
SQL: SHOW COLUMNS FROM `weijuer_music` [ RunTime:0.0040s ]
NOTIC: [8] Undefined variable: map E:\web\thinkphp\Application\Mobile\Controller\MusicController.class.php 第 21 行.
SQL: SELECT * FROM `weijuer_music` ORDER BY regdate desc LIMIT 10   [ RunTime:0.0000s ]

[ 2016-02-03T15:44:45+08:00 ] 127.0.0.1 /Mobile/Music/musicDataList
INFO: [ app_begin ] --START--
INFO: Run Behavior\ReadHtmlCacheBehavior [ RunTime:0.002001s ]
INFO: [ app_begin ] --END-- [ RunTime:0.003001s ]
SQL: SHOW COLUMNS FROM `weijuer_music` [ RunTime:0.0040s ]
NOTIC: [8] Undefined variable: map E:\web\thinkphp\Application\Mobile\Controller\MusicController.class.php 第 21 行.
SQL: SELECT * FROM `weijuer_music` ORDER BY regdate desc LIMIT 10   [ RunTime:0.0000s ]

[ 2016-02-03T15:45:10+08:00 ] 127.0.0.1 /Mobile/Music/musicDataList
INFO: [ app_begin ] --START--
INFO: Run Behavior\ReadHtmlCacheBehavior [ RunTime:0.001000s ]
INFO: [ app_begin ] --END-- [ RunTime:0.002000s ]
SQL: SHOW COLUMNS FROM `weijuer_music` [ RunTime:0.0050s ]
NOTIC: [8] Undefined variable: map E:\web\thinkphp\Application\Mobile\Controller\MusicController.class.php 第 21 行.
SQL: SELECT * FROM `weijuer_music` ORDER BY regdate desc LIMIT 10   [ RunTime:0.0010s ]

[ 2016-02-03T15:45:34+08:00 ] 127.0.0.1 /Mobile/Music/musicDataList
INFO: [ app_begin ] --START--
INFO: Run Behavior\ReadHtmlCacheBehavior [ RunTime:0.002000s ]
INFO: [ app_begin ] --END-- [ RunTime:0.003000s ]
SQL: SHOW COLUMNS FROM `weijuer_music` [ RunTime:0.0200s ]
NOTIC: [8] Undefined variable: map E:\web\thinkphp\Application\Mobile\Controller\MusicController.class.php 第 21 行.
SQL: SELECT * FROM `weijuer_music` ORDER BY regdate desc LIMIT 10   [ RunTime:0.0010s ]

[ 2016-02-03T15:46:14+08:00 ] 127.0.0.1 /Mobile/Music/musicDataList
INFO: [ app_begin ] --START--
INFO: Run Behavior\ReadHtmlCacheBehavior [ RunTime:0.001000s ]
INFO: [ app_begin ] --END-- [ RunTime:0.002000s ]
SQL: SHOW COLUMNS FROM `weijuer_music` [ RunTime:0.0060s ]
NOTIC: [8] Undefined variable: map E:\web\thinkphp\Application\Mobile\Controller\MusicController.class.php 第 21 行.
SQL: SELECT * FROM `weijuer_music` ORDER BY regdate desc LIMIT 10   [ RunTime:0.0010s ]

[ 2016-02-03T15:46:15+08:00 ] 127.0.0.1 /Mobile/Music/musicDataList
INFO: [ app_begin ] --START--
INFO: Run Behavior\ReadHtmlCacheBehavior [ RunTime:0.001000s ]
INFO: [ app_begin ] --END-- [ RunTime:0.002000s ]
SQL: SHOW COLUMNS FROM `weijuer_music` [ RunTime:0.0060s ]
NOTIC: [8] Undefined variable: map E:\web\thinkphp\Application\Mobile\Controller\MusicController.class.php 第 21 行.
SQL: SELECT * FROM `weijuer_music` ORDER BY regdate desc LIMIT 10   [ RunTime:0.0010s ]

[ 2016-02-03T15:46:16+08:00 ] 127.0.0.1 /Mobile/Music/musicDataList
INFO: [ app_begin ] --START--
INFO: Run Behavior\ReadHtmlCacheBehavior [ RunTime:0.001000s ]
INFO: [ app_begin ] --END-- [ RunTime:0.003001s ]
SQL: SHOW COLUMNS FROM `weijuer_music` [ RunTime:0.0050s ]
NOTIC: [8] Undefined variable: map E:\web\thinkphp\Application\Mobile\Controller\MusicController.class.php 第 21 行.
SQL: SELECT * FROM `weijuer_music` ORDER BY regdate desc LIMIT 10   [ RunTime:0.0010s ]

[ 2016-02-03T15:46:16+08:00 ] 127.0.0.1 /Mobile/Music/musicDataList
INFO: [ app_begin ] --START--
INFO: Run Behavior\ReadHtmlCacheBehavior [ RunTime:0.001000s ]
INFO: [ app_begin ] --END-- [ RunTime:0.002000s ]
SQL: SHOW COLUMNS FROM `weijuer_music` [ RunTime:0.0050s ]
NOTIC: [8] Undefined variable: map E:\web\thinkphp\Application\Mobile\Controller\MusicController.class.php 第 21 行.
SQL: SELECT * FROM `weijuer_music` ORDER BY regdate desc LIMIT 10   [ RunTime:0.0000s ]

[ 2016-02-03T15:47:06+08:00 ] 127.0.0.1 /Mobile/Music/musicDataList
INFO: [ app_begin ] --START--
INFO: Run Behavior\ReadHtmlCacheBehavior [ RunTime:0.001000s ]
INFO: [ app_begin ] --END-- [ RunTime:0.002000s ]
SQL: SHOW COLUMNS FROM `weijuer_music` [ RunTime:0.0050s ]
NOTIC: [8] Undefined variable: map E:\web\thinkphp\Application\Mobile\Controller\MusicController.class.php 第 21 行.
SQL: SELECT * FROM `weijuer_music` ORDER BY regdate desc LIMIT 10   [ RunTime:0.0000s ]

[ 2016-02-03T15:47:08+08:00 ] 127.0.0.1 /Mobile/Music/musicDataList
INFO: [ app_begin ] --START--
INFO: Run Behavior\ReadHtmlCacheBehavior [ RunTime:0.001000s ]
INFO: [ app_begin ] --END-- [ RunTime:0.002000s ]
SQL: SHOW COLUMNS FROM `weijuer_music` [ RunTime:0.0060s ]
NOTIC: [8] Undefined variable: map E:\web\thinkphp\Application\Mobile\Controller\MusicController.class.php 第 21 行.
SQL: SELECT * FROM `weijuer_music` ORDER BY regdate desc LIMIT 10   [ RunTime:0.0000s ]

[ 2016-02-03T15:47:47+08:00 ] 127.0.0.1 /Mobile/Music/musicDataList
INFO: [ app_begin ] --START--
INFO: Run Behavior\ReadHtmlCacheBehavior [ RunTime:0.001000s ]
INFO: [ app_begin ] --END-- [ RunTime:0.002000s ]
SQL: SHOW COLUMNS FROM `weijuer_music` [ RunTime:0.0060s ]
NOTIC: [8] Undefined variable: map E:\web\thinkphp\Application\Mobile\Controller\MusicController.class.php 第 21 行.
SQL: SELECT * FROM `weijuer_music` ORDER BY regdate desc LIMIT 10   [ RunTime:0.0010s ]

[ 2016-02-03T15:48:06+08:00 ] 127.0.0.1 /Mobile/Music/musicDataList
INFO: [ app_begin ] --START--
INFO: Run Behavior\ReadHtmlCacheBehavior [ RunTime:0.001000s ]
INFO: [ app_begin ] --END-- [ RunTime:0.003000s ]
SQL: SHOW COLUMNS FROM `weijuer_music` [ RunTime:0.0050s ]
NOTIC: [8] Undefined variable: map E:\web\thinkphp\Application\Mobile\Controller\MusicController.class.php 第 21 行.
SQL: SELECT * FROM `weijuer_music` ORDER BY regdate desc LIMIT 10   [ RunTime:0.0000s ]

[ 2016-02-03T15:48:15+08:00 ] 127.0.0.1 /Mobile/Music/musicDataList
INFO: [ app_begin ] --START--
INFO: Run Behavior\ReadHtmlCacheBehavior [ RunTime:0.001000s ]
INFO: [ app_begin ] --END-- [ RunTime:0.001000s ]
SQL: SHOW COLUMNS FROM `weijuer_music` [ RunTime:0.0030s ]
NOTIC: [8] Undefined variable: map E:\web\thinkphp\Application\Mobile\Controller\MusicController.class.php 第 21 行.
SQL: SELECT * FROM `weijuer_music` ORDER BY regdate desc LIMIT 10   [ RunTime:0.0000s ]

[ 2016-02-03T15:50:19+08:00 ] 127.0.0.1 /Mobile/Music/musicDataList
INFO: [ app_begin ] --START--
INFO: Run Behavior\ReadHtmlCacheBehavior [ RunTime:0.001000s ]
INFO: [ app_begin ] --END-- [ RunTime:0.005000s ]
SQL: SHOW COLUMNS FROM `weijuer_music` [ RunTime:0.0050s ]
NOTIC: [8] Undefined variable: map E:\web\thinkphp\Application\Mobile\Controller\MusicController.class.php 第 21 行.
SQL: SELECT * FROM `weijuer_music` ORDER BY regdate desc LIMIT 10   [ RunTime:0.0010s ]

[ 2016-02-03T15:50:48+08:00 ] 127.0.0.1 /Mobile/Music/musicDataList
INFO: [ app_begin ] --START--
INFO: Run Behavior\ReadHtmlCacheBehavior [ RunTime:0.001000s ]
INFO: [ app_begin ] --END-- [ RunTime:0.002001s ]
SQL: SHOW COLUMNS FROM `weijuer_music` [ RunTime:0.0060s ]
NOTIC: [8] Undefined variable: map E:\web\thinkphp\Application\Mobile\Controller\MusicController.class.php 第 21 行.
SQL: SELECT * FROM `weijuer_music` ORDER BY regdate desc LIMIT 10   [ RunTime:0.0010s ]

[ 2016-02-03T15:51:05+08:00 ] 127.0.0.1 /Mobile/Music/musicDataList
INFO: [ app_begin ] --START--
INFO: Run Behavior\ReadHtmlCacheBehavior [ RunTime:0.002000s ]
INFO: [ app_begin ] --END-- [ RunTime:0.002000s ]
SQL: SHOW COLUMNS FROM `weijuer_music` [ RunTime:0.0060s ]
NOTIC: [8] Undefined variable: map E:\web\thinkphp\Application\Mobile\Controller\MusicController.class.php 第 21 行.
SQL: SELECT * FROM `weijuer_music` ORDER BY regdate desc LIMIT 10   [ RunTime:0.0020s ]

[ 2016-02-03T15:51:10+08:00 ] 127.0.0.1 /Mobile/Music/musicDataList
INFO: [ app_begin ] --START--
INFO: Run Behavior\ReadHtmlCacheBehavior [ RunTime:0.001000s ]
INFO: [ app_begin ] --END-- [ RunTime:0.002000s ]
SQL: SHOW COLUMNS FROM `weijuer_music` [ RunTime:0.0150s ]
NOTIC: [8] Undefined variable: map E:\web\thinkphp\Application\Mobile\Controller\MusicController.class.php 第 21 行.
SQL: SELECT * FROM `weijuer_music` ORDER BY regdate desc LIMIT 10   [ RunTime:0.0020s ]

[ 2016-02-03T15:51:11+08:00 ] 127.0.0.1 /Mobile/Music/musicDataList
INFO: [ app_begin ] --START--
INFO: Run Behavior\ReadHtmlCacheBehavior [ RunTime:0.000000s ]
INFO: [ app_begin ] --END-- [ RunTime:0.002000s ]
SQL: SHOW COLUMNS FROM `weijuer_music` [ RunTime:0.0040s ]
NOTIC: [8] Undefined variable: map E:\web\thinkphp\Application\Mobile\Controller\MusicController.class.php 第 21 行.
SQL: SELECT * FROM `weijuer_music` ORDER BY regdate desc LIMIT 10   [ RunTime:0.0000s ]

[ 2016-02-03T15:51:13+08:00 ] 127.0.0.1 /Mobile/Music/musicDataList
INFO: [ app_begin ] --START--
INFO: Run Behavior\ReadHtmlCacheBehavior [ RunTime:0.000000s ]
INFO: [ app_begin ] --END-- [ RunTime:0.002000s ]
SQL: SHOW COLUMNS FROM `weijuer_music` [ RunTime:0.0040s ]
NOTIC: [8] Undefined variable: map E:\web\thinkphp\Application\Mobile\Controller\MusicController.class.php 第 21 行.
SQL: SELECT * FROM `weijuer_music` ORDER BY regdate desc LIMIT 10   [ RunTime:0.0000s ]

[ 2016-02-03T15:51:17+08:00 ] 127.0.0.1 /Mobile/Music/musicDataList
INFO: [ app_begin ] --START--
INFO: Run Behavior\ReadHtmlCacheBehavior [ RunTime:0.001000s ]
INFO: [ app_begin ] --END-- [ RunTime:0.002000s ]
SQL: SHOW COLUMNS FROM `weijuer_music` [ RunTime:0.0040s ]
NOTIC: [8] Undefined variable: map E:\web\thinkphp\Application\Mobile\Controller\MusicController.class.php 第 21 行.
SQL: SELECT * FROM `weijuer_music` ORDER BY regdate desc LIMIT 10   [ RunTime:0.0000s ]

[ 2016-02-03T15:52:38+08:00 ] 127.0.0.1 /Mobile/Music/musicDataList
INFO: [ app_begin ] --START--
INFO: Run Behavior\ReadHtmlCacheBehavior [ RunTime:0.001000s ]
INFO: [ app_begin ] --END-- [ RunTime:0.001000s ]
SQL: SHOW COLUMNS FROM `weijuer_music` [ RunTime:0.0040s ]
NOTIC: [8] Undefined variable: map E:\web\thinkphp\Application\Mobile\Controller\MusicController.class.php 第 21 行.
SQL: SELECT * FROM `weijuer_music` ORDER BY regdate desc LIMIT 10   [ RunTime:0.0010s ]

[ 2016-02-03T15:52:43+08:00 ] 127.0.0.1 /Mobile/Music/musicDataList
INFO: [ app_begin ] --START--
INFO: Run Behavior\ReadHtmlCacheBehavior [ RunTime:0.002000s ]
INFO: [ app_begin ] --END-- [ RunTime:0.003000s ]
SQL: SHOW COLUMNS FROM `weijuer_music` [ RunTime:0.0050s ]
NOTIC: [8] Undefined variable: map E:\web\thinkphp\Application\Mobile\Controller\MusicController.class.php 第 21 行.
SQL: SELECT * FROM `weijuer_music` ORDER BY regdate desc LIMIT 10   [ RunTime:0.0000s ]

[ 2016-02-03T15:52:45+08:00 ] 127.0.0.1 /Mobile/Music/musicDataList
INFO: [ app_begin ] --START--
INFO: Run Behavior\ReadHtmlCacheBehavior [ RunTime:0.000000s ]
INFO: [ app_begin ] --END-- [ RunTime:0.001000s ]
SQL: SHOW COLUMNS FROM `weijuer_music` [ RunTime:0.0060s ]
NOTIC: [8] Undefined variable: map E:\web\thinkphp\Application\Mobile\Controller\MusicController.class.php 第 21 行.
SQL: SELECT * FROM `weijuer_music` ORDER BY regdate desc LIMIT 10   [ RunTime:0.0000s ]

[ 2016-02-03T15:53:02+08:00 ] 127.0.0.1 /Mobile/Music/musicDataList
INFO: [ app_begin ] --START--
INFO: Run Behavior\ReadHtmlCacheBehavior [ RunTime:0.001000s ]
INFO: [ app_begin ] --END-- [ RunTime:0.002000s ]
SQL: SHOW COLUMNS FROM `weijuer_music` [ RunTime:0.0060s ]
NOTIC: [8] Undefined variable: map E:\web\thinkphp\Application\Mobile\Controller\MusicController.class.php 第 21 行.
SQL: SELECT * FROM `weijuer_music` ORDER BY regdate desc LIMIT 10   [ RunTime:0.0010s ]

[ 2016-02-03T15:53:03+08:00 ] 127.0.0.1 /Mobile/Music/musicDataList
INFO: [ app_begin ] --START--
INFO: Run Behavior\ReadHtmlCacheBehavior [ RunTime:0.001000s ]
INFO: [ app_begin ] --END-- [ RunTime:0.002000s ]
SQL: SHOW COLUMNS FROM `weijuer_music` [ RunTime:0.0100s ]
NOTIC: [8] Undefined variable: map E:\web\thinkphp\Application\Mobile\Controller\MusicController.class.php 第 21 行.
SQL: SELECT * FROM `weijuer_music` ORDER BY regdate desc LIMIT 10   [ RunTime:0.0010s ]

[ 2016-02-03T15:53:59+08:00 ] 127.0.0.1 /Mobile/Music/musicDataList
INFO: [ app_begin ] --START--
INFO: Run Behavior\ReadHtmlCacheBehavior [ RunTime:0.002000s ]
INFO: [ app_begin ] --END-- [ RunTime:0.003000s ]
SQL: SHOW COLUMNS FROM `weijuer_music` [ RunTime:0.0060s ]
NOTIC: [8] Undefined variable: map E:\web\thinkphp\Application\Mobile\Controller\MusicController.class.php 第 21 行.
SQL: SELECT * FROM `weijuer_music` ORDER BY regdate desc LIMIT 10   [ RunTime:0.0010s ]

[ 2016-02-03T15:54:04+08:00 ] 127.0.0.1 /Mobile/Music/musicDataList
INFO: [ app_begin ] --START--
INFO: Run Behavior\ReadHtmlCacheBehavior [ RunTime:0.001000s ]
INFO: [ app_begin ] --END-- [ RunTime:0.002000s ]
SQL: SHOW COLUMNS FROM `weijuer_music` [ RunTime:0.0110s ]
NOTIC: [8] Undefined variable: map E:\web\thinkphp\Application\Mobile\Controller\MusicController.class.php 第 21 行.
SQL: SELECT * FROM `weijuer_music` ORDER BY regdate desc LIMIT 10   [ RunTime:0.0010s ]

[ 2016-02-03T15:54:20+08:00 ] 127.0.0.1 /Mobile/Music/musicDataList
INFO: [ app_begin ] --START--
INFO: Run Behavior\ReadHtmlCacheBehavior [ RunTime:0.001000s ]
INFO: [ app_begin ] --END-- [ RunTime:0.002000s ]
SQL: SHOW COLUMNS FROM `weijuer_music` [ RunTime:0.0060s ]
NOTIC: [8] Undefined variable: map E:\web\thinkphp\Application\Mobile\Controller\MusicController.class.php 第 21 行.
SQL: SELECT * FROM `weijuer_music` ORDER BY regdate desc LIMIT 10   [ RunTime:0.0010s ]

[ 2016-02-03T15:54:22+08:00 ] 127.0.0.1 /Mobile/Music/musicDataList
INFO: [ app_begin ] --START--
INFO: Run Behavior\ReadHtmlCacheBehavior [ RunTime:0.001000s ]
INFO: [ app_begin ] --END-- [ RunTime:0.001000s ]
SQL: SHOW COLUMNS FROM `weijuer_music` [ RunTime:0.0110s ]
NOTIC: [8] Undefined variable: map E:\web\thinkphp\Application\Mobile\Controller\MusicController.class.php 第 21 行.
SQL: SELECT * FROM `weijuer_music` ORDER BY regdate desc LIMIT 10   [ RunTime:0.0010s ]

[ 2016-02-03T15:57:09+08:00 ] 127.0.0.1 /Mobile/Music/musicDataList
INFO: [ app_begin ] --START--
INFO: Run Behavior\ReadHtmlCacheBehavior [ RunTime:0.001001s ]
INFO: [ app_begin ] --END-- [ RunTime:0.002001s ]
SQL: SHOW COLUMNS FROM `weijuer_music` [ RunTime:0.0070s ]
NOTIC: [8] Undefined variable: map E:\web\thinkphp\Application\Mobile\Controller\MusicController.class.php 第 21 行.
SQL: SELECT * FROM `weijuer_music` ORDER BY regdate desc LIMIT 10   [ RunTime:0.0010s ]

[ 2016-02-03T15:57:13+08:00 ] 127.0.0.1 /Mobile/Music/musicDataList
INFO: [ app_begin ] --START--
INFO: Run Behavior\ReadHtmlCacheBehavior [ RunTime:0.001000s ]
INFO: [ app_begin ] --END-- [ RunTime:0.002000s ]
SQL: SHOW COLUMNS FROM `weijuer_music` [ RunTime:0.0040s ]
NOTIC: [8] Undefined variable: map E:\web\thinkphp\Application\Mobile\Controller\MusicController.class.php 第 21 行.
SQL: SELECT * FROM `weijuer_music` ORDER BY regdate desc LIMIT 10   [ RunTime:0.0000s ]

[ 2016-02-03T15:57:57+08:00 ] 127.0.0.1 /Mobile/Music/musicDataList
INFO: [ app_begin ] --START--
INFO: Run Behavior\ReadHtmlCacheBehavior [ RunTime:0.001000s ]
INFO: [ app_begin ] --END-- [ RunTime:0.002000s ]
SQL: SHOW COLUMNS FROM `weijuer_music` [ RunTime:0.0070s ]
NOTIC: [8] Undefined variable: map E:\web\thinkphp\Application\Mobile\Controller\MusicController.class.php 第 21 行.
SQL: SELECT * FROM `weijuer_music` ORDER BY regdate desc LIMIT 10   [ RunTime:0.0050s ]

[ 2016-02-03T15:57:59+08:00 ] 127.0.0.1 /Mobile/Music/musicDataList
INFO: [ app_begin ] --START--
INFO: Run Behavior\ReadHtmlCacheBehavior [ RunTime:0.001000s ]
INFO: [ app_begin ] --END-- [ RunTime:0.002001s ]
SQL: SHOW COLUMNS FROM `weijuer_music` [ RunTime:0.0060s ]
NOTIC: [8] Undefined variable: map E:\web\thinkphp\Application\Mobile\Controller\MusicController.class.php 第 21 行.
SQL: SELECT * FROM `weijuer_music` ORDER BY regdate desc LIMIT 10   [ RunTime:0.0010s ]

[ 2016-02-03T15:59:31+08:00 ] 127.0.0.1 /Mobile/Music/musicDataList
INFO: [ app_begin ] --START--
INFO: Run Behavior\ReadHtmlCacheBehavior [ RunTime:0.001000s ]
INFO: [ app_begin ] --END-- [ RunTime:0.001000s ]
SQL: SHOW COLUMNS FROM `weijuer_music` [ RunTime:0.0070s ]
NOTIC: [8] Undefined variable: map E:\web\thinkphp\Application\Mobile\Controller\MusicController.class.php 第 21 行.
SQL: SELECT * FROM `weijuer_music` ORDER BY regdate desc LIMIT 10   [ RunTime:0.0000s ]

[ 2016-02-03T15:59:53+08:00 ] 127.0.0.1 /Mobile/Music/musicDataList
INFO: [ app_begin ] --START--
INFO: Run Behavior\ReadHtmlCacheBehavior [ RunTime:0.001000s ]
INFO: [ app_begin ] --END-- [ RunTime:0.002000s ]
SQL: SHOW COLUMNS FROM `weijuer_music` [ RunTime:0.0050s ]
NOTIC: [8] Undefined variable: map E:\web\thinkphp\Application\Mobile\Controller\MusicController.class.php 第 21 行.
SQL: SELECT * FROM `weijuer_music` ORDER BY regdate desc LIMIT 10   [ RunTime:0.0010s ]

[ 2016-02-03T15:59:56+08:00 ] 127.0.0.1 /Mobile/Music/musicDataList
INFO: [ app_begin ] --START--
INFO: Run Behavior\ReadHtmlCacheBehavior [ RunTime:0.001000s ]
INFO: [ app_begin ] --END-- [ RunTime:0.001000s ]
SQL: SHOW COLUMNS FROM `weijuer_music` [ RunTime:0.0040s ]
NOTIC: [8] Undefined variable: map E:\web\thinkphp\Application\Mobile\Controller\MusicController.class.php 第 21 行.
SQL: SELECT * FROM `weijuer_music` ORDER BY regdate desc LIMIT 10   [ RunTime:0.0000s ]

[ 2016-02-03T16:00:29+08:00 ] 127.0.0.1 /Mobile/Music/musicDataList
INFO: [ app_begin ] --START--
INFO: Run Behavior\ReadHtmlCacheBehavior [ RunTime:0.002000s ]
INFO: [ app_begin ] --END-- [ RunTime:0.002000s ]
SQL: SHOW COLUMNS FROM `weijuer_music` [ RunTime:0.0060s ]
NOTIC: [8] Undefined variable: map E:\web\thinkphp\Application\Mobile\Controller\MusicController.class.php 第 21 行.
SQL: SELECT * FROM `weijuer_music` ORDER BY regdate desc LIMIT 10   [ RunTime:0.0010s ]

[ 2016-02-03T16:00:39+08:00 ] 127.0.0.1 /Mobile/Music/musicDataList
INFO: [ app_begin ] --START--
INFO: Run Behavior\ReadHtmlCacheBehavior [ RunTime:0.001000s ]
INFO: [ app_begin ] --END-- [ RunTime:0.003000s ]
SQL: SHOW COLUMNS FROM `weijuer_music` [ RunTime:0.0060s ]
NOTIC: [8] Undefined variable: map E:\web\thinkphp\Application\Mobile\Controller\MusicController.class.php 第 21 行.
SQL: SELECT * FROM `weijuer_music` ORDER BY regdate desc LIMIT 10   [ RunTime:0.0010s ]

[ 2016-02-03T16:00:49+08:00 ] 127.0.0.1 /Mobile/Music/musicDataList
INFO: [ app_begin ] --START--
INFO: Run Behavior\ReadHtmlCacheBehavior [ RunTime:0.001000s ]
INFO: [ app_begin ] --END-- [ RunTime:0.001000s ]
SQL: SHOW COLUMNS FROM `weijuer_music` [ RunTime:0.0100s ]
NOTIC: [8] Undefined variable: map E:\web\thinkphp\Application\Mobile\Controller\MusicController.class.php 第 21 行.
SQL: SELECT * FROM `weijuer_music` ORDER BY regdate desc LIMIT 10   [ RunTime:0.0010s ]

[ 2016-02-03T16:02:24+08:00 ] 127.0.0.1 /Mobile/Music/musicDataList
INFO: [ app_begin ] --START--
INFO: Run Behavior\ReadHtmlCacheBehavior [ RunTime:0.001000s ]
INFO: [ app_begin ] --END-- [ RunTime:0.002000s ]
SQL: SHOW COLUMNS FROM `weijuer_music` [ RunTime:0.0070s ]
NOTIC: [8] Undefined variable: map E:\web\thinkphp\Application\Mobile\Controller\MusicController.class.php 第 21 行.
SQL: SELECT * FROM `weijuer_music` ORDER BY regdate desc LIMIT 10   [ RunTime:0.0010s ]

[ 2016-02-03T16:02:31+08:00 ] 127.0.0.1 /Mobile/Music/musicDataList
INFO: [ app_begin ] --START--
INFO: Run Behavior\ReadHtmlCacheBehavior [ RunTime:0.001000s ]
INFO: [ app_begin ] --END-- [ RunTime:0.003000s ]
SQL: SHOW COLUMNS FROM `weijuer_music` [ RunTime:0.0120s ]
NOTIC: [8] Undefined variable: map E:\web\thinkphp\Application\Mobile\Controller\MusicController.class.php 第 21 行.
SQL: SELECT * FROM `weijuer_music` ORDER BY regdate desc LIMIT 10   [ RunTime:0.0000s ]

[ 2016-02-03T16:08:01+08:00 ] 127.0.0.1 /Mobile/Music/musicDataList
INFO: [ app_begin ] --START--
INFO: Run Behavior\ReadHtmlCacheBehavior [ RunTime:0.001000s ]
INFO: [ app_begin ] --END-- [ RunTime:0.003000s ]
SQL: SHOW COLUMNS FROM `weijuer_music` [ RunTime:0.0040s ]
NOTIC: [8] Undefined variable: map E:\web\thinkphp\Application\Mobile\Controller\MusicController.class.php 第 21 行.
SQL: SELECT * FROM `weijuer_music` ORDER BY regdate desc LIMIT 10   [ RunTime:0.0010s ]

[ 2016-02-03T16:08:18+08:00 ] 127.0.0.1 /Mobile/Music/musicDataList
INFO: [ app_begin ] --START--
INFO: Run Behavior\ReadHtmlCacheBehavior [ RunTime:0.001000s ]
INFO: [ app_begin ] --END-- [ RunTime:0.003000s ]
SQL: SHOW COLUMNS FROM `weijuer_music` [ RunTime:0.0170s ]
NOTIC: [8] Undefined variable: map E:\web\thinkphp\Application\Mobile\Controller\MusicController.class.php 第 21 行.
SQL: SELECT * FROM `weijuer_music` ORDER BY regdate desc LIMIT 10   [ RunTime:0.0010s ]

[ 2016-02-03T16:10:56+08:00 ] 127.0.0.1 /Mobile/Music/musicDataList
INFO: [ app_begin ] --START--
INFO: Run Behavior\ReadHtmlCacheBehavior [ RunTime:0.001000s ]
INFO: [ app_begin ] --END-- [ RunTime:0.002000s ]
SQL: SHOW COLUMNS FROM `weijuer_music` [ RunTime:0.0120s ]
NOTIC: [8] Undefined variable: map E:\web\thinkphp\Application\Mobile\Controller\MusicController.class.php 第 21 行.
SQL: SELECT * FROM `weijuer_music` ORDER BY regdate desc LIMIT 10   [ RunTime:0.0000s ]

[ 2016-02-03T16:11:01+08:00 ] 127.0.0.1 /Mobile/Music/musicDataList
INFO: [ app_begin ] --START--
INFO: Run Behavior\ReadHtmlCacheBehavior [ RunTime:0.004000s ]
INFO: [ app_begin ] --END-- [ RunTime:0.015001s ]
SQL: SHOW COLUMNS FROM `weijuer_music` [ RunTime:0.0050s ]
NOTIC: [8] Undefined variable: map E:\web\thinkphp\Application\Mobile\Controller\MusicController.class.php 第 21 行.
SQL: SELECT * FROM `weijuer_music` ORDER BY regdate desc LIMIT 10   [ RunTime:0.0010s ]

[ 2016-02-03T16:11:05+08:00 ] 127.0.0.1 /Mobile/Music/musicDataList
INFO: [ app_begin ] --START--
INFO: Run Behavior\ReadHtmlCacheBehavior [ RunTime:0.002000s ]
INFO: [ app_begin ] --END-- [ RunTime:0.003001s ]
SQL: SHOW COLUMNS FROM `weijuer_music` [ RunTime:0.0050s ]
NOTIC: [8] Undefined variable: map E:\web\thinkphp\Application\Mobile\Controller\MusicController.class.php 第 21 行.
SQL: SELECT * FROM `weijuer_music` ORDER BY regdate desc LIMIT 10   [ RunTime:0.0000s ]

[ 2016-02-03T16:11:15+08:00 ] 127.0.0.1 /Mobile/Music/musicDataList
INFO: [ app_begin ] --START--
INFO: Run Behavior\ReadHtmlCacheBehavior [ RunTime:0.001000s ]
INFO: [ app_begin ] --END-- [ RunTime:0.002000s ]
SQL: SHOW COLUMNS FROM `weijuer_music` [ RunTime:0.0050s ]
NOTIC: [8] Undefined variable: map E:\web\thinkphp\Application\Mobile\Controller\MusicController.class.php 第 21 行.
SQL: SELECT * FROM `weijuer_music` ORDER BY regdate desc LIMIT 10   [ RunTime:0.0010s ]

[ 2016-02-03T16:13:55+08:00 ] 127.0.0.1 /Mobile/Music/musicDataList
INFO: [ app_begin ] --START--
INFO: Run Behavior\ReadHtmlCacheBehavior [ RunTime:0.001000s ]
INFO: [ app_begin ] --END-- [ RunTime:0.002000s ]
SQL: SHOW COLUMNS FROM `weijuer_music` [ RunTime:0.0100s ]
NOTIC: [8] Undefined variable: map E:\web\thinkphp\Application\Mobile\Controller\MusicController.class.php 第 21 行.
SQL: SELECT * FROM `weijuer_music` ORDER BY regdate desc LIMIT 10   [ RunTime:0.0010s ]

[ 2016-02-03T16:14:07+08:00 ] 127.0.0.1 /Mobile/Music/musicDataList
INFO: [ app_begin ] --START--
INFO: Run Behavior\ReadHtmlCacheBehavior [ RunTime:0.000000s ]
INFO: [ app_begin ] --END-- [ RunTime:0.001000s ]
SQL: SHOW COLUMNS FROM `weijuer_music` [ RunTime:0.0040s ]
NOTIC: [8] Undefined variable: map E:\web\thinkphp\Application\Mobile\Controller\MusicController.class.php 第 21 行.
SQL: SELECT * FROM `weijuer_music` ORDER BY regdate desc LIMIT 10   [ RunTime:0.0010s ]

[ 2016-02-03T16:14:13+08:00 ] 127.0.0.1 /Mobile/Music/musicDataList
INFO: [ app_begin ] --START--
INFO: Run Behavior\ReadHtmlCacheBehavior [ RunTime:0.001000s ]
INFO: [ app_begin ] --END-- [ RunTime:0.001000s ]
SQL: SHOW COLUMNS FROM `weijuer_music` [ RunTime:0.0040s ]
NOTIC: [8] Undefined variable: map E:\web\thinkphp\Application\Mobile\Controller\MusicController.class.php 第 21 行.
SQL: SELECT * FROM `weijuer_music` ORDER BY regdate desc LIMIT 10   [ RunTime:0.0000s ]

[ 2016-02-03T16:14:24+08:00 ] 127.0.0.1 /Mobile/Music/musicDataList
INFO: [ app_begin ] --START--
INFO: Run Behavior\ReadHtmlCacheBehavior [ RunTime:0.001000s ]
INFO: [ app_begin ] --END-- [ RunTime:0.001000s ]
SQL: SHOW COLUMNS FROM `weijuer_music` [ RunTime:0.0050s ]
NOTIC: [8] Undefined variable: map E:\web\thinkphp\Application\Mobile\Controller\MusicController.class.php 第 21 行.
SQL: SELECT * FROM `weijuer_music` ORDER BY regdate desc LIMIT 10   [ RunTime:0.0010s ]

[ 2016-02-03T16:14:44+08:00 ] 127.0.0.1 /Mobile/Music/musicDataList
INFO: [ app_begin ] --START--
INFO: Run Behavior\ReadHtmlCacheBehavior [ RunTime:0.001000s ]
INFO: [ app_begin ] --END-- [ RunTime:0.002000s ]
SQL: SHOW COLUMNS FROM `weijuer_music` [ RunTime:0.0120s ]
NOTIC: [8] Undefined variable: map E:\web\thinkphp\Application\Mobile\Controller\MusicController.class.php 第 21 行.
SQL: SELECT * FROM `weijuer_music` ORDER BY regdate desc LIMIT 10   [ RunTime:0.0010s ]

[ 2016-02-03T16:15:50+08:00 ] 127.0.0.1 /Mobile/Music/musicDataList
INFO: [ app_begin ] --START--
INFO: Run Behavior\ReadHtmlCacheBehavior [ RunTime:0.001000s ]
INFO: [ app_begin ] --END-- [ RunTime:0.002001s ]
SQL: SHOW COLUMNS FROM `weijuer_music` [ RunTime:0.0050s ]
NOTIC: [8] Undefined variable: map E:\web\thinkphp\Application\Mobile\Controller\MusicController.class.php 第 21 行.
SQL: SELECT * FROM `weijuer_music` ORDER BY regdate desc LIMIT 10   [ RunTime:0.0000s ]

