[ 2016-01-28T20:41:49+08:00 ] 127.0.0.1 /Mobile/Index/index.shtml
INFO: [ app_init ] --START--
INFO: Run Behavior\BuildLiteBehavior [ RunTime:0.000077s ]
INFO: [ app_init ] --END-- [ RunTime:0.010013s ]
INFO: [ app_begin ] --START--
INFO: Run Behavior\ReadHtmlCacheBehavior [ RunTime:0.001738s ]
INFO: [ app_begin ] --END-- [ RunTime:0.002192s ]

[ 2016-01-28T20:42:07+08:00 ] 127.0.0.1 /Mobile/Index/index.shtml
INFO: [ app_init ] --START--
INFO: Run Behavior\BuildLiteBehavior [ RunTime:0.000055s ]
INFO: [ app_init ] --END-- [ RunTime:0.000849s ]
INFO: [ app_begin ] --START--
INFO: Run Behavior\ReadHtmlCacheBehavior [ RunTime:0.000944s ]
INFO: [ app_begin ] --END-- [ RunTime:0.001187s ]
SQL: SHOW COLUMNS FROM `weijuer_videos` [ RunTime:0.0057s ]
NOTIC: [8] Undefined variable: map E:\Web\thinkphp\Application\Mobile\Controller\IndexController.class.php 第 25 行.
SQL: SELECT * FROM `weijuer_videos` ORDER BY regdate desc LIMIT 10   [ RunTime:0.0008s ]
INFO: [ view_parse ] --START--
INFO: [ template_filter ] --START--
INFO: Run Behavior\ContentReplaceBehavior [ RunTime:0.000158s ]
INFO: [ template_filter ] --END-- [ RunTime:0.000342s ]
INFO: Run Behavior\ParseTemplateBehavior [ RunTime:1.081209s ]
INFO: [ view_parse ] --END-- [ RunTime:1.081408s ]
INFO: [ view_filter ] --START--
INFO: Run Behavior\WriteHtmlCacheBehavior [ RunTime:0.000470s ]
INFO: [ view_filter ] --END-- [ RunTime:0.000635s ]
INFO: [ app_end ] --START--
INFO: Run Behavior\ShowPageTraceBehavior [ RunTime:0.000759s ]
INFO: [ app_end ] --END-- [ RunTime:0.000940s ]

[ 2016-01-28T20:42:10+08:00 ] 127.0.0.1 /Mobile/Index/index.shtml
INFO: [ app_init ] --START--
INFO: Run Behavior\BuildLiteBehavior [ RunTime:0.000089s ]
INFO: [ app_init ] --END-- [ RunTime:0.001988s ]
INFO: [ app_begin ] --START--
INFO: Run Behavior\ReadHtmlCacheBehavior [ RunTime:0.002263s ]
INFO: [ app_begin ] --END-- [ RunTime:0.002692s ]
SQL: SHOW COLUMNS FROM `weijuer_videos` [ RunTime:0.1458s ]
NOTIC: [8] Undefined variable: map E:\Web\thinkphp\Application\Mobile\Controller\IndexController.class.php 第 25 行.
SQL: SELECT * FROM `weijuer_videos` ORDER BY regdate desc LIMIT 10   [ RunTime:0.0013s ]
INFO: [ view_parse ] --START--
INFO: [ template_filter ] --START--
INFO: Run Behavior\ContentReplaceBehavior [ RunTime:0.000371s ]
INFO: [ template_filter ] --END-- [ RunTime:0.000796s ]
INFO: Run Behavior\ParseTemplateBehavior [ RunTime:0.049668s ]
INFO: [ view_parse ] --END-- [ RunTime:0.050092s ]
INFO: [ view_filter ] --START--
INFO: Run Behavior\WriteHtmlCacheBehavior [ RunTime:0.001069s ]
INFO: [ view_filter ] --END-- [ RunTime:0.001474s ]
INFO: [ app_end ] --START--
INFO: Run Behavior\ShowPageTraceBehavior [ RunTime:0.001686s ]
INFO: [ app_end ] --END-- [ RunTime:0.002827s ]

[ 2016-01-28T21:35:41+08:00 ] 127.0.0.1 /Mobile/music/musicList.shtml
INFO: [ app_init ] --START--
INFO: Run Behavior\BuildLiteBehavior [ RunTime:0.000096s ]
INFO: [ app_init ] --END-- [ RunTime:0.012866s ]
INFO: [ app_begin ] --START--
INFO: Run Behavior\ReadHtmlCacheBehavior [ RunTime:0.002629s ]
INFO: [ app_begin ] --END-- [ RunTime:0.003169s ]
INFO: [ view_parse ] --START--
INFO: [ template_filter ] --START--
INFO: Run Behavior\ContentReplaceBehavior [ RunTime:0.000287s ]
INFO: [ template_filter ] --END-- [ RunTime:0.000730s ]
NOTIC: [8] Undefined variable: video E:\Web\thinkphp\Application\Runtime\Cache\Mobile\7bb193091783207b3e1eb7409d2b74c2.php 第 29 行.
NOTIC: [8] Undefined variable: video E:\Web\thinkphp\Application\Runtime\Cache\Mobile\7bb193091783207b3e1eb7409d2b74c2.php 第 58 行.
INFO: Run Behavior\ParseTemplateBehavior [ RunTime:0.084768s ]
INFO: [ view_parse ] --END-- [ RunTime:0.085219s ]
INFO: [ view_filter ] --START--
INFO: Run Behavior\WriteHtmlCacheBehavior [ RunTime:0.031021s ]
INFO: [ view_filter ] --END-- [ RunTime:0.031426s ]
INFO: [ app_end ] --START--
INFO: Run Behavior\ShowPageTraceBehavior [ RunTime:0.010517s ]
INFO: [ app_end ] --END-- [ RunTime:0.010933s ]

[ 2016-01-28T21:35:42+08:00 ] 127.0.0.1 /Mobile/music/data/ywaq.jpg
INFO: [ app_init ] --START--
INFO: Run Behavior\BuildLiteBehavior [ RunTime:0.000087s ]
INFO: [ app_init ] --END-- [ RunTime:0.001655s ]

[ 2016-01-28T22:24:56+08:00 ] 127.0.0.1 /Mobile/music/musicList.shtml
INFO: [ app_init ] --START--
INFO: Run Behavior\BuildLiteBehavior [ RunTime:0.000088s ]
INFO: [ app_init ] --END-- [ RunTime:0.001845s ]
INFO: [ app_begin ] --START--
INFO: Run Behavior\ReadHtmlCacheBehavior [ RunTime:0.002321s ]
INFO: [ app_begin ] --END-- [ RunTime:0.002896s ]
INFO: [ view_parse ] --START--
INFO: [ template_filter ] --START--
INFO: Run Behavior\ContentReplaceBehavior [ RunTime:0.000315s ]
INFO: [ template_filter ] --END-- [ RunTime:0.000751s ]
NOTIC: [8] Undefined variable: video E:\Web\thinkphp\Application\Runtime\Cache\Mobile\7bb193091783207b3e1eb7409d2b74c2.php 第 29 行.
NOTIC: [8] Undefined variable: video E:\Web\thinkphp\Application\Runtime\Cache\Mobile\7bb193091783207b3e1eb7409d2b74c2.php 第 58 行.
INFO: Run Behavior\ParseTemplateBehavior [ RunTime:0.033582s ]
INFO: [ view_parse ] --END-- [ RunTime:0.034001s ]
INFO: [ view_filter ] --START--
INFO: Run Behavior\WriteHtmlCacheBehavior [ RunTime:0.001482s ]
INFO: [ view_filter ] --END-- [ RunTime:0.001874s ]
INFO: [ app_end ] --START--
INFO: Run Behavior\ShowPageTraceBehavior [ RunTime:0.002291s ]
INFO: [ app_end ] --END-- [ RunTime:0.002691s ]

[ 2016-01-28T22:24:56+08:00 ] 127.0.0.1 /Mobile/music/data/ywaq.jpg
INFO: [ app_init ] --START--
INFO: Run Behavior\BuildLiteBehavior [ RunTime:0.000090s ]
INFO: [ app_init ] --END-- [ RunTime:0.002204s ]

[ 2016-01-28T22:27:59+08:00 ] 127.0.0.1 /Mobile/music/musicList.shtml
INFO: [ app_init ] --START--
INFO: Run Behavior\BuildLiteBehavior [ RunTime:0.000088s ]
INFO: [ app_init ] --END-- [ RunTime:0.001943s ]
INFO: [ app_begin ] --START--
INFO: Run Behavior\ReadHtmlCacheBehavior [ RunTime:0.002051s ]
INFO: [ app_begin ] --END-- [ RunTime:0.002485s ]
INFO: [ view_parse ] --START--
INFO: [ template_filter ] --START--
INFO: Run Behavior\ContentReplaceBehavior [ RunTime:0.000303s ]
INFO: [ template_filter ] --END-- [ RunTime:0.000715s ]
NOTIC: [8] Undefined variable: video E:\Web\thinkphp\Application\Runtime\Cache\Mobile\7bb193091783207b3e1eb7409d2b74c2.php 第 29 行.
NOTIC: [8] Undefined variable: video E:\Web\thinkphp\Application\Runtime\Cache\Mobile\7bb193091783207b3e1eb7409d2b74c2.php 第 58 行.
INFO: Run Behavior\ParseTemplateBehavior [ RunTime:0.030914s ]
INFO: [ view_parse ] --END-- [ RunTime:0.031321s ]
INFO: [ view_filter ] --START--
INFO: Run Behavior\WriteHtmlCacheBehavior [ RunTime:0.001346s ]
INFO: [ view_filter ] --END-- [ RunTime:0.001736s ]
INFO: [ app_end ] --START--
INFO: Run Behavior\ShowPageTraceBehavior [ RunTime:0.001915s ]
INFO: [ app_end ] --END-- [ RunTime:0.002416s ]

[ 2016-01-28T22:27:59+08:00 ] 127.0.0.1 /Mobile/music/data/ywaq.jpg
INFO: [ app_init ] --START--
INFO: Run Behavior\BuildLiteBehavior [ RunTime:0.000091s ]
INFO: [ app_init ] --END-- [ RunTime:0.001697s ]

[ 2016-01-28T22:30:16+08:00 ] 127.0.0.1 /Mobile/music/musicList.shtml
INFO: [ app_init ] --START--
INFO: Run Behavior\BuildLiteBehavior [ RunTime:0.000092s ]
INFO: [ app_init ] --END-- [ RunTime:0.003095s ]
INFO: [ app_begin ] --START--
INFO: Run Behavior\ReadHtmlCacheBehavior [ RunTime:0.002128s ]
INFO: [ app_begin ] --END-- [ RunTime:0.002595s ]
INFO: [ view_parse ] --START--
INFO: [ template_filter ] --START--
INFO: Run Behavior\ContentReplaceBehavior [ RunTime:0.000290s ]
INFO: [ template_filter ] --END-- [ RunTime:0.000709s ]
NOTIC: [8] Undefined variable: video E:\Web\thinkphp\Application\Runtime\Cache\Mobile\7bb193091783207b3e1eb7409d2b74c2.php 第 30 行.
NOTIC: [8] Undefined variable: video E:\Web\thinkphp\Application\Runtime\Cache\Mobile\7bb193091783207b3e1eb7409d2b74c2.php 第 59 行.
INFO: Run Behavior\ParseTemplateBehavior [ RunTime:0.035495s ]
INFO: [ view_parse ] --END-- [ RunTime:0.035902s ]
INFO: [ view_filter ] --START--
INFO: Run Behavior\WriteHtmlCacheBehavior [ RunTime:0.001501s ]
INFO: [ view_filter ] --END-- [ RunTime:0.001898s ]
INFO: [ app_end ] --START--
INFO: Run Behavior\ShowPageTraceBehavior [ RunTime:0.002632s ]
INFO: [ app_end ] --END-- [ RunTime:0.003067s ]

[ 2016-01-28T22:30:16+08:00 ] 127.0.0.1 /Mobile/music/data/ywaq.jpg
INFO: [ app_init ] --START--
INFO: Run Behavior\BuildLiteBehavior [ RunTime:0.000075s ]
INFO: [ app_init ] --END-- [ RunTime:0.002595s ]

[ 2016-01-28T22:41:48+08:00 ] 127.0.0.1 /Mobile/music/musicList.shtml
INFO: [ app_init ] --START--
INFO: Run Behavior\BuildLiteBehavior [ RunTime:0.000089s ]
INFO: [ app_init ] --END-- [ RunTime:0.002168s ]
INFO: [ app_begin ] --START--
INFO: Run Behavior\ReadHtmlCacheBehavior [ RunTime:0.002237s ]
INFO: [ app_begin ] --END-- [ RunTime:0.002770s ]
INFO: [ view_parse ] --START--
INFO: [ template_filter ] --START--
INFO: Run Behavior\ContentReplaceBehavior [ RunTime:0.000287s ]
INFO: [ template_filter ] --END-- [ RunTime:0.000694s ]
NOTIC: [8] Undefined variable: video E:\Web\thinkphp\Application\Runtime\Cache\Mobile\7bb193091783207b3e1eb7409d2b74c2.php 第 30 行.
NOTIC: [8] Undefined variable: video E:\Web\thinkphp\Application\Runtime\Cache\Mobile\7bb193091783207b3e1eb7409d2b74c2.php 第 59 行.
INFO: Run Behavior\ParseTemplateBehavior [ RunTime:0.028952s ]
INFO: [ view_parse ] --END-- [ RunTime:0.029352s ]
INFO: [ view_filter ] --START--
INFO: Run Behavior\WriteHtmlCacheBehavior [ RunTime:0.001383s ]
INFO: [ view_filter ] --END-- [ RunTime:0.001771s ]
INFO: [ app_end ] --START--
INFO: Run Behavior\ShowPageTraceBehavior [ RunTime:0.002018s ]
INFO: [ app_end ] --END-- [ RunTime:0.002437s ]

[ 2016-01-28T22:41:48+08:00 ] 127.0.0.1 /Mobile/music/data/ywaq.jpg
INFO: [ app_init ] --START--
INFO: Run Behavior\BuildLiteBehavior [ RunTime:0.000091s ]
INFO: [ app_init ] --END-- [ RunTime:0.001709s ]

[ 2016-01-28T22:45:52+08:00 ] 127.0.0.1 /Mobile/music/musicList.shtml
INFO: [ app_init ] --START--
INFO: Run Behavior\BuildLiteBehavior [ RunTime:0.000087s ]
INFO: [ app_init ] --END-- [ RunTime:0.001694s ]
INFO: [ app_begin ] --START--
INFO: Run Behavior\ReadHtmlCacheBehavior [ RunTime:0.002059s ]
INFO: [ app_begin ] --END-- [ RunTime:0.002497s ]
INFO: [ view_parse ] --START--
INFO: [ template_filter ] --START--
INFO: Run Behavior\ContentReplaceBehavior [ RunTime:0.000295s ]
INFO: [ template_filter ] --END-- [ RunTime:0.000714s ]
NOTIC: [8] Undefined variable: video E:\Web\thinkphp\Application\Runtime\Cache\Mobile\7bb193091783207b3e1eb7409d2b74c2.php 第 30 行.
NOTIC: [8] Undefined variable: video E:\Web\thinkphp\Application\Runtime\Cache\Mobile\7bb193091783207b3e1eb7409d2b74c2.php 第 59 行.
INFO: Run Behavior\ParseTemplateBehavior [ RunTime:0.028331s ]
INFO: [ view_parse ] --END-- [ RunTime:0.028732s ]
INFO: [ view_filter ] --START--
INFO: Run Behavior\WriteHtmlCacheBehavior [ RunTime:0.001326s ]
INFO: [ view_filter ] --END-- [ RunTime:0.001720s ]
INFO: [ app_end ] --START--
INFO: Run Behavior\ShowPageTraceBehavior [ RunTime:0.001907s ]
INFO: [ app_end ] --END-- [ RunTime:0.002312s ]

[ 2016-01-28T22:45:52+08:00 ] 127.0.0.1 /Mobile/music/data/ywaq.jpg
INFO: [ app_init ] --START--
INFO: Run Behavior\BuildLiteBehavior [ RunTime:0.000092s ]
INFO: [ app_init ] --END-- [ RunTime:0.003756s ]

[ 2016-01-28T22:47:15+08:00 ] 127.0.0.1 /Mobile/music/musicList.shtml
INFO: [ app_init ] --START--
INFO: Run Behavior\BuildLiteBehavior [ RunTime:0.000090s ]
INFO: [ app_init ] --END-- [ RunTime:0.001761s ]
INFO: [ app_begin ] --START--
INFO: Run Behavior\ReadHtmlCacheBehavior [ RunTime:0.002006s ]
INFO: [ app_begin ] --END-- [ RunTime:0.002442s ]
INFO: [ view_parse ] --START--
INFO: [ template_filter ] --START--
INFO: Run Behavior\ContentReplaceBehavior [ RunTime:0.000289s ]
INFO: [ template_filter ] --END-- [ RunTime:0.000701s ]
NOTIC: [8] Undefined variable: video E:\Web\thinkphp\Application\Runtime\Cache\Mobile\7bb193091783207b3e1eb7409d2b74c2.php 第 30 行.
NOTIC: [8] Undefined variable: video E:\Web\thinkphp\Application\Runtime\Cache\Mobile\7bb193091783207b3e1eb7409d2b74c2.php 第 59 行.
INFO: Run Behavior\ParseTemplateBehavior [ RunTime:0.030740s ]
INFO: [ view_parse ] --END-- [ RunTime:0.031510s ]
INFO: [ view_filter ] --START--
INFO: Run Behavior\WriteHtmlCacheBehavior [ RunTime:0.001542s ]
INFO: [ view_filter ] --END-- [ RunTime:0.002064s ]
INFO: [ app_end ] --START--
INFO: Run Behavior\ShowPageTraceBehavior [ RunTime:0.001973s ]
INFO: [ app_end ] --END-- [ RunTime:0.002382s ]

[ 2016-01-28T22:47:15+08:00 ] 127.0.0.1 /Mobile/music/data/ywaq.jpg
INFO: [ app_init ] --START--
INFO: Run Behavior\BuildLiteBehavior [ RunTime:0.000091s ]
INFO: [ app_init ] --END-- [ RunTime:0.002413s ]

[ 2016-01-28T22:48:55+08:00 ] 127.0.0.1 /Mobile/music/musicList.shtml
INFO: [ app_init ] --START--
INFO: Run Behavior\BuildLiteBehavior [ RunTime:0.000087s ]
INFO: [ app_init ] --END-- [ RunTime:0.001732s ]
INFO: [ app_begin ] --START--
INFO: Run Behavior\ReadHtmlCacheBehavior [ RunTime:0.002114s ]
INFO: [ app_begin ] --END-- [ RunTime:0.002567s ]
INFO: [ view_parse ] --START--
INFO: [ template_filter ] --START--
INFO: Run Behavior\ContentReplaceBehavior [ RunTime:0.000295s ]
INFO: [ template_filter ] --END-- [ RunTime:0.000706s ]
NOTIC: [8] Undefined variable: video E:\Web\thinkphp\Application\Runtime\Cache\Mobile\7bb193091783207b3e1eb7409d2b74c2.php 第 30 行.
NOTIC: [8] Undefined variable: video E:\Web\thinkphp\Application\Runtime\Cache\Mobile\7bb193091783207b3e1eb7409d2b74c2.php 第 59 行.
INFO: Run Behavior\ParseTemplateBehavior [ RunTime:0.029336s ]
INFO: [ view_parse ] --END-- [ RunTime:0.029734s ]
INFO: [ view_filter ] --START--
INFO: Run Behavior\WriteHtmlCacheBehavior [ RunTime:0.001381s ]
INFO: [ view_filter ] --END-- [ RunTime:0.001796s ]
INFO: [ app_end ] --START--
INFO: Run Behavior\ShowPageTraceBehavior [ RunTime:0.001936s ]
INFO: [ app_end ] --END-- [ RunTime:0.002387s ]

[ 2016-01-28T22:48:55+08:00 ] 127.0.0.1 /Mobile/music/data/ywaq.jpg
INFO: [ app_init ] --START--
INFO: Run Behavior\BuildLiteBehavior [ RunTime:0.000098s ]
INFO: [ app_init ] --END-- [ RunTime:0.001636s ]

[ 2016-01-28T22:48:55+08:00 ] 127.0.0.1 /Mobile/music/data/whhhg.jpg
INFO: [ app_init ] --START--
INFO: Run Behavior\BuildLiteBehavior [ RunTime:0.000128s ]
INFO: [ app_init ] --END-- [ RunTime:0.001909s ]

[ 2016-01-28T22:48:55+08:00 ] 127.0.0.1 /Mobile/music/data/cr.jpg
INFO: [ app_init ] --START--
INFO: Run Behavior\BuildLiteBehavior [ RunTime:0.000089s ]
INFO: [ app_init ] --END-- [ RunTime:0.001860s ]

[ 2016-01-28T22:48:55+08:00 ] 127.0.0.1 /Mobile/music/data/yydxd.jpg
INFO: [ app_init ] --START--
INFO: Run Behavior\BuildLiteBehavior [ RunTime:0.000090s ]
INFO: [ app_init ] --END-- [ RunTime:0.002245s ]

[ 2016-01-28T22:48:55+08:00 ] 127.0.0.1 /Mobile/music/data/hs.jpg
INFO: [ app_init ] --START--
INFO: Run Behavior\BuildLiteBehavior [ RunTime:0.000089s ]
INFO: [ app_init ] --END-- [ RunTime:0.001795s ]

[ 2016-01-28T22:48:56+08:00 ] 127.0.0.1 /Mobile/music/null
INFO: [ app_init ] --START--
INFO: Run Behavior\BuildLiteBehavior [ RunTime:0.000088s ]
INFO: [ app_init ] --END-- [ RunTime:0.001674s ]
INFO: [ app_begin ] --START--
INFO: Run Behavior\ReadHtmlCacheBehavior [ RunTime:0.002470s ]
INFO: [ app_begin ] --END-- [ RunTime:0.003001s ]

[ 2016-01-28T22:48:56+08:00 ] 127.0.0.1 /Mobile/Index/index.shtml
INFO: [ app_init ] --START--
INFO: Run Behavior\BuildLiteBehavior [ RunTime:0.001961s ]
INFO: [ app_init ] --END-- [ RunTime:0.004548s ]
INFO: [ app_begin ] --START--
INFO: Run Behavior\ReadHtmlCacheBehavior [ RunTime:0.002971s ]
INFO: [ app_begin ] --END-- [ RunTime:0.003584s ]
SQL: SHOW COLUMNS FROM `weijuer_videos` [ RunTime:0.0129s ]
NOTIC: [8] Undefined variable: map E:\Web\thinkphp\Application\Mobile\Controller\IndexController.class.php 第 25 行.
SQL: SELECT * FROM `weijuer_videos` ORDER BY regdate desc LIMIT 10   [ RunTime:0.0213s ]
INFO: [ view_parse ] --START--
INFO: [ template_filter ] --START--
INFO: Run Behavior\ContentReplaceBehavior [ RunTime:0.000536s ]
INFO: [ template_filter ] --END-- [ RunTime:0.001202s ]
INFO: Run Behavior\ParseTemplateBehavior [ RunTime:0.082667s ]
INFO: [ view_parse ] --END-- [ RunTime:0.083111s ]
INFO: [ view_filter ] --START--
INFO: Run Behavior\WriteHtmlCacheBehavior [ RunTime:0.001388s ]
INFO: [ view_filter ] --END-- [ RunTime:0.001785s ]
INFO: [ app_end ] --START--
INFO: Run Behavior\ShowPageTraceBehavior [ RunTime:0.002329s ]
INFO: [ app_end ] --END-- [ RunTime:0.004160s ]

[ 2016-01-28T22:48:59+08:00 ] 127.0.0.1 /Mobile/music/data/yydxd.jpg
INFO: [ app_init ] --START--
INFO: Run Behavior\BuildLiteBehavior [ RunTime:0.000113s ]
INFO: [ app_init ] --END-- [ RunTime:0.001653s ]

[ 2016-01-28T22:48:59+08:00 ] 127.0.0.1 /Mobile/music/data/whhhg.jpg
INFO: [ app_init ] --START--
INFO: Run Behavior\BuildLiteBehavior [ RunTime:0.000088s ]
INFO: [ app_init ] --END-- [ RunTime:0.001668s ]

[ 2016-01-28T22:48:59+08:00 ] 127.0.0.1 /Mobile/music/data/ywaq.jpg
INFO: [ app_init ] --START--
INFO: Run Behavior\BuildLiteBehavior [ RunTime:0.000092s ]
INFO: [ app_init ] --END-- [ RunTime:0.001639s ]

[ 2016-01-28T22:48:59+08:00 ] 127.0.0.1 /Mobile/music/data/hnh.jpg
INFO: [ app_init ] --START--
INFO: Run Behavior\BuildLiteBehavior [ RunTime:0.000102s ]
INFO: [ app_init ] --END-- [ RunTime:0.002034s ]

[ 2016-01-28T22:49:03+08:00 ] 127.0.0.1 /Mobile/music/musicList.shtml
INFO: [ app_init ] --START--
INFO: Run Behavior\BuildLiteBehavior [ RunTime:0.000088s ]
INFO: [ app_init ] --END-- [ RunTime:0.001728s ]
INFO: [ app_begin ] --START--
INFO: Run Behavior\ReadHtmlCacheBehavior [ RunTime:0.002007s ]
INFO: [ app_begin ] --END-- [ RunTime:0.002453s ]
INFO: [ view_parse ] --START--
INFO: [ template_filter ] --START--
INFO: Run Behavior\ContentReplaceBehavior [ RunTime:0.000323s ]
INFO: [ template_filter ] --END-- [ RunTime:0.000881s ]
NOTIC: [8] Undefined variable: video E:\Web\thinkphp\Application\Runtime\Cache\Mobile\7bb193091783207b3e1eb7409d2b74c2.php 第 30 行.
NOTIC: [8] Undefined variable: video E:\Web\thinkphp\Application\Runtime\Cache\Mobile\7bb193091783207b3e1eb7409d2b74c2.php 第 59 行.
INFO: Run Behavior\ParseTemplateBehavior [ RunTime:0.028448s ]
INFO: [ view_parse ] --END-- [ RunTime:0.028874s ]
INFO: [ view_filter ] --START--
INFO: Run Behavior\WriteHtmlCacheBehavior [ RunTime:0.002013s ]
INFO: [ view_filter ] --END-- [ RunTime:0.002435s ]
INFO: [ app_end ] --START--
INFO: Run Behavior\ShowPageTraceBehavior [ RunTime:0.002294s ]
INFO: [ app_end ] --END-- [ RunTime:0.002834s ]

[ 2016-01-28T22:49:03+08:00 ] 127.0.0.1 /Mobile/music/data/ywaq.jpg
INFO: [ app_init ] --START--
INFO: Run Behavior\BuildLiteBehavior [ RunTime:0.000087s ]
INFO: [ app_init ] --END-- [ RunTime:0.001814s ]

[ 2016-01-28T22:49:03+08:00 ] 127.0.0.1 /Mobile/music/data/yydxd.jpg
INFO: [ app_init ] --START--
INFO: Run Behavior\BuildLiteBehavior [ RunTime:0.000091s ]
INFO: [ app_init ] --END-- [ RunTime:0.002264s ]

[ 2016-01-28T22:49:03+08:00 ] 127.0.0.1 /Mobile/music/data/cr.jpg
INFO: [ app_init ] --START--
INFO: Run Behavior\BuildLiteBehavior [ RunTime:0.000090s ]
INFO: [ app_init ] --END-- [ RunTime:0.002009s ]

[ 2016-01-28T22:49:03+08:00 ] 127.0.0.1 /Mobile/music/data/whhhg.jpg
INFO: [ app_init ] --START--
INFO: Run Behavior\BuildLiteBehavior [ RunTime:0.000089s ]
INFO: [ app_init ] --END-- [ RunTime:0.001550s ]

[ 2016-01-28T22:49:03+08:00 ] 127.0.0.1 /Mobile/music/data/hs.jpg
INFO: [ app_init ] --START--
INFO: Run Behavior\BuildLiteBehavior [ RunTime:0.000088s ]
INFO: [ app_init ] --END-- [ RunTime:0.001535s ]

[ 2016-01-28T22:49:04+08:00 ] 127.0.0.1 /Mobile/music/null
INFO: [ app_init ] --START--
INFO: Run Behavior\BuildLiteBehavior [ RunTime:0.000093s ]
INFO: [ app_init ] --END-- [ RunTime:0.001735s ]
INFO: [ app_begin ] --START--
INFO: Run Behavior\ReadHtmlCacheBehavior [ RunTime:0.003107s ]
INFO: [ app_begin ] --END-- [ RunTime:0.003881s ]

[ 2016-01-28T22:49:04+08:00 ] 127.0.0.1 /Mobile/Index/index.shtml
INFO: [ app_init ] --START--
INFO: Run Behavior\BuildLiteBehavior [ RunTime:0.000071s ]
INFO: [ app_init ] --END-- [ RunTime:0.001377s ]
INFO: [ app_begin ] --START--
INFO: Run Behavior\ReadHtmlCacheBehavior [ RunTime:0.001496s ]
INFO: [ app_begin ] --END-- [ RunTime:0.001849s ]
SQL: SHOW COLUMNS FROM `weijuer_videos` [ RunTime:0.0082s ]
NOTIC: [8] Undefined variable: map E:\Web\thinkphp\Application\Mobile\Controller\IndexController.class.php 第 25 行.
SQL: SELECT * FROM `weijuer_videos` ORDER BY regdate desc LIMIT 10   [ RunTime:0.0013s ]
INFO: [ view_parse ] --START--
INFO: [ template_filter ] --START--
INFO: Run Behavior\ContentReplaceBehavior [ RunTime:0.000292s ]
INFO: [ template_filter ] --END-- [ RunTime:0.000633s ]
INFO: Run Behavior\ParseTemplateBehavior [ RunTime:0.038565s ]
INFO: [ view_parse ] --END-- [ RunTime:0.038927s ]
INFO: [ view_filter ] --START--
INFO: Run Behavior\WriteHtmlCacheBehavior [ RunTime:0.001316s ]
INFO: [ view_filter ] --END-- [ RunTime:0.001638s ]
INFO: [ app_end ] --START--
INFO: Run Behavior\ShowPageTraceBehavior [ RunTime:0.001724s ]
INFO: [ app_end ] --END-- [ RunTime:0.002077s ]

[ 2016-01-28T22:49:05+08:00 ] 127.0.0.1 /Mobile/music/data/ywaq.jpg
INFO: [ app_init ] --START--
INFO: Run Behavior\BuildLiteBehavior [ RunTime:0.000089s ]
INFO: [ app_init ] --END-- [ RunTime:0.001666s ]

[ 2016-01-28T22:49:05+08:00 ] 127.0.0.1 /Mobile/music/media/animals2.mp3
INFO: [ app_init ] --START--
INFO: Run Behavior\BuildLiteBehavior [ RunTime:0.000091s ]
INFO: [ app_init ] --END-- [ RunTime:0.001899s ]
INFO: [ app_begin ] --START--
INFO: Run Behavior\ReadHtmlCacheBehavior [ RunTime:0.002023s ]
INFO: [ app_begin ] --END-- [ RunTime:0.002461s ]

[ 2016-01-28T22:49:05+08:00 ] 127.0.0.1 /Mobile/Index/index.shtml
INFO: [ app_init ] --START--
INFO: Run Behavior\BuildLiteBehavior [ RunTime:0.000087s ]
INFO: [ app_init ] --END-- [ RunTime:0.001663s ]
INFO: [ app_begin ] --START--
INFO: Run Behavior\ReadHtmlCacheBehavior [ RunTime:0.001733s ]
INFO: [ app_begin ] --END-- [ RunTime:0.002789s ]
SQL: SHOW COLUMNS FROM `weijuer_videos` [ RunTime:0.1314s ]
NOTIC: [8] Undefined variable: map E:\Web\thinkphp\Application\Mobile\Controller\IndexController.class.php 第 25 行.
SQL: SELECT * FROM `weijuer_videos` ORDER BY regdate desc LIMIT 10   [ RunTime:0.0014s ]
INFO: [ view_parse ] --START--
INFO: [ template_filter ] --START--
INFO: Run Behavior\ContentReplaceBehavior [ RunTime:0.000363s ]
INFO: [ template_filter ] --END-- [ RunTime:0.000779s ]
INFO: Run Behavior\ParseTemplateBehavior [ RunTime:0.046027s ]
INFO: [ view_parse ] --END-- [ RunTime:0.046445s ]
INFO: [ view_filter ] --START--
INFO: Run Behavior\WriteHtmlCacheBehavior [ RunTime:0.001148s ]
INFO: [ view_filter ] --END-- [ RunTime:0.001557s ]
INFO: [ app_end ] --START--
INFO: Run Behavior\ShowPageTraceBehavior [ RunTime:0.002360s ]
INFO: [ app_end ] --END-- [ RunTime:0.003096s ]

[ 2016-01-28T22:49:07+08:00 ] 127.0.0.1 /Mobile/music/data/hs.jpg
INFO: [ app_init ] --START--
INFO: Run Behavior\BuildLiteBehavior [ RunTime:0.000091s ]
INFO: [ app_init ] --END-- [ RunTime:0.001600s ]

[ 2016-01-28T22:49:07+08:00 ] 127.0.0.1 /Mobile/music/media/fukua.mp3
INFO: [ app_init ] --START--
INFO: Run Behavior\BuildLiteBehavior [ RunTime:0.000084s ]
INFO: [ app_init ] --END-- [ RunTime:0.001687s ]
INFO: [ app_begin ] --START--
INFO: Run Behavior\ReadHtmlCacheBehavior [ RunTime:0.002369s ]
INFO: [ app_begin ] --END-- [ RunTime:0.002919s ]

[ 2016-01-28T22:49:07+08:00 ] 127.0.0.1 /Mobile/Index/index.shtml
INFO: [ app_init ] --START--
INFO: Run Behavior\BuildLiteBehavior [ RunTime:0.000090s ]
INFO: [ app_init ] --END-- [ RunTime:0.002584s ]
INFO: [ app_begin ] --START--
INFO: Run Behavior\ReadHtmlCacheBehavior [ RunTime:0.001757s ]
INFO: [ app_begin ] --END-- [ RunTime:0.002190s ]
SQL: SHOW COLUMNS FROM `weijuer_videos` [ RunTime:0.0097s ]
NOTIC: [8] Undefined variable: map E:\Web\thinkphp\Application\Mobile\Controller\IndexController.class.php 第 25 行.
SQL: SELECT * FROM `weijuer_videos` ORDER BY regdate desc LIMIT 10   [ RunTime:0.0013s ]
INFO: [ view_parse ] --START--
INFO: [ template_filter ] --START--
INFO: Run Behavior\ContentReplaceBehavior [ RunTime:0.000386s ]
INFO: [ template_filter ] --END-- [ RunTime:0.000814s ]
INFO: Run Behavior\ParseTemplateBehavior [ RunTime:0.068662s ]
INFO: [ view_parse ] --END-- [ RunTime:0.069096s ]
INFO: [ view_filter ] --START--
INFO: Run Behavior\WriteHtmlCacheBehavior [ RunTime:0.001434s ]
INFO: [ view_filter ] --END-- [ RunTime:0.001834s ]
INFO: [ app_end ] --START--
INFO: Run Behavior\ShowPageTraceBehavior [ RunTime:0.002839s ]
INFO: [ app_end ] --END-- [ RunTime:0.003281s ]

[ 2016-01-28T22:49:08+08:00 ] 127.0.0.1 /Mobile/music/data/cr.jpg
INFO: [ app_init ] --START--
INFO: Run Behavior\BuildLiteBehavior [ RunTime:0.000087s ]
INFO: [ app_init ] --END-- [ RunTime:0.001598s ]

[ 2016-01-28T22:49:08+08:00 ] 127.0.0.1 /Mobile/music/media/haojiubujian.mp3
INFO: [ app_init ] --START--
INFO: Run Behavior\BuildLiteBehavior [ RunTime:0.000086s ]
INFO: [ app_init ] --END-- [ RunTime:0.001725s ]
INFO: [ app_begin ] --START--
INFO: Run Behavior\ReadHtmlCacheBehavior [ RunTime:0.001747s ]
INFO: [ app_begin ] --END-- [ RunTime:0.002172s ]

[ 2016-01-28T22:49:08+08:00 ] 127.0.0.1 /Mobile/Index/index.shtml
INFO: [ app_init ] --START--
INFO: Run Behavior\BuildLiteBehavior [ RunTime:0.000092s ]
INFO: [ app_init ] --END-- [ RunTime:0.001709s ]
INFO: [ app_begin ] --START--
INFO: Run Behavior\ReadHtmlCacheBehavior [ RunTime:0.002479s ]
INFO: [ app_begin ] --END-- [ RunTime:0.003124s ]
SQL: SHOW COLUMNS FROM `weijuer_videos` [ RunTime:0.0099s ]
NOTIC: [8] Undefined variable: map E:\Web\thinkphp\Application\Mobile\Controller\IndexController.class.php 第 25 行.
SQL: SELECT * FROM `weijuer_videos` ORDER BY regdate desc LIMIT 10   [ RunTime:0.0013s ]
INFO: [ view_parse ] --START--
INFO: [ template_filter ] --START--
INFO: Run Behavior\ContentReplaceBehavior [ RunTime:0.000364s ]
INFO: [ template_filter ] --END-- [ RunTime:0.000777s ]
INFO: Run Behavior\ParseTemplateBehavior [ RunTime:0.044950s ]
INFO: [ view_parse ] --END-- [ RunTime:0.045363s ]
INFO: [ view_filter ] --START--
INFO: Run Behavior\WriteHtmlCacheBehavior [ RunTime:0.001277s ]
INFO: [ view_filter ] --END-- [ RunTime:0.001704s ]
INFO: [ app_end ] --START--
INFO: Run Behavior\ShowPageTraceBehavior [ RunTime:0.001985s ]
INFO: [ app_end ] --END-- [ RunTime:0.002704s ]

[ 2016-01-28T22:49:09+08:00 ] 127.0.0.1 /Mobile/music/data/ywaq.jpg
INFO: [ app_init ] --START--
INFO: Run Behavior\BuildLiteBehavior [ RunTime:0.000087s ]
INFO: [ app_init ] --END-- [ RunTime:0.001750s ]

[ 2016-01-28T22:49:09+08:00 ] 127.0.0.1 /Mobile/music/media/fukua.mp3
INFO: [ app_init ] --START--
INFO: Run Behavior\BuildLiteBehavior [ RunTime:0.000087s ]
INFO: [ app_init ] --END-- [ RunTime:0.001650s ]
INFO: [ app_begin ] --START--
INFO: Run Behavior\ReadHtmlCacheBehavior [ RunTime:0.001793s ]
INFO: [ app_begin ] --END-- [ RunTime:0.002229s ]

[ 2016-01-28T22:49:09+08:00 ] 127.0.0.1 /Mobile/Index/index.shtml
INFO: [ app_init ] --START--
INFO: Run Behavior\BuildLiteBehavior [ RunTime:0.000087s ]
INFO: [ app_init ] --END-- [ RunTime:0.001643s ]
INFO: [ app_begin ] --START--
INFO: Run Behavior\ReadHtmlCacheBehavior [ RunTime:0.001895s ]
INFO: [ app_begin ] --END-- [ RunTime:0.002343s ]
SQL: SHOW COLUMNS FROM `weijuer_videos` [ RunTime:0.0097s ]
NOTIC: [8] Undefined variable: map E:\Web\thinkphp\Application\Mobile\Controller\IndexController.class.php 第 25 行.
SQL: SELECT * FROM `weijuer_videos` ORDER BY regdate desc LIMIT 10   [ RunTime:0.0013s ]
INFO: [ view_parse ] --START--
INFO: [ template_filter ] --START--
INFO: Run Behavior\ContentReplaceBehavior [ RunTime:0.000365s ]
INFO: [ template_filter ] --END-- [ RunTime:0.000783s ]
INFO: Run Behavior\ParseTemplateBehavior [ RunTime:0.046419s ]
INFO: [ view_parse ] --END-- [ RunTime:0.046834s ]
INFO: [ view_filter ] --START--
INFO: Run Behavior\WriteHtmlCacheBehavior [ RunTime:0.001120s ]
INFO: [ view_filter ] --END-- [ RunTime:0.001516s ]
INFO: [ app_end ] --START--
INFO: Run Behavior\ShowPageTraceBehavior [ RunTime:0.001734s ]
INFO: [ app_end ] --END-- [ RunTime:0.002415s ]

[ 2016-01-28T22:49:09+08:00 ] 127.0.0.1 /Mobile/music/data/whhhg.jpg
INFO: [ app_init ] --START--
INFO: Run Behavior\BuildLiteBehavior [ RunTime:0.000088s ]
INFO: [ app_init ] --END-- [ RunTime:0.001786s ]

[ 2016-01-28T22:49:09+08:00 ] 127.0.0.1 /Mobile/music/media/animals2.mp3
INFO: [ app_init ] --START--
INFO: Run Behavior\BuildLiteBehavior [ RunTime:0.000088s ]
INFO: [ app_init ] --END-- [ RunTime:0.001728s ]
INFO: [ app_begin ] --START--
INFO: Run Behavior\ReadHtmlCacheBehavior [ RunTime:0.001898s ]
INFO: [ app_begin ] --END-- [ RunTime:0.002336s ]

[ 2016-01-28T22:49:09+08:00 ] 127.0.0.1 /Mobile/Index/index.shtml
INFO: [ app_init ] --START--
INFO: Run Behavior\BuildLiteBehavior [ RunTime:0.000088s ]
INFO: [ app_init ] --END-- [ RunTime:0.001640s ]
INFO: [ app_begin ] --START--
INFO: Run Behavior\ReadHtmlCacheBehavior [ RunTime:0.002364s ]
INFO: [ app_begin ] --END-- [ RunTime:0.003236s ]
SQL: SHOW COLUMNS FROM `weijuer_videos` [ RunTime:0.0098s ]
NOTIC: [8] Undefined variable: map E:\Web\thinkphp\Application\Mobile\Controller\IndexController.class.php 第 25 行.
SQL: SELECT * FROM `weijuer_videos` ORDER BY regdate desc LIMIT 10   [ RunTime:0.0013s ]
INFO: [ view_parse ] --START--
INFO: [ template_filter ] --START--
INFO: Run Behavior\ContentReplaceBehavior [ RunTime:0.000357s ]
INFO: [ template_filter ] --END-- [ RunTime:0.000763s ]
INFO: Run Behavior\ParseTemplateBehavior [ RunTime:0.044924s ]
INFO: [ view_parse ] --END-- [ RunTime:0.045337s ]
INFO: [ view_filter ] --START--
INFO: Run Behavior\WriteHtmlCacheBehavior [ RunTime:0.001094s ]
INFO: [ view_filter ] --END-- [ RunTime:0.001566s ]
INFO: [ app_end ] --START--
INFO: Run Behavior\ShowPageTraceBehavior [ RunTime:0.002175s ]
INFO: [ app_end ] --END-- [ RunTime:0.002682s ]

[ 2016-01-28T22:49:10+08:00 ] 127.0.0.1 /Mobile/music/data/ywaq.jpg
INFO: [ app_init ] --START--
INFO: Run Behavior\BuildLiteBehavior [ RunTime:0.000094s ]
INFO: [ app_init ] --END-- [ RunTime:0.001842s ]

[ 2016-01-28T22:49:10+08:00 ] 127.0.0.1 /Mobile/music/media/fukua.mp3
INFO: [ app_init ] --START--
INFO: Run Behavior\BuildLiteBehavior [ RunTime:0.000088s ]
INFO: [ app_init ] --END-- [ RunTime:0.001621s ]
INFO: [ app_begin ] --START--
INFO: Run Behavior\ReadHtmlCacheBehavior [ RunTime:0.002089s ]
INFO: [ app_begin ] --END-- [ RunTime:0.002546s ]

[ 2016-01-28T22:49:10+08:00 ] 127.0.0.1 /Mobile/Index/index.shtml
INFO: [ app_init ] --START--
INFO: Run Behavior\BuildLiteBehavior [ RunTime:0.000088s ]
INFO: [ app_init ] --END-- [ RunTime:0.001903s ]
INFO: [ app_begin ] --START--
INFO: Run Behavior\ReadHtmlCacheBehavior [ RunTime:0.001671s ]
INFO: [ app_begin ] --END-- [ RunTime:0.002095s ]
SQL: SHOW COLUMNS FROM `weijuer_videos` [ RunTime:0.0097s ]
NOTIC: [8] Undefined variable: map E:\Web\thinkphp\Application\Mobile\Controller\IndexController.class.php 第 25 行.
SQL: SELECT * FROM `weijuer_videos` ORDER BY regdate desc LIMIT 10   [ RunTime:0.0013s ]
INFO: [ view_parse ] --START--
INFO: [ template_filter ] --START--
INFO: Run Behavior\ContentReplaceBehavior [ RunTime:0.000359s ]
INFO: [ template_filter ] --END-- [ RunTime:0.000769s ]
INFO: Run Behavior\ParseTemplateBehavior [ RunTime:0.046418s ]
INFO: [ view_parse ] --END-- [ RunTime:0.046842s ]
INFO: [ view_filter ] --START--
INFO: Run Behavior\WriteHtmlCacheBehavior [ RunTime:0.001097s ]
INFO: [ view_filter ] --END-- [ RunTime:0.001496s ]
INFO: [ app_end ] --START--
INFO: Run Behavior\ShowPageTraceBehavior [ RunTime:0.001765s ]
INFO: [ app_end ] --END-- [ RunTime:0.002192s ]

[ 2016-01-28T22:49:13+08:00 ] 127.0.0.1 /Mobile/music/musicList.shtml
INFO: [ app_init ] --START--
INFO: Run Behavior\BuildLiteBehavior [ RunTime:0.000087s ]
INFO: [ app_init ] --END-- [ RunTime:0.001640s ]
INFO: [ app_begin ] --START--
INFO: Run Behavior\ReadHtmlCacheBehavior [ RunTime:0.001737s ]
INFO: [ app_begin ] --END-- [ RunTime:0.002179s ]
INFO: [ view_parse ] --START--
INFO: [ template_filter ] --START--
INFO: Run Behavior\ContentReplaceBehavior [ RunTime:0.000305s ]
INFO: [ template_filter ] --END-- [ RunTime:0.000722s ]
NOTIC: [8] Undefined variable: video E:\Web\thinkphp\Application\Runtime\Cache\Mobile\7bb193091783207b3e1eb7409d2b74c2.php 第 30 行.
NOTIC: [8] Undefined variable: video E:\Web\thinkphp\Application\Runtime\Cache\Mobile\7bb193091783207b3e1eb7409d2b74c2.php 第 59 行.
INFO: Run Behavior\ParseTemplateBehavior [ RunTime:0.028235s ]
INFO: [ view_parse ] --END-- [ RunTime:0.028667s ]
INFO: [ view_filter ] --START--
INFO: Run Behavior\WriteHtmlCacheBehavior [ RunTime:0.001123s ]
INFO: [ view_filter ] --END-- [ RunTime:0.001518s ]
INFO: [ app_end ] --START--
INFO: Run Behavior\ShowPageTraceBehavior [ RunTime:0.001721s ]
INFO: [ app_end ] --END-- [ RunTime:0.002122s ]

[ 2016-01-28T22:49:13+08:00 ] 127.0.0.1 /Mobile/music/data/ywaq.jpg
INFO: [ app_init ] --START--
INFO: Run Behavior\BuildLiteBehavior [ RunTime:0.000088s ]
INFO: [ app_init ] --END-- [ RunTime:0.001654s ]

[ 2016-01-28T22:49:13+08:00 ] 127.0.0.1 /Mobile/music/data/cr.jpg
INFO: [ app_init ] --START--
INFO: Run Behavior\BuildLiteBehavior [ RunTime:0.000091s ]
INFO: [ app_init ] --END-- [ RunTime:0.001666s ]

[ 2016-01-28T22:49:13+08:00 ] 127.0.0.1 /Mobile/music/data/whhhg.jpg
INFO: [ app_init ] --START--
INFO: Run Behavior\BuildLiteBehavior [ RunTime:0.000092s ]
INFO: [ app_init ] --END-- [ RunTime:0.001611s ]

[ 2016-01-28T22:49:13+08:00 ] 127.0.0.1 /Mobile/music/data/yydxd.jpg
INFO: [ app_init ] --START--
INFO: Run Behavior\BuildLiteBehavior [ RunTime:0.000090s ]
INFO: [ app_init ] --END-- [ RunTime:0.001610s ]

[ 2016-01-28T22:49:13+08:00 ] 127.0.0.1 /Mobile/music/data/hs.jpg
INFO: [ app_init ] --START--
INFO: Run Behavior\BuildLiteBehavior [ RunTime:0.000091s ]
INFO: [ app_init ] --END-- [ RunTime:0.011305s ]

[ 2016-01-28T22:49:13+08:00 ] 127.0.0.1 /Mobile/music/null
INFO: [ app_init ] --START--
INFO: Run Behavior\BuildLiteBehavior [ RunTime:0.000074s ]
INFO: [ app_init ] --END-- [ RunTime:0.001607s ]
INFO: [ app_begin ] --START--
INFO: Run Behavior\ReadHtmlCacheBehavior [ RunTime:0.002210s ]
INFO: [ app_begin ] --END-- [ RunTime:0.002594s ]

[ 2016-01-28T22:49:14+08:00 ] 127.0.0.1 /Mobile/Index/index.shtml
INFO: [ app_init ] --START--
INFO: Run Behavior\BuildLiteBehavior [ RunTime:0.000073s ]
INFO: [ app_init ] --END-- [ RunTime:0.001600s ]
INFO: [ app_begin ] --START--
INFO: Run Behavior\ReadHtmlCacheBehavior [ RunTime:0.001358s ]
INFO: [ app_begin ] --END-- [ RunTime:0.001749s ]
SQL: SHOW COLUMNS FROM `weijuer_videos` [ RunTime:0.0078s ]
NOTIC: [8] Undefined variable: map E:\Web\thinkphp\Application\Mobile\Controller\IndexController.class.php 第 25 行.
SQL: SELECT * FROM `weijuer_videos` ORDER BY regdate desc LIMIT 10   [ RunTime:0.0013s ]
INFO: [ view_parse ] --START--
INFO: [ template_filter ] --START--
INFO: Run Behavior\ContentReplaceBehavior [ RunTime:0.000300s ]
INFO: [ template_filter ] --END-- [ RunTime:0.000749s ]
INFO: Run Behavior\ParseTemplateBehavior [ RunTime:0.041826s ]
INFO: [ view_parse ] --END-- [ RunTime:0.042178s ]
INFO: [ view_filter ] --START--
INFO: Run Behavior\WriteHtmlCacheBehavior [ RunTime:0.000945s ]
INFO: [ view_filter ] --END-- [ RunTime:0.001277s ]
INFO: [ app_end ] --START--
INFO: Run Behavior\ShowPageTraceBehavior [ RunTime:0.001834s ]
INFO: [ app_end ] --END-- [ RunTime:0.002253s ]

[ 2016-01-28T22:51:02+08:00 ] 127.0.0.1 /Mobile/music/musicList.shtml
INFO: [ app_init ] --START--
INFO: Run Behavior\BuildLiteBehavior [ RunTime:0.000088s ]
INFO: [ app_init ] --END-- [ RunTime:0.001786s ]
INFO: [ app_begin ] --START--
INFO: Run Behavior\ReadHtmlCacheBehavior [ RunTime:0.002057s ]
INFO: [ app_begin ] --END-- [ RunTime:0.002509s ]
INFO: [ view_parse ] --START--
INFO: [ template_filter ] --START--
INFO: Run Behavior\ContentReplaceBehavior [ RunTime:0.000329s ]
INFO: [ template_filter ] --END-- [ RunTime:0.000845s ]
NOTIC: [8] Undefined variable: video E:\Web\thinkphp\Application\Runtime\Cache\Mobile\7bb193091783207b3e1eb7409d2b74c2.php 第 30 行.
INFO: Run Behavior\ParseTemplateBehavior [ RunTime:0.030471s ]
INFO: [ view_parse ] --END-- [ RunTime:0.030876s ]
INFO: [ view_filter ] --START--
INFO: Run Behavior\WriteHtmlCacheBehavior [ RunTime:0.001659s ]
INFO: [ view_filter ] --END-- [ RunTime:0.002162s ]
INFO: [ app_end ] --START--
INFO: Run Behavior\ShowPageTraceBehavior [ RunTime:0.002072s ]
INFO: [ app_end ] --END-- [ RunTime:0.002497s ]

[ 2016-01-28T22:51:02+08:00 ] 127.0.0.1 /Mobile/music/data/ywaq.jpg
INFO: [ app_init ] --START--
INFO: Run Behavior\BuildLiteBehavior [ RunTime:0.000089s ]
INFO: [ app_init ] --END-- [ RunTime:0.001685s ]

[ 2016-01-28T22:51:03+08:00 ] 127.0.0.1 /Mobile/music/data/hs.jpg
INFO: [ app_init ] --START--
INFO: Run Behavior\BuildLiteBehavior [ RunTime:0.000091s ]
INFO: [ app_init ] --END-- [ RunTime:0.003299s ]

[ 2016-01-28T22:51:03+08:00 ] 127.0.0.1 /Mobile/music/data/cr.jpg
INFO: [ app_init ] --START--
INFO: Run Behavior\BuildLiteBehavior [ RunTime:0.000089s ]
INFO: [ app_init ] --END-- [ RunTime:0.001972s ]

[ 2016-01-28T22:51:03+08:00 ] 127.0.0.1 /Mobile/music/data/yydxd.jpg
INFO: [ app_init ] --START--
INFO: Run Behavior\BuildLiteBehavior [ RunTime:0.000101s ]
INFO: [ app_init ] --END-- [ RunTime:0.002113s ]

[ 2016-01-28T22:51:03+08:00 ] 127.0.0.1 /Mobile/music/data/whhhg.jpg
INFO: [ app_init ] --START--
INFO: Run Behavior\BuildLiteBehavior [ RunTime:0.000088s ]
INFO: [ app_init ] --END-- [ RunTime:0.001636s ]

[ 2016-01-28T22:51:03+08:00 ] 127.0.0.1 /Mobile/music/null
INFO: [ app_init ] --START--
INFO: Run Behavior\BuildLiteBehavior [ RunTime:0.000089s ]
INFO: [ app_init ] --END-- [ RunTime:0.001633s ]
INFO: [ app_begin ] --START--
INFO: Run Behavior\ReadHtmlCacheBehavior [ RunTime:0.002057s ]
INFO: [ app_begin ] --END-- [ RunTime:0.002502s ]

[ 2016-01-28T22:51:03+08:00 ] 127.0.0.1 /Mobile/Index/index.shtml
INFO: [ app_init ] --START--
INFO: Run Behavior\BuildLiteBehavior [ RunTime:0.000088s ]
INFO: [ app_init ] --END-- [ RunTime:0.001725s ]
INFO: [ app_begin ] --START--
INFO: Run Behavior\ReadHtmlCacheBehavior [ RunTime:0.003437s ]
INFO: [ app_begin ] --END-- [ RunTime:0.004377s ]
SQL: SHOW COLUMNS FROM `weijuer_videos` [ RunTime:0.0099s ]
NOTIC: [8] Undefined variable: map E:\Web\thinkphp\Application\Mobile\Controller\IndexController.class.php 第 25 行.
SQL: SELECT * FROM `weijuer_videos` ORDER BY regdate desc LIMIT 10   [ RunTime:0.0014s ]
INFO: [ view_parse ] --START--
INFO: [ template_filter ] --START--
INFO: Run Behavior\ContentReplaceBehavior [ RunTime:0.000368s ]
INFO: [ template_filter ] --END-- [ RunTime:0.000805s ]
INFO: Run Behavior\ParseTemplateBehavior [ RunTime:0.058796s ]
INFO: [ view_parse ] --END-- [ RunTime:0.059253s ]
INFO: [ view_filter ] --START--
INFO: Run Behavior\WriteHtmlCacheBehavior [ RunTime:0.001462s ]
INFO: [ view_filter ] --END-- [ RunTime:0.001938s ]
INFO: [ app_end ] --START--
INFO: Run Behavior\ShowPageTraceBehavior [ RunTime:0.003019s ]
INFO: [ app_end ] --END-- [ RunTime:0.003477s ]

[ 2016-01-28T22:51:09+08:00 ] 127.0.0.1 /Mobile/music/musicList.shtml
INFO: [ app_init ] --START--
INFO: Run Behavior\BuildLiteBehavior [ RunTime:0.000087s ]
INFO: [ app_init ] --END-- [ RunTime:0.001703s ]
INFO: [ app_begin ] --START--
INFO: Run Behavior\ReadHtmlCacheBehavior [ RunTime:0.002326s ]
INFO: [ app_begin ] --END-- [ RunTime:0.002770s ]
INFO: [ view_parse ] --START--
INFO: [ template_filter ] --START--
INFO: Run Behavior\ContentReplaceBehavior [ RunTime:0.000293s ]
INFO: [ template_filter ] --END-- [ RunTime:0.000725s ]
NOTIC: [8] Undefined variable: video E:\Web\thinkphp\Application\Runtime\Cache\Mobile\7bb193091783207b3e1eb7409d2b74c2.php 第 30 行.
INFO: Run Behavior\ParseTemplateBehavior [ RunTime:0.026233s ]
INFO: [ view_parse ] --END-- [ RunTime:0.026660s ]
INFO: [ view_filter ] --START--
INFO: Run Behavior\WriteHtmlCacheBehavior [ RunTime:0.001225s ]
INFO: [ view_filter ] --END-- [ RunTime:0.001706s ]
INFO: [ app_end ] --START--
INFO: Run Behavior\ShowPageTraceBehavior [ RunTime:0.002024s ]
INFO: [ app_end ] --END-- [ RunTime:0.002446s ]

[ 2016-01-28T22:51:09+08:00 ] 127.0.0.1 /Mobile/music/data/ywaq.jpg
INFO: [ app_init ] --START--
INFO: Run Behavior\BuildLiteBehavior [ RunTime:0.000091s ]
INFO: [ app_init ] --END-- [ RunTime:0.001641s ]

[ 2016-01-28T22:51:10+08:00 ] 127.0.0.1 /Mobile/music/data/hs.jpg
INFO: [ app_init ] --START--
INFO: Run Behavior\BuildLiteBehavior [ RunTime:0.000339s ]
INFO: [ app_init ] --END-- [ RunTime:0.002392s ]

[ 2016-01-28T22:51:10+08:00 ] 127.0.0.1 /Mobile/music/data/whhhg.jpg
INFO: [ app_init ] --START--
INFO: Run Behavior\BuildLiteBehavior [ RunTime:0.000090s ]
INFO: [ app_init ] --END-- [ RunTime:0.002113s ]

[ 2016-01-28T22:51:10+08:00 ] 127.0.0.1 /Mobile/music/data/yydxd.jpg
INFO: [ app_init ] --START--
INFO: Run Behavior\BuildLiteBehavior [ RunTime:0.000090s ]
INFO: [ app_init ] --END-- [ RunTime:0.001705s ]

[ 2016-01-28T22:51:10+08:00 ] 127.0.0.1 /Mobile/music/data/cr.jpg
INFO: [ app_init ] --START--
INFO: Run Behavior\BuildLiteBehavior [ RunTime:0.000094s ]
INFO: [ app_init ] --END-- [ RunTime:0.002658s ]

[ 2016-01-28T22:51:10+08:00 ] 127.0.0.1 /Mobile/music/null
INFO: [ app_init ] --START--
INFO: Run Behavior\BuildLiteBehavior [ RunTime:0.000087s ]
INFO: [ app_init ] --END-- [ RunTime:0.001640s ]
INFO: [ app_begin ] --START--
INFO: Run Behavior\ReadHtmlCacheBehavior [ RunTime:0.002206s ]
INFO: [ app_begin ] --END-- [ RunTime:0.002853s ]

[ 2016-01-28T22:51:10+08:00 ] 127.0.0.1 /Mobile/Index/index.shtml
INFO: [ app_init ] --START--
INFO: Run Behavior\BuildLiteBehavior [ RunTime:0.000123s ]
INFO: [ app_init ] --END-- [ RunTime:0.001618s ]
INFO: [ app_begin ] --START--
INFO: Run Behavior\ReadHtmlCacheBehavior [ RunTime:0.001850s ]
INFO: [ app_begin ] --END-- [ RunTime:0.002207s ]
SQL: SHOW COLUMNS FROM `weijuer_videos` [ RunTime:0.0076s ]
NOTIC: [8] Undefined variable: map E:\Web\thinkphp\Application\Mobile\Controller\IndexController.class.php 第 25 行.
SQL: SELECT * FROM `weijuer_videos` ORDER BY regdate desc LIMIT 10   [ RunTime:0.0012s ]
INFO: [ view_parse ] --START--
INFO: [ template_filter ] --START--
INFO: Run Behavior\ContentReplaceBehavior [ RunTime:0.000297s ]
INFO: [ template_filter ] --END-- [ RunTime:0.000705s ]
INFO: Run Behavior\ParseTemplateBehavior [ RunTime:0.040488s ]
INFO: [ view_parse ] --END-- [ RunTime:0.040833s ]
INFO: [ view_filter ] --START--
INFO: Run Behavior\WriteHtmlCacheBehavior [ RunTime:0.001522s ]
INFO: [ view_filter ] --END-- [ RunTime:0.002369s ]
INFO: [ app_end ] --START--
INFO: Run Behavior\ShowPageTraceBehavior [ RunTime:0.002733s ]
INFO: [ app_end ] --END-- [ RunTime:0.003150s ]

[ 2016-01-28T22:52:59+08:00 ] 127.0.0.1 /Mobile/music/musicList.shtml
INFO: [ app_init ] --START--
INFO: Run Behavior\BuildLiteBehavior [ RunTime:0.000091s ]
INFO: [ app_init ] --END-- [ RunTime:0.002852s ]
INFO: [ app_begin ] --START--
INFO: Run Behavior\ReadHtmlCacheBehavior [ RunTime:0.001733s ]
INFO: [ app_begin ] --END-- [ RunTime:0.002157s ]
INFO: [ view_parse ] --START--
INFO: [ template_filter ] --START--
INFO: Run Behavior\ContentReplaceBehavior [ RunTime:0.000343s ]
INFO: [ template_filter ] --END-- [ RunTime:0.000855s ]
NOTIC: [8] Undefined variable: video E:\Web\thinkphp\Application\Runtime\Cache\Mobile\7bb193091783207b3e1eb7409d2b74c2.php 第 30 行.
INFO: Run Behavior\ParseTemplateBehavior [ RunTime:0.032554s ]
INFO: [ view_parse ] --END-- [ RunTime:0.032959s ]
INFO: [ view_filter ] --START--
INFO: Run Behavior\WriteHtmlCacheBehavior [ RunTime:0.001561s ]
INFO: [ view_filter ] --END-- [ RunTime:0.001964s ]
INFO: [ app_end ] --START--
INFO: Run Behavior\ShowPageTraceBehavior [ RunTime:0.004294s ]
INFO: [ app_end ] --END-- [ RunTime:0.004799s ]

[ 2016-01-28T22:52:59+08:00 ] 127.0.0.1 /Mobile/music/data/ywaq.jpg
INFO: [ app_init ] --START--
INFO: Run Behavior\BuildLiteBehavior [ RunTime:0.000101s ]
INFO: [ app_init ] --END-- [ RunTime:0.001847s ]

[ 2016-01-28T22:53:00+08:00 ] 127.0.0.1 /Mobile/music/data/cr.jpg
INFO: [ app_init ] --START--
INFO: Run Behavior\BuildLiteBehavior [ RunTime:0.000091s ]
INFO: [ app_init ] --END-- [ RunTime:0.001590s ]

[ 2016-01-28T22:53:00+08:00 ] 127.0.0.1 /Mobile/music/data/whhhg.jpg
INFO: [ app_init ] --START--
INFO: Run Behavior\BuildLiteBehavior [ RunTime:0.000094s ]
INFO: [ app_init ] --END-- [ RunTime:0.001930s ]

[ 2016-01-28T22:53:00+08:00 ] 127.0.0.1 /Mobile/music/data/yydxd.jpg
INFO: [ app_init ] --START--
INFO: Run Behavior\BuildLiteBehavior [ RunTime:0.000088s ]
INFO: [ app_init ] --END-- [ RunTime:0.001540s ]

[ 2016-01-28T22:53:00+08:00 ] 127.0.0.1 /Mobile/music/data/hs.jpg
INFO: [ app_init ] --START--
INFO: Run Behavior\BuildLiteBehavior [ RunTime:0.000230s ]
INFO: [ app_init ] --END-- [ RunTime:0.004834s ]

[ 2016-01-28T22:53:00+08:00 ] 127.0.0.1 /Mobile/music/null
INFO: [ app_init ] --START--
INFO: Run Behavior\BuildLiteBehavior [ RunTime:0.000090s ]
INFO: [ app_init ] --END-- [ RunTime:0.001973s ]
INFO: [ app_begin ] --START--
INFO: Run Behavior\ReadHtmlCacheBehavior [ RunTime:0.002040s ]
INFO: [ app_begin ] --END-- [ RunTime:0.002544s ]

[ 2016-01-28T22:53:00+08:00 ] 127.0.0.1 /Mobile/Index/index.shtml
INFO: [ app_init ] --START--
INFO: Run Behavior\BuildLiteBehavior [ RunTime:0.000071s ]
INFO: [ app_init ] --END-- [ RunTime:0.001270s ]
INFO: [ app_begin ] --START--
INFO: Run Behavior\ReadHtmlCacheBehavior [ RunTime:0.001464s ]
INFO: [ app_begin ] --END-- [ RunTime:0.002101s ]
SQL: SHOW COLUMNS FROM `weijuer_videos` [ RunTime:0.0086s ]
NOTIC: [8] Undefined variable: map E:\Web\thinkphp\Application\Mobile\Controller\IndexController.class.php 第 25 行.
SQL: SELECT * FROM `weijuer_videos` ORDER BY regdate desc LIMIT 10   [ RunTime:0.0012s ]
INFO: [ view_parse ] --START--
INFO: [ template_filter ] --START--
INFO: Run Behavior\ContentReplaceBehavior [ RunTime:0.000352s ]
INFO: [ template_filter ] --END-- [ RunTime:0.000722s ]
INFO: Run Behavior\ParseTemplateBehavior [ RunTime:0.041520s ]
INFO: [ view_parse ] --END-- [ RunTime:0.042006s ]
INFO: [ view_filter ] --START--
INFO: Run Behavior\WriteHtmlCacheBehavior [ RunTime:0.000992s ]
INFO: [ view_filter ] --END-- [ RunTime:0.001439s ]
INFO: [ app_end ] --START--
INFO: Run Behavior\ShowPageTraceBehavior [ RunTime:0.003428s ]
INFO: [ app_end ] --END-- [ RunTime:0.004135s ]

[ 2016-01-28T22:53:08+08:00 ] 127.0.0.1 /mobile.php/Video/getRelatedList?kind=&age=2015
INFO: [ app_init ] --START--
INFO: Run Behavior\BuildLiteBehavior [ RunTime:0.000087s ]
INFO: [ app_init ] --END-- [ RunTime:0.001870s ]
INFO: [ app_begin ] --START--
INFO: Run Behavior\ReadHtmlCacheBehavior [ RunTime:0.001735s ]
INFO: [ app_begin ] --END-- [ RunTime:0.002100s ]
SQL: SHOW COLUMNS FROM `weijuer_videos` [ RunTime:0.0094s ]
SQL: SELECT * FROM `weijuer_videos` WHERE `age` = '2015' ORDER BY regdate desc LIMIT 10   [ RunTime:0.0326s ]

[ 2016-01-28T22:54:02+08:00 ] 127.0.0.1 /Mobile/music/musicList.shtml
INFO: [ app_init ] --START--
INFO: Run Behavior\BuildLiteBehavior [ RunTime:0.000088s ]
INFO: [ app_init ] --END-- [ RunTime:0.001687s ]
INFO: [ app_begin ] --START--
INFO: Run Behavior\ReadHtmlCacheBehavior [ RunTime:0.001971s ]
INFO: [ app_begin ] --END-- [ RunTime:0.002410s ]
INFO: [ view_parse ] --START--
INFO: [ template_filter ] --START--
INFO: Run Behavior\ContentReplaceBehavior [ RunTime:0.000324s ]
INFO: [ template_filter ] --END-- [ RunTime:0.000729s ]
NOTIC: [8] Undefined variable: video E:\Web\thinkphp\Application\Runtime\Cache\Mobile\7bb193091783207b3e1eb7409d2b74c2.php 第 30 行.
INFO: Run Behavior\ParseTemplateBehavior [ RunTime:0.031866s ]
INFO: [ view_parse ] --END-- [ RunTime:0.032278s ]
INFO: [ view_filter ] --START--
INFO: Run Behavior\WriteHtmlCacheBehavior [ RunTime:0.001668s ]
INFO: [ view_filter ] --END-- [ RunTime:0.002281s ]
INFO: [ app_end ] --START--
INFO: Run Behavior\ShowPageTraceBehavior [ RunTime:0.003226s ]
INFO: [ app_end ] --END-- [ RunTime:0.003967s ]

[ 2016-01-28T22:54:02+08:00 ] 127.0.0.1 /Mobile/music/data/ywaq.jpg
INFO: [ app_init ] --START--
INFO: Run Behavior\BuildLiteBehavior [ RunTime:0.000095s ]
INFO: [ app_init ] --END-- [ RunTime:0.001815s ]

[ 2016-01-28T22:54:03+08:00 ] 127.0.0.1 /Mobile/music/data/hs.jpg
INFO: [ app_init ] --START--
INFO: Run Behavior\BuildLiteBehavior [ RunTime:0.000090s ]
INFO: [ app_init ] --END-- [ RunTime:0.001837s ]

[ 2016-01-28T22:54:03+08:00 ] 127.0.0.1 /Mobile/music/data/yydxd.jpg
INFO: [ app_init ] --START--
INFO: Run Behavior\BuildLiteBehavior [ RunTime:0.000087s ]
INFO: [ app_init ] --END-- [ RunTime:0.001992s ]

[ 2016-01-28T22:54:03+08:00 ] 127.0.0.1 /Mobile/music/data/whhhg.jpg
INFO: [ app_init ] --START--
INFO: Run Behavior\BuildLiteBehavior [ RunTime:0.000091s ]
INFO: [ app_init ] --END-- [ RunTime:0.001878s ]

[ 2016-01-28T22:54:03+08:00 ] 127.0.0.1 /Mobile/music/data/cr.jpg
INFO: [ app_init ] --START--
INFO: Run Behavior\BuildLiteBehavior [ RunTime:0.000090s ]
INFO: [ app_init ] --END-- [ RunTime:0.002645s ]

[ 2016-01-28T22:54:03+08:00 ] 127.0.0.1 /Mobile/music/null
INFO: [ app_init ] --START--
INFO: Run Behavior\BuildLiteBehavior [ RunTime:0.000089s ]
INFO: [ app_init ] --END-- [ RunTime:0.001737s ]
INFO: [ app_begin ] --START--
INFO: Run Behavior\ReadHtmlCacheBehavior [ RunTime:0.002175s ]
INFO: [ app_begin ] --END-- [ RunTime:0.002630s ]

[ 2016-01-28T22:54:03+08:00 ] 127.0.0.1 /Mobile/Index/index.shtml
INFO: [ app_init ] --START--
INFO: Run Behavior\BuildLiteBehavior [ RunTime:0.000138s ]
INFO: [ app_init ] --END-- [ RunTime:0.001889s ]
INFO: [ app_begin ] --START--
INFO: Run Behavior\ReadHtmlCacheBehavior [ RunTime:0.001362s ]
INFO: [ app_begin ] --END-- [ RunTime:0.001705s ]
SQL: SHOW COLUMNS FROM `weijuer_videos` [ RunTime:0.0082s ]
NOTIC: [8] Undefined variable: map E:\Web\thinkphp\Application\Mobile\Controller\IndexController.class.php 第 25 行.
SQL: SELECT * FROM `weijuer_videos` ORDER BY regdate desc LIMIT 10   [ RunTime:0.0011s ]
INFO: [ view_parse ] --START--
INFO: [ template_filter ] --START--
INFO: Run Behavior\ContentReplaceBehavior [ RunTime:0.000294s ]
INFO: [ template_filter ] --END-- [ RunTime:0.000633s ]
INFO: Run Behavior\ParseTemplateBehavior [ RunTime:0.039652s ]
INFO: [ view_parse ] --END-- [ RunTime:0.039998s ]
INFO: [ view_filter ] --START--
INFO: Run Behavior\WriteHtmlCacheBehavior [ RunTime:0.001143s ]
INFO: [ view_filter ] --END-- [ RunTime:0.001631s ]
INFO: [ app_end ] --START--
INFO: Run Behavior\ShowPageTraceBehavior [ RunTime:0.001799s ]
INFO: [ app_end ] --END-- [ RunTime:0.002327s ]

[ 2016-01-28T22:54:09+08:00 ] 127.0.0.1 /mobile.php/Video/getRelatedList?kind=&age=2015
INFO: [ app_init ] --START--
INFO: Run Behavior\BuildLiteBehavior [ RunTime:0.000093s ]
INFO: [ app_init ] --END-- [ RunTime:0.001687s ]
INFO: [ app_begin ] --START--
INFO: Run Behavior\ReadHtmlCacheBehavior [ RunTime:0.001648s ]
INFO: [ app_begin ] --END-- [ RunTime:0.002011s ]
SQL: SHOW COLUMNS FROM `weijuer_videos` [ RunTime:0.0098s ]
SQL: SELECT * FROM `weijuer_videos` WHERE `age` = '2015' ORDER BY regdate desc LIMIT 10   [ RunTime:0.0015s ]

[ 2016-01-28T22:54:21+08:00 ] 127.0.0.1 /Mobile/music/musicList.shtml
INFO: [ app_init ] --START--
INFO: Run Behavior\BuildLiteBehavior [ RunTime:0.000175s ]
INFO: [ app_init ] --END-- [ RunTime:0.001722s ]
INFO: [ app_begin ] --START--
INFO: Run Behavior\ReadHtmlCacheBehavior [ RunTime:0.001711s ]
INFO: [ app_begin ] --END-- [ RunTime:0.002137s ]
INFO: [ view_parse ] --START--
INFO: [ template_filter ] --START--
INFO: Run Behavior\ContentReplaceBehavior [ RunTime:0.000316s ]
INFO: [ template_filter ] --END-- [ RunTime:0.000757s ]
NOTIC: [8] Undefined variable: video E:\Web\thinkphp\Application\Runtime\Cache\Mobile\7bb193091783207b3e1eb7409d2b74c2.php 第 30 行.
INFO: Run Behavior\ParseTemplateBehavior [ RunTime:0.027431s ]
INFO: [ view_parse ] --END-- [ RunTime:0.027839s ]
INFO: [ view_filter ] --START--
INFO: Run Behavior\WriteHtmlCacheBehavior [ RunTime:0.001097s ]
INFO: [ view_filter ] --END-- [ RunTime:0.001490s ]
INFO: [ app_end ] --START--
INFO: Run Behavior\ShowPageTraceBehavior [ RunTime:0.002984s ]
INFO: [ app_end ] --END-- [ RunTime:0.004730s ]

[ 2016-01-28T22:54:21+08:00 ] 127.0.0.1 /Mobile/music/data/ywaq.jpg
INFO: [ app_init ] --START--
INFO: Run Behavior\BuildLiteBehavior [ RunTime:0.000090s ]
INFO: [ app_init ] --END-- [ RunTime:0.001592s ]

[ 2016-01-28T22:54:21+08:00 ] 127.0.0.1 /Mobile/music/data/hs.jpg
INFO: [ app_init ] --START--
INFO: Run Behavior\BuildLiteBehavior [ RunTime:0.000091s ]
INFO: [ app_init ] --END-- [ RunTime:0.002512s ]

[ 2016-01-28T22:54:21+08:00 ] 127.0.0.1 /Mobile/music/data/yydxd.jpg
INFO: [ app_init ] --START--
INFO: Run Behavior\BuildLiteBehavior [ RunTime:0.000093s ]
INFO: [ app_init ] --END-- [ RunTime:0.003182s ]

[ 2016-01-28T22:54:21+08:00 ] 127.0.0.1 /Mobile/music/data/cr.jpg
INFO: [ app_init ] --START--
INFO: Run Behavior\BuildLiteBehavior [ RunTime:0.000088s ]
INFO: [ app_init ] --END-- [ RunTime:0.001744s ]

[ 2016-01-28T22:54:21+08:00 ] 127.0.0.1 /Mobile/music/data/whhhg.jpg
INFO: [ app_init ] --START--
INFO: Run Behavior\BuildLiteBehavior [ RunTime:0.000148s ]
INFO: [ app_init ] --END-- [ RunTime:0.003365s ]

[ 2016-01-28T22:54:21+08:00 ] 127.0.0.1 /Mobile/music/null
INFO: [ app_init ] --START--
INFO: Run Behavior\BuildLiteBehavior [ RunTime:0.000093s ]
INFO: [ app_init ] --END-- [ RunTime:0.002068s ]
INFO: [ app_begin ] --START--
INFO: Run Behavior\ReadHtmlCacheBehavior [ RunTime:0.002062s ]
INFO: [ app_begin ] --END-- [ RunTime:0.002514s ]

[ 2016-01-28T22:54:22+08:00 ] 127.0.0.1 /Mobile/Index/index.shtml
INFO: [ app_init ] --START--
INFO: Run Behavior\BuildLiteBehavior [ RunTime:0.000087s ]
INFO: [ app_init ] --END-- [ RunTime:0.001794s ]
INFO: [ app_begin ] --START--
INFO: Run Behavior\ReadHtmlCacheBehavior [ RunTime:0.002165s ]
INFO: [ app_begin ] --END-- [ RunTime:0.002621s ]
SQL: SHOW COLUMNS FROM `weijuer_videos` [ RunTime:0.0099s ]
NOTIC: [8] Undefined variable: map E:\Web\thinkphp\Application\Mobile\Controller\IndexController.class.php 第 25 行.
SQL: SELECT * FROM `weijuer_videos` ORDER BY regdate desc LIMIT 10   [ RunTime:0.0013s ]
INFO: [ view_parse ] --START--
INFO: [ template_filter ] --START--
INFO: Run Behavior\ContentReplaceBehavior [ RunTime:0.000487s ]
INFO: [ template_filter ] --END-- [ RunTime:0.001661s ]
INFO: Run Behavior\ParseTemplateBehavior [ RunTime:0.056908s ]
INFO: [ view_parse ] --END-- [ RunTime:0.057414s ]
INFO: [ view_filter ] --START--
INFO: Run Behavior\WriteHtmlCacheBehavior [ RunTime:0.002064s ]
INFO: [ view_filter ] --END-- [ RunTime:0.004004s ]
INFO: [ app_end ] --START--
INFO: Run Behavior\ShowPageTraceBehavior [ RunTime:0.004850s ]
INFO: [ app_end ] --END-- [ RunTime:0.007081s ]

