[ 2015-11-27T09:21:56+08:00 ] 127.0.0.1 /
INFO: [ app_init ] --START--
INFO: Run Behavior\BuildLiteBehavior [ RunTime:0.000000s ]
INFO: [ app_init ] --END-- [ RunTime:0.141008s ]
INFO: [ app_begin ] --START--
INFO: Run Behavior\ReadHtmlCacheBehavior [ RunTime:0.088005s ]
INFO: [ app_begin ] --END-- [ RunTime:0.088005s ]
INFO: [ view_parse ] --START--
INFO: [ template_filter ] --START--
INFO: Run Behavior\ContentReplaceBehavior [ RunTime:0.000000s ]
INFO: [ template_filter ] --END-- [ RunTime:0.000000s ]
INFO: Run Behavior\ParseTemplateBehavior [ RunTime:0.189011s ]
INFO: [ view_parse ] --END-- [ RunTime:0.189011s ]
INFO: [ view_filter ] --START--
INFO: Run Behavior\WriteHtmlCacheBehavior [ RunTime:0.046003s ]
INFO: [ view_filter ] --END-- [ RunTime:0.047003s ]
INFO: [ app_end ] --START--
INFO: Run Behavior\ShowPageTraceBehavior [ RunTime:0.041002s ]
INFO: [ app_end ] --END-- [ RunTime:0.041002s ]

[ 2015-11-27T09:21:58+08:00 ] 127.0.0.1 /index.php/Home/Index/movieList?rnd=0.20319528598338366&order=asc&limit=5&offset=0&_=1448587317845
INFO: [ app_init ] --START--
INFO: Run Behavior\BuildLiteBehavior [ RunTime:0.000000s ]
INFO: [ app_init ] --END-- [ RunTime:0.001000s ]
INFO: [ app_begin ] --START--
INFO: Run Behavior\ReadHtmlCacheBehavior [ RunTime:0.000000s ]
INFO: [ app_begin ] --END-- [ RunTime:0.001000s ]
SQL: SHOW COLUMNS FROM `weijuer_videos` [ RunTime:0.1220s ]
SQL: SELECT * FROM `weijuer_videos`  [ RunTime:0.0000s ]

[ 2015-11-27T12:17:55+08:00 ] 127.0.0.1 /index.php/Home/Index/movieList
INFO: [ app_init ] --START--
INFO: Run Behavior\BuildLiteBehavior [ RunTime:0.000000s ]
INFO: [ app_init ] --END-- [ RunTime:0.001000s ]
INFO: [ app_begin ] --START--
INFO: Run Behavior\ReadHtmlCacheBehavior [ RunTime:0.001000s ]
INFO: [ app_begin ] --END-- [ RunTime:0.002001s ]
SQL: SHOW COLUMNS FROM `weijuer_videos` [ RunTime:0.0360s ]
SQL: SELECT * FROM `weijuer_videos`  [ RunTime:0.0000s ]

[ 2015-11-27T14:11:08+08:00 ] 127.0.0.1 /index.php/Home/Index/videoList.html
INFO: [ app_init ] --START--
INFO: Run Behavior\BuildLiteBehavior [ RunTime:0.000000s ]
INFO: [ app_init ] --END-- [ RunTime:0.001000s ]
INFO: [ app_begin ] --START--
INFO: Run Behavior\ReadHtmlCacheBehavior [ RunTime:0.001000s ]
INFO: [ app_begin ] --END-- [ RunTime:0.001000s ]
SQL: SHOW COLUMNS FROM `weijuer_videos` [ RunTime:0.0040s ]
NOTIC: [8] Undefined index: p I:\web\thinkphp\Application\Home\Controller\IndexController.class.php 第 41 行.
NOTIC: [8] Undefined index: limit I:\web\thinkphp\ThinkPHP\Library\Think\Db\Driver.class.php 第 950 行.
SQL: SELECT * FROM `weijuer_videos` WHERE `kind` LIKE 'JQ%' ORDER BY regdate LIMIT 0,20   [ RunTime:0.3470s ]
SQL: SELECT COUNT(*) AS tp_count FROM `weijuer_videos` WHERE `kind` LIKE 'JQ%' LIMIT 1   [ RunTime:0.0030s ]
INFO: [ view_parse ] --START--
INFO: [ template_filter ] --START--
INFO: Run Behavior\ContentReplaceBehavior [ RunTime:0.000000s ]
INFO: [ template_filter ] --END-- [ RunTime:0.000000s ]
INFO: Run Behavior\ParseTemplateBehavior [ RunTime:0.046003s ]
INFO: [ view_parse ] --END-- [ RunTime:0.047003s ]
INFO: [ view_filter ] --START--
INFO: Run Behavior\WriteHtmlCacheBehavior [ RunTime:0.001000s ]
INFO: [ view_filter ] --END-- [ RunTime:0.001000s ]
INFO: [ app_end ] --START--
INFO: Run Behavior\ShowPageTraceBehavior [ RunTime:0.001000s ]
INFO: [ app_end ] --END-- [ RunTime:0.001000s ]

[ 2015-11-27T14:11:20+08:00 ] 127.0.0.1 /index.php/Home/Index/videoList
INFO: [ app_init ] --START--
INFO: Run Behavior\BuildLiteBehavior [ RunTime:0.000000s ]
INFO: [ app_init ] --END-- [ RunTime:0.001000s ]
INFO: [ app_begin ] --START--
INFO: Run Behavior\ReadHtmlCacheBehavior [ RunTime:0.001000s ]
INFO: [ app_begin ] --END-- [ RunTime:0.001000s ]
SQL: SHOW COLUMNS FROM `weijuer_videos` [ RunTime:0.0230s ]
NOTIC: [8] Undefined index: p I:\web\thinkphp\Application\Home\Controller\IndexController.class.php 第 41 行.
NOTIC: [8] Undefined index: limit I:\web\thinkphp\ThinkPHP\Library\Think\Db\Driver.class.php 第 950 行.
SQL: SELECT * FROM `weijuer_videos` WHERE `kind` LIKE 'JQ%' ORDER BY regdate LIMIT 0,20   [ RunTime:0.0010s ]
SQL: SELECT COUNT(*) AS tp_count FROM `weijuer_videos` WHERE `kind` LIKE 'JQ%' LIMIT 1   [ RunTime:0.0000s ]
INFO: [ view_parse ] --START--
INFO: [ template_filter ] --START--
INFO: Run Behavior\ContentReplaceBehavior [ RunTime:0.000000s ]
INFO: [ template_filter ] --END-- [ RunTime:0.000000s ]
INFO: Run Behavior\ParseTemplateBehavior [ RunTime:0.016001s ]
INFO: [ view_parse ] --END-- [ RunTime:0.016001s ]
INFO: [ view_filter ] --START--
INFO: Run Behavior\WriteHtmlCacheBehavior [ RunTime:0.001000s ]
INFO: [ view_filter ] --END-- [ RunTime:0.001000s ]
INFO: [ app_end ] --START--
INFO: Run Behavior\ShowPageTraceBehavior [ RunTime:0.001000s ]
INFO: [ app_end ] --END-- [ RunTime:0.002000s ]

[ 2015-11-27T14:11:28+08:00 ] 127.0.0.1 /index.php/Home/Index/videoDetail/vid/3
INFO: [ app_init ] --START--
INFO: Run Behavior\BuildLiteBehavior [ RunTime:0.000000s ]
INFO: [ app_init ] --END-- [ RunTime:0.001000s ]
INFO: [ app_begin ] --START--
INFO: Run Behavior\ReadHtmlCacheBehavior [ RunTime:0.001000s ]
INFO: [ app_begin ] --END-- [ RunTime:0.001000s ]
SQL: SHOW COLUMNS FROM `weijuer_videos` [ RunTime:0.0260s ]
SQL: SELECT * FROM `weijuer_videos` WHERE `vid` = 3 LIMIT 1   [ RunTime:0.0850s ]
SQL: UPDATE `weijuer_videos` SET `view`=view+2 WHERE ( 3 ) [ RunTime:0.0850s ]
INFO: [ view_parse ] --START--
INFO: [ template_filter ] --START--
INFO: Run Behavior\ContentReplaceBehavior [ RunTime:0.000000s ]
INFO: [ template_filter ] --END-- [ RunTime:0.001000s ]
NOTIC: [8] Undefined variable: video I:\web\thinkphp\Application\Runtime\Cache\Home\c5b23d52d84967ce8bb434e88054c570.php 第 346 行.
NOTIC: [8] Undefined variable: video I:\web\thinkphp\Application\Runtime\Cache\Home\c5b23d52d84967ce8bb434e88054c570.php 第 347 行.
NOTIC: [8] Undefined variable: user I:\web\thinkphp\Application\Runtime\Cache\Home\c5b23d52d84967ce8bb434e88054c570.php 第 417 行.
INFO: Run Behavior\ParseTemplateBehavior [ RunTime:0.077005s ]
INFO: [ view_parse ] --END-- [ RunTime:0.077005s ]
INFO: [ view_filter ] --START--
INFO: Run Behavior\WriteHtmlCacheBehavior [ RunTime:0.001000s ]
INFO: [ view_filter ] --END-- [ RunTime:0.001000s ]
INFO: [ app_end ] --START--
INFO: Run Behavior\ShowPageTraceBehavior [ RunTime:0.000000s ]
INFO: [ app_end ] --END-- [ RunTime:0.001000s ]

[ 2015-11-27T14:18:42+08:00 ] 127.0.0.1 /index.php/Home/Index/videoList
INFO: [ app_init ] --START--
INFO: Run Behavior\BuildLiteBehavior [ RunTime:0.000000s ]
INFO: [ app_init ] --END-- [ RunTime:0.000000s ]
INFO: [ app_begin ] --START--
INFO: Run Behavior\ReadHtmlCacheBehavior [ RunTime:0.000000s ]
INFO: [ app_begin ] --END-- [ RunTime:0.001000s ]
SQL: SHOW COLUMNS FROM `weijuer_videos` [ RunTime:0.0040s ]
NOTIC: [8] Undefined index: p I:\web\thinkphp\Application\Home\Controller\IndexController.class.php 第 41 行.
NOTIC: [8] Undefined index: limit I:\web\thinkphp\ThinkPHP\Library\Think\Db\Driver.class.php 第 950 行.
SQL: SELECT * FROM `weijuer_videos` WHERE `kind` LIKE 'JQ%' ORDER BY regdate LIMIT 0,20   [ RunTime:0.0010s ]
SQL: SELECT COUNT(*) AS tp_count FROM `weijuer_videos` WHERE `kind` LIKE 'JQ%' LIMIT 1   [ RunTime:0.0000s ]
INFO: [ view_parse ] --START--
INFO: [ template_filter ] --START--
INFO: Run Behavior\ContentReplaceBehavior [ RunTime:0.000000s ]
INFO: [ template_filter ] --END-- [ RunTime:0.000000s ]
INFO: Run Behavior\ParseTemplateBehavior [ RunTime:0.024001s ]
INFO: [ view_parse ] --END-- [ RunTime:0.025001s ]
INFO: [ view_filter ] --START--
INFO: Run Behavior\WriteHtmlCacheBehavior [ RunTime:0.001000s ]
INFO: [ view_filter ] --END-- [ RunTime:0.002000s ]
INFO: [ app_end ] --START--
INFO: Run Behavior\ShowPageTraceBehavior [ RunTime:0.001000s ]
INFO: [ app_end ] --END-- [ RunTime:0.001000s ]

[ 2015-11-27T14:20:00+08:00 ] 127.0.0.1 /index.php/Home/Index/videoList
INFO: [ app_init ] --START--
INFO: Run Behavior\BuildLiteBehavior [ RunTime:0.000000s ]
INFO: [ app_init ] --END-- [ RunTime:0.001000s ]
INFO: [ app_begin ] --START--
INFO: Run Behavior\ReadHtmlCacheBehavior [ RunTime:0.000000s ]
INFO: [ app_begin ] --END-- [ RunTime:0.001000s ]
SQL: SHOW COLUMNS FROM `weijuer_videos` [ RunTime:0.0040s ]
NOTIC: [8] Undefined index: p I:\web\thinkphp\Application\Home\Controller\IndexController.class.php 第 41 行.
NOTIC: [8] Undefined index: limit I:\web\thinkphp\ThinkPHP\Library\Think\Db\Driver.class.php 第 950 行.
SQL: SELECT * FROM `weijuer_videos` WHERE `kind` LIKE 'JQ%' ORDER BY regdate LIMIT 0,20   [ RunTime:0.0000s ]
SQL: SELECT COUNT(*) AS tp_count FROM `weijuer_videos` WHERE `kind` LIKE 'JQ%' LIMIT 1   [ RunTime:0.0000s ]
INFO: [ view_parse ] --START--
INFO: [ template_filter ] --START--
INFO: Run Behavior\ContentReplaceBehavior [ RunTime:0.000000s ]
INFO: [ template_filter ] --END-- [ RunTime:0.001000s ]
INFO: Run Behavior\ParseTemplateBehavior [ RunTime:0.015001s ]
INFO: [ view_parse ] --END-- [ RunTime:0.016001s ]
INFO: [ view_filter ] --START--
INFO: Run Behavior\WriteHtmlCacheBehavior [ RunTime:0.000000s ]
INFO: [ view_filter ] --END-- [ RunTime:0.000000s ]
INFO: [ app_end ] --START--
INFO: Run Behavior\ShowPageTraceBehavior [ RunTime:0.001000s ]
INFO: [ app_end ] --END-- [ RunTime:0.001000s ]

[ 2015-11-27T14:20:54+08:00 ] 127.0.0.1 /index.php/Home/Index/videoList
INFO: [ app_init ] --START--
INFO: Run Behavior\BuildLiteBehavior [ RunTime:0.000000s ]
INFO: [ app_init ] --END-- [ RunTime:0.001000s ]
INFO: [ app_begin ] --START--
INFO: Run Behavior\ReadHtmlCacheBehavior [ RunTime:0.001000s ]
INFO: [ app_begin ] --END-- [ RunTime:0.001000s ]
SQL: SHOW COLUMNS FROM `weijuer_videos` [ RunTime:0.0030s ]
NOTIC: [8] Undefined index: p I:\web\thinkphp\Application\Home\Controller\IndexController.class.php 第 41 行.
NOTIC: [8] Undefined index: limit I:\web\thinkphp\ThinkPHP\Library\Think\Db\Driver.class.php 第 950 行.
SQL: SELECT * FROM `weijuer_videos` WHERE `kind` LIKE 'JQ%' ORDER BY regdate LIMIT 0,20   [ RunTime:0.0010s ]
SQL: SELECT COUNT(*) AS tp_count FROM `weijuer_videos` WHERE `kind` LIKE 'JQ%' LIMIT 1   [ RunTime:0.0000s ]
INFO: [ view_parse ] --START--
INFO: [ template_filter ] --START--
INFO: Run Behavior\ContentReplaceBehavior [ RunTime:0.000000s ]
INFO: [ template_filter ] --END-- [ RunTime:0.000000s ]
INFO: Run Behavior\ParseTemplateBehavior [ RunTime:0.016001s ]
INFO: [ view_parse ] --END-- [ RunTime:0.016001s ]
INFO: [ view_filter ] --START--
INFO: Run Behavior\WriteHtmlCacheBehavior [ RunTime:0.000000s ]
INFO: [ view_filter ] --END-- [ RunTime:0.001000s ]
INFO: [ app_end ] --START--
INFO: Run Behavior\ShowPageTraceBehavior [ RunTime:0.001000s ]
INFO: [ app_end ] --END-- [ RunTime:0.001000s ]

[ 2015-11-27T14:20:56+08:00 ] 127.0.0.1 /index.php/Home/Index/videoList
INFO: [ app_init ] --START--
INFO: Run Behavior\BuildLiteBehavior [ RunTime:0.001000s ]
INFO: [ app_init ] --END-- [ RunTime:0.001000s ]
INFO: [ app_begin ] --START--
INFO: Run Behavior\ReadHtmlCacheBehavior [ RunTime:0.000000s ]
INFO: [ app_begin ] --END-- [ RunTime:0.000000s ]
SQL: SHOW COLUMNS FROM `weijuer_videos` [ RunTime:0.0030s ]
NOTIC: [8] Undefined index: p I:\web\thinkphp\Application\Home\Controller\IndexController.class.php 第 41 行.
NOTIC: [8] Undefined index: limit I:\web\thinkphp\ThinkPHP\Library\Think\Db\Driver.class.php 第 950 行.
SQL: SELECT * FROM `weijuer_videos` WHERE `kind` LIKE 'JQ%' ORDER BY regdate LIMIT 0,20   [ RunTime:0.0010s ]
SQL: SELECT COUNT(*) AS tp_count FROM `weijuer_videos` WHERE `kind` LIKE 'JQ%' LIMIT 1   [ RunTime:0.0010s ]
INFO: [ view_parse ] --START--
INFO: [ template_filter ] --START--
INFO: Run Behavior\ContentReplaceBehavior [ RunTime:0.001000s ]
INFO: [ template_filter ] --END-- [ RunTime:0.001000s ]
INFO: Run Behavior\ParseTemplateBehavior [ RunTime:0.016001s ]
INFO: [ view_parse ] --END-- [ RunTime:0.016001s ]
INFO: [ view_filter ] --START--
INFO: Run Behavior\WriteHtmlCacheBehavior [ RunTime:0.001000s ]
INFO: [ view_filter ] --END-- [ RunTime:0.001000s ]
INFO: [ app_end ] --START--
INFO: Run Behavior\ShowPageTraceBehavior [ RunTime:0.004000s ]
INFO: [ app_end ] --END-- [ RunTime:0.004000s ]

[ 2015-11-27T14:20:56+08:00 ] 127.0.0.1 /index.php/Home/Index/videoList
INFO: [ app_init ] --START--
INFO: Run Behavior\BuildLiteBehavior [ RunTime:0.000000s ]
INFO: [ app_init ] --END-- [ RunTime:0.001000s ]
INFO: [ app_begin ] --START--
INFO: Run Behavior\ReadHtmlCacheBehavior [ RunTime:0.001000s ]
INFO: [ app_begin ] --END-- [ RunTime:0.001000s ]
SQL: SHOW COLUMNS FROM `weijuer_videos` [ RunTime:0.0030s ]
NOTIC: [8] Undefined index: p I:\web\thinkphp\Application\Home\Controller\IndexController.class.php 第 41 行.
NOTIC: [8] Undefined index: limit I:\web\thinkphp\ThinkPHP\Library\Think\Db\Driver.class.php 第 950 行.
SQL: SELECT * FROM `weijuer_videos` WHERE `kind` LIKE 'JQ%' ORDER BY regdate LIMIT 0,20   [ RunTime:0.0000s ]
SQL: SELECT COUNT(*) AS tp_count FROM `weijuer_videos` WHERE `kind` LIKE 'JQ%' LIMIT 1   [ RunTime:0.0000s ]
INFO: [ view_parse ] --START--
INFO: [ template_filter ] --START--
INFO: Run Behavior\ContentReplaceBehavior [ RunTime:0.000000s ]
INFO: [ template_filter ] --END-- [ RunTime:0.000000s ]
INFO: Run Behavior\ParseTemplateBehavior [ RunTime:0.020001s ]
INFO: [ view_parse ] --END-- [ RunTime:0.020001s ]
INFO: [ view_filter ] --START--
INFO: Run Behavior\WriteHtmlCacheBehavior [ RunTime:0.000000s ]
INFO: [ view_filter ] --END-- [ RunTime:0.000000s ]
INFO: [ app_end ] --START--
INFO: Run Behavior\ShowPageTraceBehavior [ RunTime:0.001000s ]
INFO: [ app_end ] --END-- [ RunTime:0.001000s ]

[ 2015-11-27T14:20:57+08:00 ] 127.0.0.1 /index.php/Home/Index/videoList
INFO: [ app_init ] --START--
INFO: Run Behavior\BuildLiteBehavior [ RunTime:0.000000s ]
INFO: [ app_init ] --END-- [ RunTime:0.001000s ]
INFO: [ app_begin ] --START--
INFO: Run Behavior\ReadHtmlCacheBehavior [ RunTime:0.001000s ]
INFO: [ app_begin ] --END-- [ RunTime:0.001000s ]
SQL: SHOW COLUMNS FROM `weijuer_videos` [ RunTime:0.0040s ]
NOTIC: [8] Undefined index: p I:\web\thinkphp\Application\Home\Controller\IndexController.class.php 第 41 行.
NOTIC: [8] Undefined index: limit I:\web\thinkphp\ThinkPHP\Library\Think\Db\Driver.class.php 第 950 行.
SQL: SELECT * FROM `weijuer_videos` WHERE `kind` LIKE 'JQ%' ORDER BY regdate LIMIT 0,20   [ RunTime:0.0000s ]
SQL: SELECT COUNT(*) AS tp_count FROM `weijuer_videos` WHERE `kind` LIKE 'JQ%' LIMIT 1   [ RunTime:0.0000s ]
INFO: [ view_parse ] --START--
INFO: [ template_filter ] --START--
INFO: Run Behavior\ContentReplaceBehavior [ RunTime:0.000000s ]
INFO: [ template_filter ] --END-- [ RunTime:0.001000s ]
INFO: Run Behavior\ParseTemplateBehavior [ RunTime:0.016001s ]
INFO: [ view_parse ] --END-- [ RunTime:0.016001s ]
INFO: [ view_filter ] --START--
INFO: Run Behavior\WriteHtmlCacheBehavior [ RunTime:0.000000s ]
INFO: [ view_filter ] --END-- [ RunTime:0.000000s ]
INFO: [ app_end ] --START--
INFO: Run Behavior\ShowPageTraceBehavior [ RunTime:0.000000s ]
INFO: [ app_end ] --END-- [ RunTime:0.001000s ]

[ 2015-11-27T14:20:57+08:00 ] 127.0.0.1 /index.php/Home/Index/videoList
INFO: [ app_init ] --START--
INFO: Run Behavior\BuildLiteBehavior [ RunTime:0.000000s ]
INFO: [ app_init ] --END-- [ RunTime:0.001000s ]
INFO: [ app_begin ] --START--
INFO: Run Behavior\ReadHtmlCacheBehavior [ RunTime:0.001000s ]
INFO: [ app_begin ] --END-- [ RunTime:0.001000s ]
SQL: SHOW COLUMNS FROM `weijuer_videos` [ RunTime:0.0030s ]
NOTIC: [8] Undefined index: p I:\web\thinkphp\Application\Home\Controller\IndexController.class.php 第 41 行.
NOTIC: [8] Undefined index: limit I:\web\thinkphp\ThinkPHP\Library\Think\Db\Driver.class.php 第 950 行.
SQL: SELECT * FROM `weijuer_videos` WHERE `kind` LIKE 'JQ%' ORDER BY regdate LIMIT 0,20   [ RunTime:0.0050s ]
SQL: SELECT COUNT(*) AS tp_count FROM `weijuer_videos` WHERE `kind` LIKE 'JQ%' LIMIT 1   [ RunTime:0.0010s ]
INFO: [ view_parse ] --START--
INFO: [ template_filter ] --START--
INFO: Run Behavior\ContentReplaceBehavior [ RunTime:0.000000s ]
INFO: [ template_filter ] --END-- [ RunTime:0.000000s ]
INFO: Run Behavior\ParseTemplateBehavior [ RunTime:0.017001s ]
INFO: [ view_parse ] --END-- [ RunTime:0.017001s ]
INFO: [ view_filter ] --START--
INFO: Run Behavior\WriteHtmlCacheBehavior [ RunTime:0.000000s ]
INFO: [ view_filter ] --END-- [ RunTime:0.000000s ]
INFO: [ app_end ] --START--
INFO: Run Behavior\ShowPageTraceBehavior [ RunTime:0.001000s ]
INFO: [ app_end ] --END-- [ RunTime:0.001000s ]

[ 2015-11-27T14:40:40+08:00 ] 127.0.0.1 /index.php/Home/Index/videoList
INFO: [ app_init ] --START--
INFO: Run Behavior\BuildLiteBehavior [ RunTime:0.000000s ]
INFO: [ app_init ] --END-- [ RunTime:0.000000s ]
INFO: [ app_begin ] --START--
INFO: Run Behavior\ReadHtmlCacheBehavior [ RunTime:0.001000s ]
INFO: [ app_begin ] --END-- [ RunTime:0.001000s ]
SQL: SHOW COLUMNS FROM `weijuer_videos` [ RunTime:0.0250s ]
NOTIC: [8] Undefined index: p I:\web\thinkphp\Application\Home\Controller\IndexController.class.php 第 43 行.
NOTIC: [8] Undefined index: limit I:\web\thinkphp\ThinkPHP\Library\Think\Db\Driver.class.php 第 950 行.
SQL: SELECT * FROM `weijuer_videos` WHERE `kind` LIKE 'JQ%' ORDER BY regdate LIMIT 0,20   [ RunTime:0.0010s ]
SQL: SELECT COUNT(*) AS tp_count FROM `weijuer_videos` WHERE `kind` LIKE 'JQ%' LIMIT 1   [ RunTime:0.0000s ]
INFO: [ view_parse ] --START--
INFO: [ template_filter ] --START--
INFO: Run Behavior\ContentReplaceBehavior [ RunTime:0.000000s ]
INFO: [ template_filter ] --END-- [ RunTime:0.000000s ]
INFO: Run Behavior\ParseTemplateBehavior [ RunTime:0.017001s ]
INFO: [ view_parse ] --END-- [ RunTime:0.017001s ]
INFO: [ view_filter ] --START--
INFO: Run Behavior\WriteHtmlCacheBehavior [ RunTime:0.001000s ]
INFO: [ view_filter ] --END-- [ RunTime:0.001000s ]
INFO: [ app_end ] --START--
INFO: Run Behavior\ShowPageTraceBehavior [ RunTime:0.001000s ]
INFO: [ app_end ] --END-- [ RunTime:0.002000s ]

[ 2015-11-27T14:40:41+08:00 ] 127.0.0.1 /index.php/Home/Index/videoList
INFO: [ app_init ] --START--
INFO: Run Behavior\BuildLiteBehavior [ RunTime:0.000000s ]
INFO: [ app_init ] --END-- [ RunTime:0.001000s ]
INFO: [ app_begin ] --START--
INFO: Run Behavior\ReadHtmlCacheBehavior [ RunTime:0.001000s ]
INFO: [ app_begin ] --END-- [ RunTime:0.001000s ]
SQL: SHOW COLUMNS FROM `weijuer_videos` [ RunTime:0.0040s ]
NOTIC: [8] Undefined index: p I:\web\thinkphp\Application\Home\Controller\IndexController.class.php 第 43 行.
NOTIC: [8] Undefined index: limit I:\web\thinkphp\ThinkPHP\Library\Think\Db\Driver.class.php 第 950 行.
SQL: SELECT * FROM `weijuer_videos` WHERE `kind` LIKE 'JQ%' ORDER BY regdate LIMIT 0,20   [ RunTime:0.0010s ]
SQL: SELECT COUNT(*) AS tp_count FROM `weijuer_videos` WHERE `kind` LIKE 'JQ%' LIMIT 1   [ RunTime:0.0010s ]
INFO: [ view_parse ] --START--
INFO: [ template_filter ] --START--
INFO: Run Behavior\ContentReplaceBehavior [ RunTime:0.001000s ]
INFO: [ template_filter ] --END-- [ RunTime:0.001000s ]
INFO: Run Behavior\ParseTemplateBehavior [ RunTime:0.019002s ]
INFO: [ view_parse ] --END-- [ RunTime:0.019002s ]
INFO: [ view_filter ] --START--
INFO: Run Behavior\WriteHtmlCacheBehavior [ RunTime:0.000000s ]
INFO: [ view_filter ] --END-- [ RunTime:0.000000s ]
INFO: [ app_end ] --START--
INFO: Run Behavior\ShowPageTraceBehavior [ RunTime:0.001000s ]
INFO: [ app_end ] --END-- [ RunTime:0.002000s ]

[ 2015-11-27T14:40:47+08:00 ] 127.0.0.1 /index.php/Home/Index/videoList
INFO: [ app_init ] --START--
INFO: Run Behavior\BuildLiteBehavior [ RunTime:0.000000s ]
INFO: [ app_init ] --END-- [ RunTime:0.001000s ]
INFO: [ app_begin ] --START--
INFO: Run Behavior\ReadHtmlCacheBehavior [ RunTime:0.001000s ]
INFO: [ app_begin ] --END-- [ RunTime:0.001000s ]
SQL: SHOW COLUMNS FROM `weijuer_videos` [ RunTime:0.0040s ]
NOTIC: [8] Undefined index: p I:\web\thinkphp\Application\Home\Controller\IndexController.class.php 第 43 行.
NOTIC: [8] Undefined index: limit I:\web\thinkphp\ThinkPHP\Library\Think\Db\Driver.class.php 第 950 行.
SQL: SELECT * FROM `weijuer_videos` WHERE `kind` LIKE 'JQ%' ORDER BY regdate LIMIT 0,20   [ RunTime:0.0000s ]
SQL: SELECT COUNT(*) AS tp_count FROM `weijuer_videos` WHERE `kind` LIKE 'JQ%' LIMIT 1   [ RunTime:0.0000s ]
INFO: [ view_parse ] --START--
INFO: [ template_filter ] --START--
INFO: Run Behavior\ContentReplaceBehavior [ RunTime:0.000000s ]
INFO: [ template_filter ] --END-- [ RunTime:0.000000s ]
INFO: Run Behavior\ParseTemplateBehavior [ RunTime:0.019001s ]
INFO: [ view_parse ] --END-- [ RunTime:0.020001s ]
INFO: [ view_filter ] --START--
INFO: Run Behavior\WriteHtmlCacheBehavior [ RunTime:0.000000s ]
INFO: [ view_filter ] --END-- [ RunTime:0.000000s ]
INFO: [ app_end ] --START--
INFO: Run Behavior\ShowPageTraceBehavior [ RunTime:0.000000s ]
INFO: [ app_end ] --END-- [ RunTime:0.001000s ]

[ 2015-11-27T15:36:20+08:00 ] 127.0.0.1 /index.php/Home/Index/videoList
INFO: [ app_init ] --START--
INFO: Run Behavior\BuildLiteBehavior [ RunTime:0.000000s ]
INFO: [ app_init ] --END-- [ RunTime:0.008001s ]
INFO: [ app_begin ] --START--
INFO: Run Behavior\ReadHtmlCacheBehavior [ RunTime:0.001001s ]
INFO: [ app_begin ] --END-- [ RunTime:0.001001s ]
SQL: SHOW COLUMNS FROM `weijuer_videos` [ RunTime:0.2150s ]
NOTIC: [8] Undefined index: p I:\web\thinkphp\Application\Home\Controller\IndexController.class.php 第 43 行.
NOTIC: [8] Undefined index: limit I:\web\thinkphp\ThinkPHP\Library\Think\Db\Driver.class.php 第 950 行.
SQL: SELECT * FROM `weijuer_videos` WHERE `kind` LIKE 'JQ%' ORDER BY regdate LIMIT 0,20   [ RunTime:0.1190s ]
SQL: SELECT COUNT(*) AS tp_count FROM `weijuer_videos` WHERE `kind` LIKE 'JQ%' LIMIT 1   [ RunTime:0.0140s ]
INFO: [ view_parse ] --START--
INFO: [ template_filter ] --START--
INFO: Run Behavior\ContentReplaceBehavior [ RunTime:0.000000s ]
INFO: [ template_filter ] --END-- [ RunTime:0.000000s ]
INFO: Run Behavior\ParseTemplateBehavior [ RunTime:0.171010s ]
INFO: [ view_parse ] --END-- [ RunTime:0.171010s ]
INFO: [ view_filter ] --START--
INFO: Run Behavior\WriteHtmlCacheBehavior [ RunTime:0.001000s ]
INFO: [ view_filter ] --END-- [ RunTime:0.001000s ]
INFO: [ app_end ] --START--
INFO: Run Behavior\ShowPageTraceBehavior [ RunTime:0.001000s ]
INFO: [ app_end ] --END-- [ RunTime:0.001000s ]

[ 2015-11-27T15:36:32+08:00 ] 127.0.0.1 /index.php/Home/Index/videoList
INFO: [ app_init ] --START--
INFO: Run Behavior\BuildLiteBehavior [ RunTime:0.001000s ]
INFO: [ app_init ] --END-- [ RunTime:0.001000s ]
INFO: [ app_begin ] --START--
INFO: Run Behavior\ReadHtmlCacheBehavior [ RunTime:0.001000s ]
INFO: [ app_begin ] --END-- [ RunTime:0.002000s ]
SQL: SHOW COLUMNS FROM `weijuer_videos` [ RunTime:0.0690s ]
NOTIC: [8] Undefined index: p I:\web\thinkphp\Application\Home\Controller\IndexController.class.php 第 43 行.
NOTIC: [8] Undefined index: limit I:\web\thinkphp\ThinkPHP\Library\Think\Db\Driver.class.php 第 950 行.
SQL: SELECT * FROM `weijuer_videos` WHERE `kind` LIKE 'JQ%' ORDER BY regdate LIMIT 0,20   [ RunTime:0.0000s ]
SQL: SELECT COUNT(*) AS tp_count FROM `weijuer_videos` WHERE `kind` LIKE 'JQ%' LIMIT 1   [ RunTime:0.0010s ]
INFO: [ view_parse ] --START--
INFO: [ template_filter ] --START--
INFO: Run Behavior\ContentReplaceBehavior [ RunTime:0.000000s ]
INFO: [ template_filter ] --END-- [ RunTime:0.000000s ]
INFO: Run Behavior\ParseTemplateBehavior [ RunTime:0.025001s ]
INFO: [ view_parse ] --END-- [ RunTime:0.025001s ]
INFO: [ view_filter ] --START--
INFO: Run Behavior\WriteHtmlCacheBehavior [ RunTime:0.000000s ]
INFO: [ view_filter ] --END-- [ RunTime:0.001000s ]
INFO: [ app_end ] --START--
INFO: Run Behavior\ShowPageTraceBehavior [ RunTime:0.001000s ]
INFO: [ app_end ] --END-- [ RunTime:0.001000s ]

[ 2015-11-27T15:36:34+08:00 ] 127.0.0.1 /index.php/Home/Index/videoList
INFO: [ app_init ] --START--
INFO: Run Behavior\BuildLiteBehavior [ RunTime:0.000000s ]
INFO: [ app_init ] --END-- [ RunTime:0.001000s ]
INFO: [ app_begin ] --START--
INFO: Run Behavior\ReadHtmlCacheBehavior [ RunTime:0.001000s ]
INFO: [ app_begin ] --END-- [ RunTime:0.001000s ]
SQL: SHOW COLUMNS FROM `weijuer_videos` [ RunTime:0.0060s ]
NOTIC: [8] Undefined index: p I:\web\thinkphp\Application\Home\Controller\IndexController.class.php 第 43 行.
NOTIC: [8] Undefined index: limit I:\web\thinkphp\ThinkPHP\Library\Think\Db\Driver.class.php 第 950 行.
SQL: SELECT * FROM `weijuer_videos` WHERE `kind` LIKE 'JQ%' ORDER BY regdate LIMIT 0,20   [ RunTime:0.0010s ]
SQL: SELECT COUNT(*) AS tp_count FROM `weijuer_videos` WHERE `kind` LIKE 'JQ%' LIMIT 1   [ RunTime:0.0000s ]
INFO: [ view_parse ] --START--
INFO: [ template_filter ] --START--
INFO: Run Behavior\ContentReplaceBehavior [ RunTime:0.000000s ]
INFO: [ template_filter ] --END-- [ RunTime:0.001000s ]
INFO: Run Behavior\ParseTemplateBehavior [ RunTime:0.019002s ]
INFO: [ view_parse ] --END-- [ RunTime:0.019002s ]
INFO: [ view_filter ] --START--
INFO: Run Behavior\WriteHtmlCacheBehavior [ RunTime:0.000000s ]
INFO: [ view_filter ] --END-- [ RunTime:0.001000s ]
INFO: [ app_end ] --START--
INFO: Run Behavior\ShowPageTraceBehavior [ RunTime:0.000000s ]
INFO: [ app_end ] --END-- [ RunTime:0.002000s ]

[ 2015-11-27T15:38:38+08:00 ] 127.0.0.1 /index.php/Home/Index/videoList2
INFO: [ app_init ] --START--
INFO: Run Behavior\BuildLiteBehavior [ RunTime:0.000000s ]
INFO: [ app_init ] --END-- [ RunTime:0.001000s ]
INFO: [ app_begin ] --START--
INFO: Run Behavior\ReadHtmlCacheBehavior [ RunTime:0.001001s ]
INFO: [ app_begin ] --END-- [ RunTime:0.001001s ]
SQL: SHOW COLUMNS FROM `weijuer_videos` [ RunTime:0.0040s ]
NOTIC: [8] Undefined variable: condition I:\web\thinkphp\Application\Home\Controller\IndexController.class.php 第 64 行.
SQL: SELECT * FROM `weijuer_videos`  [ RunTime:0.0000s ]

[ 2015-11-27T15:38:48+08:00 ] 127.0.0.1 /index.php/Home/Index/videoList
INFO: [ app_init ] --START--
INFO: Run Behavior\BuildLiteBehavior [ RunTime:0.000000s ]
INFO: [ app_init ] --END-- [ RunTime:0.000000s ]
INFO: [ app_begin ] --START--
INFO: Run Behavior\ReadHtmlCacheBehavior [ RunTime:0.002000s ]
INFO: [ app_begin ] --END-- [ RunTime:0.002000s ]
SQL: SHOW COLUMNS FROM `weijuer_videos` [ RunTime:0.0050s ]
NOTIC: [8] Undefined index: p I:\web\thinkphp\Application\Home\Controller\IndexController.class.php 第 43 行.
NOTIC: [8] Undefined index: limit I:\web\thinkphp\ThinkPHP\Library\Think\Db\Driver.class.php 第 950 行.
SQL: SELECT * FROM `weijuer_videos` WHERE `kind` LIKE 'JQ%' ORDER BY regdate LIMIT 0,20   [ RunTime:0.0010s ]
SQL: SELECT COUNT(*) AS tp_count FROM `weijuer_videos` WHERE `kind` LIKE 'JQ%' LIMIT 1   [ RunTime:0.0000s ]
INFO: [ view_parse ] --START--
INFO: [ template_filter ] --START--
INFO: Run Behavior\ContentReplaceBehavior [ RunTime:0.000000s ]
INFO: [ template_filter ] --END-- [ RunTime:0.000000s ]
INFO: Run Behavior\ParseTemplateBehavior [ RunTime:0.019001s ]
INFO: [ view_parse ] --END-- [ RunTime:0.019001s ]
INFO: [ view_filter ] --START--
INFO: Run Behavior\WriteHtmlCacheBehavior [ RunTime:0.001000s ]
INFO: [ view_filter ] --END-- [ RunTime:0.001000s ]
INFO: [ app_end ] --START--
INFO: Run Behavior\ShowPageTraceBehavior [ RunTime:0.001000s ]
INFO: [ app_end ] --END-- [ RunTime:0.001000s ]

[ 2015-11-27T15:39:06+08:00 ] 127.0.0.1 /index.php/Home/Index/videoList2
INFO: [ app_init ] --START--
INFO: Run Behavior\BuildLiteBehavior [ RunTime:0.000000s ]
INFO: [ app_init ] --END-- [ RunTime:0.000000s ]
INFO: [ app_begin ] --START--
INFO: Run Behavior\ReadHtmlCacheBehavior [ RunTime:0.001001s ]
INFO: [ app_begin ] --END-- [ RunTime:0.002001s ]
SQL: SHOW COLUMNS FROM `weijuer_videos` [ RunTime:0.0040s ]
NOTIC: [8] Undefined variable: condition I:\web\thinkphp\Application\Home\Controller\IndexController.class.php 第 64 行.
SQL: SELECT * FROM `weijuer_videos`  [ RunTime:0.0000s ]

[ 2015-11-27T15:41:06+08:00 ] 127.0.0.1 /index.php/Home/Index/videoList2
INFO: [ app_init ] --START--
INFO: Run Behavior\BuildLiteBehavior [ RunTime:0.000000s ]
INFO: [ app_init ] --END-- [ RunTime:0.001000s ]
INFO: [ app_begin ] --START--
INFO: Run Behavior\ReadHtmlCacheBehavior [ RunTime:0.001000s ]
INFO: [ app_begin ] --END-- [ RunTime:0.001000s ]
SQL: SHOW COLUMNS FROM `weijuer_videos` [ RunTime:0.0040s ]
NOTIC: [8] Undefined variable: condition I:\web\thinkphp\Application\Home\Controller\IndexController.class.php 第 64 行.
SQL: SELECT * FROM `weijuer_videos`  [ RunTime:0.0000s ]

[ 2015-11-27T15:41:33+08:00 ] 127.0.0.1 /index.php/Home/Index/videoList2
INFO: [ app_init ] --START--
INFO: Run Behavior\BuildLiteBehavior [ RunTime:0.000000s ]
INFO: [ app_init ] --END-- [ RunTime:0.000000s ]
INFO: [ app_begin ] --START--
INFO: Run Behavior\ReadHtmlCacheBehavior [ RunTime:0.001000s ]
INFO: [ app_begin ] --END-- [ RunTime:0.001000s ]
SQL: SHOW COLUMNS FROM `weijuer_videos` [ RunTime:0.0060s ]
NOTIC: [8] Undefined variable: condition I:\web\thinkphp\Application\Home\Controller\IndexController.class.php 第 64 行.
SQL: SELECT * FROM `weijuer_videos`  [ RunTime:0.0010s ]

[ 2015-11-27T15:41:48+08:00 ] 127.0.0.1 /index.php/Home/Index/videoList2
INFO: [ app_init ] --START--
INFO: Run Behavior\BuildLiteBehavior [ RunTime:0.001000s ]
INFO: [ app_init ] --END-- [ RunTime:0.001000s ]
INFO: [ app_begin ] --START--
INFO: Run Behavior\ReadHtmlCacheBehavior [ RunTime:0.000000s ]
INFO: [ app_begin ] --END-- [ RunTime:0.000000s ]
SQL: SHOW COLUMNS FROM `weijuer_videos` [ RunTime:0.0040s ]
NOTIC: [8] Undefined variable: condition I:\web\thinkphp\Application\Home\Controller\IndexController.class.php 第 64 行.
SQL: SELECT * FROM `weijuer_videos`  [ RunTime:0.0010s ]

[ 2015-11-27T15:43:15+08:00 ] 127.0.0.1 /index.php/Home/Index/videoList2?username=&password=
INFO: [ app_init ] --START--
INFO: Run Behavior\BuildLiteBehavior [ RunTime:0.000000s ]
INFO: [ app_init ] --END-- [ RunTime:0.000000s ]
INFO: [ app_begin ] --START--
INFO: Run Behavior\ReadHtmlCacheBehavior [ RunTime:0.000000s ]
INFO: [ app_begin ] --END-- [ RunTime:0.001000s ]
SQL: SHOW COLUMNS FROM `weijuer_videos` [ RunTime:0.0040s ]
NOTIC: [8] Undefined variable: condition I:\web\thinkphp\Application\Home\Controller\IndexController.class.php 第 64 行.
SQL: SELECT * FROM `weijuer_videos`  [ RunTime:0.0000s ]

[ 2015-11-27T15:48:41+08:00 ] 127.0.0.1 /index.php/Home/Index/videoList2
INFO: [ app_init ] --START--
INFO: Run Behavior\BuildLiteBehavior [ RunTime:0.000000s ]
INFO: [ app_init ] --END-- [ RunTime:0.001000s ]
INFO: [ app_begin ] --START--
INFO: Run Behavior\ReadHtmlCacheBehavior [ RunTime:0.001000s ]
INFO: [ app_begin ] --END-- [ RunTime:0.001000s ]
SQL: SHOW COLUMNS FROM `weijuer_videos` [ RunTime:0.0050s ]
NOTIC: [8] Undefined variable: condition I:\web\thinkphp\Application\Home\Controller\IndexController.class.php 第 64 行.
SQL: SELECT * FROM `weijuer_videos`  [ RunTime:0.0000s ]

[ 2015-11-27T15:48:46+08:00 ] 127.0.0.1 /index.php/Home/Index/videoList2
INFO: [ app_init ] --START--
INFO: Run Behavior\BuildLiteBehavior [ RunTime:0.001000s ]
INFO: [ app_init ] --END-- [ RunTime:0.001000s ]
INFO: [ app_begin ] --START--
INFO: Run Behavior\ReadHtmlCacheBehavior [ RunTime:0.000000s ]
INFO: [ app_begin ] --END-- [ RunTime:0.000000s ]
SQL: SHOW COLUMNS FROM `weijuer_videos` [ RunTime:0.0880s ]
NOTIC: [8] Undefined variable: condition I:\web\thinkphp\Application\Home\Controller\IndexController.class.php 第 64 行.
SQL: SELECT * FROM `weijuer_videos`  [ RunTime:0.0010s ]

[ 2015-11-27T15:49:16+08:00 ] 127.0.0.1 /index.php/Home/Index/videoList2?username=&password=
INFO: [ app_init ] --START--
INFO: Run Behavior\BuildLiteBehavior [ RunTime:0.000000s ]
INFO: [ app_init ] --END-- [ RunTime:0.001000s ]
INFO: [ app_begin ] --START--
INFO: Run Behavior\ReadHtmlCacheBehavior [ RunTime:0.001000s ]
INFO: [ app_begin ] --END-- [ RunTime:0.001000s ]
SQL: SHOW COLUMNS FROM `weijuer_videos` [ RunTime:0.0030s ]
NOTIC: [8] Undefined variable: condition I:\web\thinkphp\Application\Home\Controller\IndexController.class.php 第 64 行.
SQL: SELECT * FROM `weijuer_videos`  [ RunTime:0.0010s ]

[ 2015-11-27T15:49:20+08:00 ] 127.0.0.1 /index.php/Home/Index/videoList2?username=&password=
INFO: [ app_init ] --START--
INFO: Run Behavior\BuildLiteBehavior [ RunTime:0.000000s ]
INFO: [ app_init ] --END-- [ RunTime:0.001000s ]
INFO: [ app_begin ] --START--
INFO: Run Behavior\ReadHtmlCacheBehavior [ RunTime:0.000000s ]
INFO: [ app_begin ] --END-- [ RunTime:0.000000s ]
SQL: SHOW COLUMNS FROM `weijuer_videos` [ RunTime:0.0030s ]
NOTIC: [8] Undefined variable: condition I:\web\thinkphp\Application\Home\Controller\IndexController.class.php 第 64 行.
SQL: SELECT * FROM `weijuer_videos`  [ RunTime:0.0010s ]

[ 2015-11-27T15:50:07+08:00 ] 127.0.0.1 /index.php/Home/Index/videoList2?username=&password=
INFO: [ app_init ] --START--
INFO: Run Behavior\BuildLiteBehavior [ RunTime:0.000000s ]
INFO: [ app_init ] --END-- [ RunTime:0.001000s ]
INFO: [ app_begin ] --START--
INFO: Run Behavior\ReadHtmlCacheBehavior [ RunTime:0.000000s ]
INFO: [ app_begin ] --END-- [ RunTime:0.001000s ]
SQL: SHOW COLUMNS FROM `weijuer_videos` [ RunTime:0.0040s ]
NOTIC: [8] Undefined variable: condition I:\web\thinkphp\Application\Home\Controller\IndexController.class.php 第 64 行.
SQL: SELECT * FROM `weijuer_videos`  [ RunTime:0.0000s ]

[ 2015-11-27T15:50:24+08:00 ] 127.0.0.1 /index.php/Home/Index/videoList2?username=&password=
INFO: [ app_init ] --START--
INFO: Run Behavior\BuildLiteBehavior [ RunTime:0.000000s ]
INFO: [ app_init ] --END-- [ RunTime:0.000000s ]
INFO: [ app_begin ] --START--
INFO: Run Behavior\ReadHtmlCacheBehavior [ RunTime:0.001000s ]
INFO: [ app_begin ] --END-- [ RunTime:0.001000s ]
SQL: SHOW COLUMNS FROM `weijuer_videos` [ RunTime:0.0060s ]
NOTIC: [8] Undefined variable: condition I:\web\thinkphp\Application\Home\Controller\IndexController.class.php 第 64 行.
SQL: SELECT * FROM `weijuer_videos`  [ RunTime:0.0010s ]

[ 2015-11-27T15:51:35+08:00 ] 127.0.0.1 /index.php/Home/Index/videoList2?username=&password=
INFO: [ app_init ] --START--
INFO: Run Behavior\BuildLiteBehavior [ RunTime:0.000000s ]
INFO: [ app_init ] --END-- [ RunTime:0.000000s ]
INFO: [ app_begin ] --START--
INFO: Run Behavior\ReadHtmlCacheBehavior [ RunTime:0.001000s ]
INFO: [ app_begin ] --END-- [ RunTime:0.001000s ]
SQL: SHOW COLUMNS FROM `weijuer_videos` [ RunTime:0.0030s ]
NOTIC: [8] Undefined variable: condition I:\web\thinkphp\Application\Home\Controller\IndexController.class.php 第 64 行.
SQL: SELECT * FROM `weijuer_videos`  [ RunTime:0.0010s ]

[ 2015-11-27T15:52:17+08:00 ] 127.0.0.1 /index.php/Home/Index/videoList2
INFO: [ app_init ] --START--
INFO: Run Behavior\BuildLiteBehavior [ RunTime:0.000000s ]
INFO: [ app_init ] --END-- [ RunTime:0.001000s ]
INFO: [ app_begin ] --START--
INFO: Run Behavior\ReadHtmlCacheBehavior [ RunTime:0.000000s ]
INFO: [ app_begin ] --END-- [ RunTime:0.002000s ]
SQL: SHOW COLUMNS FROM `weijuer_videos` [ RunTime:0.0170s ]
NOTIC: [8] Undefined variable: condition I:\web\thinkphp\Application\Home\Controller\IndexController.class.php 第 64 行.
SQL: SELECT * FROM `weijuer_videos`  [ RunTime:0.0000s ]

[ 2015-11-27T16:05:06+08:00 ] 127.0.0.1 /index.php/Home/Index/videoList2
INFO: [ app_init ] --START--
INFO: Run Behavior\BuildLiteBehavior [ RunTime:0.000000s ]
INFO: [ app_init ] --END-- [ RunTime:0.001000s ]
INFO: [ app_begin ] --START--
INFO: Run Behavior\ReadHtmlCacheBehavior [ RunTime:0.001000s ]
INFO: [ app_begin ] --END-- [ RunTime:0.001000s ]
SQL: SHOW COLUMNS FROM `weijuer_videos` [ RunTime:0.0050s ]
NOTIC: [8] Undefined variable: condition I:\web\thinkphp\Application\Home\Controller\IndexController.class.php 第 64 行.
SQL: SELECT * FROM `weijuer_videos`  [ RunTime:0.0010s ]

[ 2015-11-27T16:05:11+08:00 ] 127.0.0.1 /index.php/Home/Index/videoList2
INFO: [ app_init ] --START--
INFO: Run Behavior\BuildLiteBehavior [ RunTime:0.001000s ]
INFO: [ app_init ] --END-- [ RunTime:0.001000s ]
INFO: [ app_begin ] --START--
INFO: Run Behavior\ReadHtmlCacheBehavior [ RunTime:0.001001s ]
INFO: [ app_begin ] --END-- [ RunTime:0.001001s ]
SQL: SHOW COLUMNS FROM `weijuer_videos` [ RunTime:0.0030s ]
NOTIC: [8] Undefined variable: condition I:\web\thinkphp\Application\Home\Controller\IndexController.class.php 第 64 行.
SQL: SELECT * FROM `weijuer_videos`  [ RunTime:0.0010s ]

[ 2015-11-27T16:07:17+08:00 ] 127.0.0.1 /index.php/Home/Index/videoList2
INFO: [ app_init ] --START--
INFO: Run Behavior\BuildLiteBehavior [ RunTime:0.000000s ]
INFO: [ app_init ] --END-- [ RunTime:0.001000s ]
INFO: [ app_begin ] --START--
INFO: Run Behavior\ReadHtmlCacheBehavior [ RunTime:0.001000s ]
INFO: [ app_begin ] --END-- [ RunTime:0.001000s ]
SQL: SHOW COLUMNS FROM `weijuer_videos` [ RunTime:0.0040s ]
NOTIC: [8] Undefined variable: condition I:\web\thinkphp\Application\Home\Controller\IndexController.class.php 第 64 行.
SQL: SELECT * FROM `weijuer_videos`  [ RunTime:0.0010s ]

[ 2015-11-27T16:10:46+08:00 ] 127.0.0.1 /index.php/Home/Index/videoList2
INFO: [ app_init ] --START--
INFO: Run Behavior\BuildLiteBehavior [ RunTime:0.000000s ]
INFO: [ app_init ] --END-- [ RunTime:0.000000s ]
INFO: [ app_begin ] --START--
INFO: Run Behavior\ReadHtmlCacheBehavior [ RunTime:0.000000s ]
INFO: [ app_begin ] --END-- [ RunTime:0.000000s ]
SQL: SHOW COLUMNS FROM `weijuer_videos` [ RunTime:0.0040s ]
NOTIC: [8] Undefined variable: condition I:\web\thinkphp\Application\Home\Controller\IndexController.class.php 第 64 行.
SQL: SELECT * FROM `weijuer_videos`  [ RunTime:0.0000s ]

[ 2015-11-27T16:11:18+08:00 ] 127.0.0.1 /index.php/Home/Index/videoList2
INFO: [ app_init ] --START--
INFO: Run Behavior\BuildLiteBehavior [ RunTime:0.001001s ]
INFO: [ app_init ] --END-- [ RunTime:0.001001s ]
INFO: [ app_begin ] --START--
INFO: Run Behavior\ReadHtmlCacheBehavior [ RunTime:0.001000s ]
INFO: [ app_begin ] --END-- [ RunTime:0.001000s ]
SQL: SHOW COLUMNS FROM `weijuer_videos` [ RunTime:0.0160s ]
NOTIC: [8] Undefined variable: condition I:\web\thinkphp\Application\Home\Controller\IndexController.class.php 第 64 行.
SQL: SELECT * FROM `weijuer_videos`  [ RunTime:0.0000s ]

[ 2015-11-27T16:11:27+08:00 ] 127.0.0.1 /index.php/Home/Index/videoList2
INFO: [ app_init ] --START--
INFO: Run Behavior\BuildLiteBehavior [ RunTime:0.000000s ]
INFO: [ app_init ] --END-- [ RunTime:0.000000s ]
INFO: [ app_begin ] --START--
INFO: Run Behavior\ReadHtmlCacheBehavior [ RunTime:0.000000s ]
INFO: [ app_begin ] --END-- [ RunTime:0.000000s ]
SQL: SHOW COLUMNS FROM `weijuer_videos` [ RunTime:0.0140s ]
NOTIC: [8] Undefined variable: condition I:\web\thinkphp\Application\Home\Controller\IndexController.class.php 第 64 行.
SQL: SELECT * FROM `weijuer_videos`  [ RunTime:0.0010s ]

[ 2015-11-27T16:16:22+08:00 ] 127.0.0.1 /index.php/Home/Index/videoList2
INFO: [ app_init ] --START--
INFO: Run Behavior\BuildLiteBehavior [ RunTime:0.000000s ]
INFO: [ app_init ] --END-- [ RunTime:0.000000s ]
INFO: [ app_begin ] --START--
INFO: Run Behavior\ReadHtmlCacheBehavior [ RunTime:0.002000s ]
INFO: [ app_begin ] --END-- [ RunTime:0.002000s ]
SQL: SHOW COLUMNS FROM `weijuer_videos` [ RunTime:0.0150s ]
NOTIC: [8] Undefined variable: condition I:\web\thinkphp\Application\Home\Controller\IndexController.class.php 第 65 行.
SQL: SELECT * FROM `weijuer_videos`  [ RunTime:0.0010s ]

[ 2015-11-27T16:16:30+08:00 ] 127.0.0.1 /index.php/Home/Index/videoList2
INFO: [ app_init ] --START--
INFO: Run Behavior\BuildLiteBehavior [ RunTime:0.000000s ]
INFO: [ app_init ] --END-- [ RunTime:0.001000s ]
INFO: [ app_begin ] --START--
INFO: Run Behavior\ReadHtmlCacheBehavior [ RunTime:0.002000s ]
INFO: [ app_begin ] --END-- [ RunTime:0.002000s ]
SQL: SHOW COLUMNS FROM `weijuer_videos` [ RunTime:0.0030s ]
NOTIC: [8] Undefined variable: condition I:\web\thinkphp\Application\Home\Controller\IndexController.class.php 第 65 行.
SQL: SELECT * FROM `weijuer_videos`  [ RunTime:0.0010s ]

[ 2015-11-27T16:21:41+08:00 ] 127.0.0.1 /index.php/Home/Index/videoList2
INFO: [ app_init ] --START--
INFO: Run Behavior\BuildLiteBehavior [ RunTime:0.000000s ]
INFO: [ app_init ] --END-- [ RunTime:0.001000s ]
INFO: [ app_begin ] --START--
INFO: Run Behavior\ReadHtmlCacheBehavior [ RunTime:0.001000s ]
INFO: [ app_begin ] --END-- [ RunTime:0.001000s ]
SQL: SHOW COLUMNS FROM `weijuer_videos` [ RunTime:0.0040s ]
NOTIC: [8] Undefined variable: condition I:\web\thinkphp\Application\Home\Controller\IndexController.class.php 第 65 行.
SQL: SELECT * FROM `weijuer_videos`  [ RunTime:0.0010s ]

[ 2015-11-27T16:21:52+08:00 ] 127.0.0.1 /index.php/Home/Index/videoList2
INFO: [ app_init ] --START--
INFO: Run Behavior\BuildLiteBehavior [ RunTime:0.000000s ]
INFO: [ app_init ] --END-- [ RunTime:0.001000s ]
INFO: [ app_begin ] --START--
INFO: Run Behavior\ReadHtmlCacheBehavior [ RunTime:0.001001s ]
INFO: [ app_begin ] --END-- [ RunTime:0.001001s ]
SQL: SHOW COLUMNS FROM `weijuer_videos` [ RunTime:0.0040s ]
NOTIC: [8] Undefined variable: condition I:\web\thinkphp\Application\Home\Controller\IndexController.class.php 第 65 行.
SQL: SELECT * FROM `weijuer_videos`  [ RunTime:0.0040s ]

[ 2015-11-27T17:00:01+08:00 ] 127.0.0.1 /index.php/Home/Index/videoList2
INFO: [ app_init ] --START--
INFO: Run Behavior\BuildLiteBehavior [ RunTime:0.000000s ]
INFO: [ app_init ] --END-- [ RunTime:0.000000s ]
INFO: [ app_begin ] --START--
INFO: Run Behavior\ReadHtmlCacheBehavior [ RunTime:0.001001s ]
INFO: [ app_begin ] --END-- [ RunTime:0.001001s ]
SQL: SHOW COLUMNS FROM `weijuer_videos` [ RunTime:0.0060s ]
NOTIC: [8] Undefined variable: condition I:\web\thinkphp\Application\Home\Controller\IndexController.class.php 第 67 行.
SQL: SELECT * FROM `weijuer_videos`  [ RunTime:0.0010s ]

[ 2015-11-27T17:00:01+08:00 ] 127.0.0.1 /index.php/Home/Index/videoList2
INFO: [ app_init ] --START--
INFO: Run Behavior\BuildLiteBehavior [ RunTime:0.000000s ]
INFO: [ app_init ] --END-- [ RunTime:0.001000s ]
INFO: [ app_begin ] --START--
INFO: Run Behavior\ReadHtmlCacheBehavior [ RunTime:0.000000s ]
INFO: [ app_begin ] --END-- [ RunTime:0.000000s ]
SQL: SHOW COLUMNS FROM `weijuer_videos` [ RunTime:0.0130s ]
NOTIC: [8] Undefined variable: condition I:\web\thinkphp\Application\Home\Controller\IndexController.class.php 第 67 行.
SQL: SELECT * FROM `weijuer_videos`  [ RunTime:0.0010s ]

[ 2015-11-27T17:00:10+08:00 ] 127.0.0.1 /index.php/Home/Index/videoList2
INFO: [ app_init ] --START--
INFO: Run Behavior\BuildLiteBehavior [ RunTime:0.000000s ]
INFO: [ app_init ] --END-- [ RunTime:0.000000s ]
INFO: [ app_begin ] --START--
INFO: Run Behavior\ReadHtmlCacheBehavior [ RunTime:0.000000s ]
INFO: [ app_begin ] --END-- [ RunTime:0.000000s ]
SQL: SHOW COLUMNS FROM `weijuer_videos` [ RunTime:0.0080s ]
NOTIC: [8] Undefined variable: condition I:\web\thinkphp\Application\Home\Controller\IndexController.class.php 第 67 行.
SQL: SELECT * FROM `weijuer_videos`  [ RunTime:0.0000s ]

[ 2015-11-27T17:00:10+08:00 ] 127.0.0.1 /index.php/Home/Index/videoList2
INFO: [ app_init ] --START--
INFO: Run Behavior\BuildLiteBehavior [ RunTime:0.000000s ]
INFO: [ app_init ] --END-- [ RunTime:0.001000s ]
INFO: [ app_begin ] --START--
INFO: Run Behavior\ReadHtmlCacheBehavior [ RunTime:0.001000s ]
INFO: [ app_begin ] --END-- [ RunTime:0.001000s ]
SQL: SHOW COLUMNS FROM `weijuer_videos` [ RunTime:0.0040s ]
NOTIC: [8] Undefined variable: condition I:\web\thinkphp\Application\Home\Controller\IndexController.class.php 第 67 行.
SQL: SELECT * FROM `weijuer_videos`  [ RunTime:0.0000s ]

[ 2015-11-27T17:00:11+08:00 ] 127.0.0.1 /index.php/Home/Index/videoList2
INFO: [ app_init ] --START--
INFO: Run Behavior\BuildLiteBehavior [ RunTime:0.000000s ]
INFO: [ app_init ] --END-- [ RunTime:0.001000s ]
INFO: [ app_begin ] --START--
INFO: Run Behavior\ReadHtmlCacheBehavior [ RunTime:0.000000s ]
INFO: [ app_begin ] --END-- [ RunTime:0.000000s ]
SQL: SHOW COLUMNS FROM `weijuer_videos` [ RunTime:0.0030s ]
NOTIC: [8] Undefined variable: condition I:\web\thinkphp\Application\Home\Controller\IndexController.class.php 第 67 行.
SQL: SELECT * FROM `weijuer_videos`  [ RunTime:0.0010s ]

[ 2015-11-27T17:00:16+08:00 ] 127.0.0.1 /index.php/Home/Index/videoList2
INFO: [ app_init ] --START--
INFO: Run Behavior\BuildLiteBehavior [ RunTime:0.000000s ]
INFO: [ app_init ] --END-- [ RunTime:0.001000s ]
INFO: [ app_begin ] --START--
INFO: Run Behavior\ReadHtmlCacheBehavior [ RunTime:0.001000s ]
INFO: [ app_begin ] --END-- [ RunTime:0.001000s ]
SQL: SHOW COLUMNS FROM `weijuer_videos` [ RunTime:0.0040s ]
NOTIC: [8] Undefined variable: condition I:\web\thinkphp\Application\Home\Controller\IndexController.class.php 第 67 行.
SQL: SELECT * FROM `weijuer_videos`  [ RunTime:0.0010s ]

[ 2015-11-27T17:00:16+08:00 ] 127.0.0.1 /index.php/Home/Index/videoList2
INFO: [ app_init ] --START--
INFO: Run Behavior\BuildLiteBehavior [ RunTime:0.000000s ]
INFO: [ app_init ] --END-- [ RunTime:0.001000s ]
INFO: [ app_begin ] --START--
INFO: Run Behavior\ReadHtmlCacheBehavior [ RunTime:0.000000s ]
INFO: [ app_begin ] --END-- [ RunTime:0.000000s ]
SQL: SHOW COLUMNS FROM `weijuer_videos` [ RunTime:0.0040s ]
NOTIC: [8] Undefined variable: condition I:\web\thinkphp\Application\Home\Controller\IndexController.class.php 第 67 行.
SQL: SELECT * FROM `weijuer_videos`  [ RunTime:0.0010s ]

[ 2015-11-27T17:01:07+08:00 ] 127.0.0.1 /index.php/Home/Index/videoList2
INFO: [ app_init ] --START--
INFO: Run Behavior\BuildLiteBehavior [ RunTime:0.000000s ]
INFO: [ app_init ] --END-- [ RunTime:0.000000s ]
INFO: [ app_begin ] --START--
INFO: Run Behavior\ReadHtmlCacheBehavior [ RunTime:0.000000s ]
INFO: [ app_begin ] --END-- [ RunTime:0.000000s ]
SQL: SHOW COLUMNS FROM `weijuer_videos` [ RunTime:0.0040s ]
NOTIC: [8] Undefined variable: condition I:\web\thinkphp\Application\Home\Controller\IndexController.class.php 第 67 行.
SQL: SELECT * FROM `weijuer_videos`  [ RunTime:0.0000s ]

[ 2015-11-27T17:01:07+08:00 ] 127.0.0.1 /index.php/Home/Index/videoList2
INFO: [ app_init ] --START--
INFO: Run Behavior\BuildLiteBehavior [ RunTime:0.000000s ]
INFO: [ app_init ] --END-- [ RunTime:0.001000s ]
INFO: [ app_begin ] --START--
INFO: Run Behavior\ReadHtmlCacheBehavior [ RunTime:0.000000s ]
INFO: [ app_begin ] --END-- [ RunTime:0.000000s ]
SQL: SHOW COLUMNS FROM `weijuer_videos` [ RunTime:0.0050s ]
NOTIC: [8] Undefined variable: condition I:\web\thinkphp\Application\Home\Controller\IndexController.class.php 第 67 行.
SQL: SELECT * FROM `weijuer_videos`  [ RunTime:0.0010s ]

[ 2015-11-27T17:05:09+08:00 ] 127.0.0.1 /index.php/Home/Index/videoList2
INFO: [ app_init ] --START--
INFO: Run Behavior\BuildLiteBehavior [ RunTime:0.000000s ]
INFO: [ app_init ] --END-- [ RunTime:0.003000s ]
INFO: [ app_begin ] --START--
INFO: Run Behavior\ReadHtmlCacheBehavior [ RunTime:0.001000s ]
INFO: [ app_begin ] --END-- [ RunTime:0.001000s ]
SQL: SHOW COLUMNS FROM `weijuer_videos` [ RunTime:0.0050s ]
NOTIC: [8] Undefined variable: condition I:\web\thinkphp\Application\Home\Controller\IndexController.class.php 第 67 行.
SQL: SELECT * FROM `weijuer_videos`  [ RunTime:0.0010s ]

[ 2015-11-27T17:05:09+08:00 ] 127.0.0.1 /index.php/Home/Index/videoList2
INFO: [ app_init ] --START--
INFO: Run Behavior\BuildLiteBehavior [ RunTime:0.000000s ]
INFO: [ app_init ] --END-- [ RunTime:0.001001s ]
INFO: [ app_begin ] --START--
INFO: Run Behavior\ReadHtmlCacheBehavior [ RunTime:0.002000s ]
INFO: [ app_begin ] --END-- [ RunTime:0.002000s ]
SQL: SHOW COLUMNS FROM `weijuer_videos` [ RunTime:0.0050s ]
NOTIC: [8] Undefined variable: condition I:\web\thinkphp\Application\Home\Controller\IndexController.class.php 第 67 行.
SQL: SELECT * FROM `weijuer_videos`  [ RunTime:0.0010s ]

[ 2015-11-27T17:05:18+08:00 ] 127.0.0.1 /index.php/Home/Index/videoList2
INFO: [ app_init ] --START--
INFO: Run Behavior\BuildLiteBehavior [ RunTime:0.000000s ]
INFO: [ app_init ] --END-- [ RunTime:0.001000s ]
INFO: [ app_begin ] --START--
INFO: Run Behavior\ReadHtmlCacheBehavior [ RunTime:0.000000s ]
INFO: [ app_begin ] --END-- [ RunTime:0.001000s ]
SQL: SHOW COLUMNS FROM `weijuer_videos` [ RunTime:0.0040s ]
NOTIC: [8] Undefined variable: condition I:\web\thinkphp\Application\Home\Controller\IndexController.class.php 第 67 行.
SQL: SELECT * FROM `weijuer_videos`  [ RunTime:0.0000s ]

[ 2015-11-27T17:05:18+08:00 ] 127.0.0.1 /index.php/Home/Index/videoList2
INFO: [ app_init ] --START--
INFO: Run Behavior\BuildLiteBehavior [ RunTime:0.000000s ]
INFO: [ app_init ] --END-- [ RunTime:0.001000s ]
INFO: [ app_begin ] --START--
INFO: Run Behavior\ReadHtmlCacheBehavior [ RunTime:0.001000s ]
INFO: [ app_begin ] --END-- [ RunTime:0.001000s ]
SQL: SHOW COLUMNS FROM `weijuer_videos` [ RunTime:0.0050s ]
NOTIC: [8] Undefined variable: condition I:\web\thinkphp\Application\Home\Controller\IndexController.class.php 第 67 行.
SQL: SELECT * FROM `weijuer_videos`  [ RunTime:0.0000s ]

[ 2015-11-27T17:05:34+08:00 ] 127.0.0.1 /index.php/Home/Index/videoList2
INFO: [ app_init ] --START--
INFO: Run Behavior\BuildLiteBehavior [ RunTime:0.000000s ]
INFO: [ app_init ] --END-- [ RunTime:0.000000s ]
INFO: [ app_begin ] --START--
INFO: Run Behavior\ReadHtmlCacheBehavior [ RunTime:0.001000s ]
INFO: [ app_begin ] --END-- [ RunTime:0.001000s ]
SQL: SHOW COLUMNS FROM `weijuer_videos` [ RunTime:0.0050s ]
NOTIC: [8] Undefined variable: condition I:\web\thinkphp\Application\Home\Controller\IndexController.class.php 第 67 行.
SQL: SELECT * FROM `weijuer_videos`  [ RunTime:0.0000s ]

[ 2015-11-27T17:05:34+08:00 ] 127.0.0.1 /index.php/Home/Index/videoList2
INFO: [ app_init ] --START--
INFO: Run Behavior\BuildLiteBehavior [ RunTime:0.000000s ]
INFO: [ app_init ] --END-- [ RunTime:0.000000s ]
INFO: [ app_begin ] --START--
INFO: Run Behavior\ReadHtmlCacheBehavior [ RunTime:0.000000s ]
INFO: [ app_begin ] --END-- [ RunTime:0.001000s ]
SQL: SHOW COLUMNS FROM `weijuer_videos` [ RunTime:0.0040s ]
NOTIC: [8] Undefined variable: condition I:\web\thinkphp\Application\Home\Controller\IndexController.class.php 第 67 行.
SQL: SELECT * FROM `weijuer_videos`  [ RunTime:0.0000s ]

[ 2015-11-27T17:09:12+08:00 ] 127.0.0.1 /index.php/Home/Index/videoList2
INFO: [ app_init ] --START--
INFO: Run Behavior\BuildLiteBehavior [ RunTime:0.000000s ]
INFO: [ app_init ] --END-- [ RunTime:0.000000s ]
INFO: [ app_begin ] --START--
INFO: Run Behavior\ReadHtmlCacheBehavior [ RunTime:0.001000s ]
INFO: [ app_begin ] --END-- [ RunTime:0.001000s ]
SQL: SHOW COLUMNS FROM `weijuer_videos` [ RunTime:0.0230s ]
SQL: SELECT * FROM `weijuer_videos`  [ RunTime:0.0010s ]

[ 2015-11-27T17:09:12+08:00 ] 127.0.0.1 /index.php/Home/Index/videoList2
INFO: [ app_init ] --START--
INFO: Run Behavior\BuildLiteBehavior [ RunTime:0.000000s ]
INFO: [ app_init ] --END-- [ RunTime:0.001000s ]
INFO: [ app_begin ] --START--
INFO: Run Behavior\ReadHtmlCacheBehavior [ RunTime:0.001000s ]
INFO: [ app_begin ] --END-- [ RunTime:0.001000s ]
SQL: SHOW COLUMNS FROM `weijuer_videos` [ RunTime:0.0040s ]
SQL: SELECT * FROM `weijuer_videos`  [ RunTime:0.0010s ]

[ 2015-11-27T17:09:19+08:00 ] 127.0.0.1 /index.php/Home/Index/videoList2
INFO: [ app_init ] --START--
INFO: Run Behavior\BuildLiteBehavior [ RunTime:0.000000s ]
INFO: [ app_init ] --END-- [ RunTime:0.001000s ]
INFO: [ app_begin ] --START--
INFO: Run Behavior\ReadHtmlCacheBehavior [ RunTime:0.000000s ]
INFO: [ app_begin ] --END-- [ RunTime:0.001000s ]
SQL: SHOW COLUMNS FROM `weijuer_videos` [ RunTime:0.0040s ]
SQL: SELECT * FROM `weijuer_videos`  [ RunTime:0.0010s ]

[ 2015-11-27T17:09:19+08:00 ] 127.0.0.1 /index.php/Home/Index/videoList2
INFO: [ app_init ] --START--
INFO: Run Behavior\BuildLiteBehavior [ RunTime:0.000000s ]
INFO: [ app_init ] --END-- [ RunTime:0.002001s ]
INFO: [ app_begin ] --START--
INFO: Run Behavior\ReadHtmlCacheBehavior [ RunTime:0.001000s ]
INFO: [ app_begin ] --END-- [ RunTime:0.001000s ]
SQL: SHOW COLUMNS FROM `weijuer_videos` [ RunTime:0.0030s ]
SQL: SELECT * FROM `weijuer_videos`  [ RunTime:0.0000s ]

[ 2015-11-27T17:10:00+08:00 ] 127.0.0.1 /index.php/Home/Index/videoList2
INFO: [ app_init ] --START--
INFO: Run Behavior\BuildLiteBehavior [ RunTime:0.000000s ]
INFO: [ app_init ] --END-- [ RunTime:0.001000s ]
INFO: [ app_begin ] --START--
INFO: Run Behavior\ReadHtmlCacheBehavior [ RunTime:0.001000s ]
INFO: [ app_begin ] --END-- [ RunTime:0.001000s ]
SQL: SHOW COLUMNS FROM `weijuer_videos` [ RunTime:0.0040s ]
SQL: SELECT * FROM `weijuer_videos`  [ RunTime:0.0000s ]

[ 2015-11-27T17:10:00+08:00 ] 127.0.0.1 /index.php/Home/Index/videoList2
INFO: [ app_init ] --START--
INFO: Run Behavior\BuildLiteBehavior [ RunTime:0.000000s ]
INFO: [ app_init ] --END-- [ RunTime:0.001000s ]
INFO: [ app_begin ] --START--
INFO: Run Behavior\ReadHtmlCacheBehavior [ RunTime:0.000000s ]
INFO: [ app_begin ] --END-- [ RunTime:0.001000s ]
SQL: SHOW COLUMNS FROM `weijuer_videos` [ RunTime:0.0040s ]
SQL: SELECT * FROM `weijuer_videos`  [ RunTime:0.0000s ]

[ 2015-11-27T17:10:05+08:00 ] 127.0.0.1 /index.php/Home/Index/videoList2
INFO: [ app_init ] --START--
INFO: Run Behavior\BuildLiteBehavior [ RunTime:0.000000s ]
INFO: [ app_init ] --END-- [ RunTime:0.001000s ]
INFO: [ app_begin ] --START--
INFO: Run Behavior\ReadHtmlCacheBehavior [ RunTime:0.002000s ]
INFO: [ app_begin ] --END-- [ RunTime:0.002000s ]
SQL: SHOW COLUMNS FROM `weijuer_videos` [ RunTime:0.0030s ]
SQL: SELECT * FROM `weijuer_videos`  [ RunTime:0.0010s ]

[ 2015-11-27T17:10:06+08:00 ] 127.0.0.1 /index.php/Home/Index/videoList2
INFO: [ app_init ] --START--
INFO: Run Behavior\BuildLiteBehavior [ RunTime:0.000000s ]
INFO: [ app_init ] --END-- [ RunTime:0.001000s ]
INFO: [ app_begin ] --START--
INFO: Run Behavior\ReadHtmlCacheBehavior [ RunTime:0.001000s ]
INFO: [ app_begin ] --END-- [ RunTime:0.001000s ]
SQL: SHOW COLUMNS FROM `weijuer_videos` [ RunTime:0.0040s ]
SQL: SELECT * FROM `weijuer_videos`  [ RunTime:0.0000s ]

[ 2015-11-27T17:10:25+08:00 ] 127.0.0.1 /index.php/Home/Index/videoList2
INFO: [ app_init ] --START--
INFO: Run Behavior\BuildLiteBehavior [ RunTime:0.000000s ]
INFO: [ app_init ] --END-- [ RunTime:0.000000s ]
INFO: [ app_begin ] --START--
INFO: Run Behavior\ReadHtmlCacheBehavior [ RunTime:0.001000s ]
INFO: [ app_begin ] --END-- [ RunTime:0.002000s ]
SQL: SHOW COLUMNS FROM `weijuer_videos` [ RunTime:0.0030s ]
SQL: SELECT * FROM `weijuer_videos`  [ RunTime:0.0000s ]

[ 2015-11-27T17:10:25+08:00 ] 127.0.0.1 /index.php/Home/Index/videoList2
INFO: [ app_init ] --START--
INFO: Run Behavior\BuildLiteBehavior [ RunTime:0.000000s ]
INFO: [ app_init ] --END-- [ RunTime:0.001000s ]
INFO: [ app_begin ] --START--
INFO: Run Behavior\ReadHtmlCacheBehavior [ RunTime:0.000000s ]
INFO: [ app_begin ] --END-- [ RunTime:0.002001s ]
SQL: SHOW COLUMNS FROM `weijuer_videos` [ RunTime:0.0040s ]
SQL: SELECT * FROM `weijuer_videos`  [ RunTime:0.0000s ]

[ 2015-11-27T17:14:24+08:00 ] 127.0.0.1 /index.php/Home/Index/videoList2
INFO: [ app_init ] --START--
INFO: Run Behavior\BuildLiteBehavior [ RunTime:0.000000s ]
INFO: [ app_init ] --END-- [ RunTime:0.001000s ]
INFO: [ app_begin ] --START--
INFO: Run Behavior\ReadHtmlCacheBehavior [ RunTime:0.002000s ]
INFO: [ app_begin ] --END-- [ RunTime:0.003000s ]
SQL: SHOW COLUMNS FROM `weijuer_videos` [ RunTime:0.0030s ]
SQL: SELECT * FROM `weijuer_videos`  [ RunTime:0.0010s ]

[ 2015-11-27T17:14:24+08:00 ] 127.0.0.1 /index.php/Home/Index/videoList2
INFO: [ app_init ] --START--
INFO: Run Behavior\BuildLiteBehavior [ RunTime:0.000000s ]
INFO: [ app_init ] --END-- [ RunTime:0.001000s ]
INFO: [ app_begin ] --START--
INFO: Run Behavior\ReadHtmlCacheBehavior [ RunTime:0.001001s ]
INFO: [ app_begin ] --END-- [ RunTime:0.001001s ]
SQL: SHOW COLUMNS FROM `weijuer_videos` [ RunTime:0.0040s ]
SQL: SELECT * FROM `weijuer_videos`  [ RunTime:0.0010s ]

[ 2015-11-27T17:14:45+08:00 ] 127.0.0.1 /index.php/Home/Index/videoList2
INFO: [ app_init ] --START--
INFO: Run Behavior\BuildLiteBehavior [ RunTime:0.000000s ]
INFO: [ app_init ] --END-- [ RunTime:0.000000s ]
INFO: [ app_begin ] --START--
INFO: Run Behavior\ReadHtmlCacheBehavior [ RunTime:0.001000s ]
INFO: [ app_begin ] --END-- [ RunTime:0.001000s ]
SQL: SHOW COLUMNS FROM `weijuer_videos` [ RunTime:0.0030s ]
SQL: SELECT * FROM `weijuer_videos`  [ RunTime:0.0010s ]

[ 2015-11-27T17:14:45+08:00 ] 127.0.0.1 /index.php/Home/Index/videoList2
INFO: [ app_init ] --START--
INFO: Run Behavior\BuildLiteBehavior [ RunTime:0.000000s ]
INFO: [ app_init ] --END-- [ RunTime:0.001000s ]
INFO: [ app_begin ] --START--
INFO: Run Behavior\ReadHtmlCacheBehavior [ RunTime:0.000000s ]
INFO: [ app_begin ] --END-- [ RunTime:0.000000s ]
SQL: SHOW COLUMNS FROM `weijuer_videos` [ RunTime:0.0040s ]
SQL: SELECT * FROM `weijuer_videos`  [ RunTime:0.0000s ]

[ 2015-11-27T17:18:45+08:00 ] 127.0.0.1 /index.php/Home/Index/videoList2
INFO: [ app_init ] --START--
INFO: Run Behavior\BuildLiteBehavior [ RunTime:0.000000s ]
INFO: [ app_init ] --END-- [ RunTime:0.002000s ]
INFO: [ app_begin ] --START--
INFO: Run Behavior\ReadHtmlCacheBehavior [ RunTime:0.001000s ]
INFO: [ app_begin ] --END-- [ RunTime:0.001000s ]
SQL: SHOW COLUMNS FROM `weijuer_videos` [ RunTime:0.0050s ]
SQL: SELECT * FROM `weijuer_videos`  [ RunTime:0.0000s ]

[ 2015-11-27T17:18:45+08:00 ] 127.0.0.1 /index.php/Home/Index/videoList2
INFO: [ app_init ] --START--
INFO: Run Behavior\BuildLiteBehavior [ RunTime:0.000000s ]
INFO: [ app_init ] --END-- [ RunTime:0.001000s ]
INFO: [ app_begin ] --START--
INFO: Run Behavior\ReadHtmlCacheBehavior [ RunTime:0.001000s ]
INFO: [ app_begin ] --END-- [ RunTime:0.001000s ]
SQL: SHOW COLUMNS FROM `weijuer_videos` [ RunTime:0.0050s ]
SQL: SELECT * FROM `weijuer_videos`  [ RunTime:0.0010s ]

[ 2015-11-27T17:20:57+08:00 ] 127.0.0.1 /index.php/Home/Index/videoList2
INFO: [ app_init ] --START--
INFO: Run Behavior\BuildLiteBehavior [ RunTime:0.000000s ]
INFO: [ app_init ] --END-- [ RunTime:0.001000s ]
INFO: [ app_begin ] --START--
INFO: Run Behavior\ReadHtmlCacheBehavior [ RunTime:0.001000s ]
INFO: [ app_begin ] --END-- [ RunTime:0.001000s ]
SQL: SHOW COLUMNS FROM `weijuer_videos` [ RunTime:0.0030s ]
SQL: SELECT * FROM `weijuer_videos`  [ RunTime:0.0010s ]

[ 2015-11-27T17:20:57+08:00 ] 127.0.0.1 /index.php/Home/Index/videoList2
INFO: [ app_init ] --START--
INFO: Run Behavior\BuildLiteBehavior [ RunTime:0.000000s ]
INFO: [ app_init ] --END-- [ RunTime:0.000000s ]
INFO: [ app_begin ] --START--
INFO: Run Behavior\ReadHtmlCacheBehavior [ RunTime:0.001000s ]
INFO: [ app_begin ] --END-- [ RunTime:0.001000s ]
SQL: SHOW COLUMNS FROM `weijuer_videos` [ RunTime:0.0040s ]
SQL: SELECT * FROM `weijuer_videos`  [ RunTime:0.0000s ]

[ 2015-11-27T17:23:39+08:00 ] 127.0.0.1 /index.php/Home/Index/videoList2
INFO: [ app_init ] --START--
INFO: Run Behavior\BuildLiteBehavior [ RunTime:0.000000s ]
INFO: [ app_init ] --END-- [ RunTime:0.001000s ]
INFO: [ app_begin ] --START--
INFO: Run Behavior\ReadHtmlCacheBehavior [ RunTime:0.001000s ]
INFO: [ app_begin ] --END-- [ RunTime:0.001000s ]
SQL: SHOW COLUMNS FROM `weijuer_videos` [ RunTime:0.0030s ]
SQL: SELECT * FROM `weijuer_videos`  [ RunTime:0.0010s ]

[ 2015-11-27T17:23:39+08:00 ] 127.0.0.1 /index.php/Home/Index/videoList2
INFO: [ app_init ] --START--
INFO: Run Behavior\BuildLiteBehavior [ RunTime:0.000000s ]
INFO: [ app_init ] --END-- [ RunTime:0.001000s ]
INFO: [ app_begin ] --START--
INFO: Run Behavior\ReadHtmlCacheBehavior [ RunTime:0.001000s ]
INFO: [ app_begin ] --END-- [ RunTime:0.001000s ]
SQL: SHOW COLUMNS FROM `weijuer_videos` [ RunTime:0.0030s ]
SQL: SELECT * FROM `weijuer_videos`  [ RunTime:0.0010s ]

[ 2015-11-27T17:24:15+08:00 ] 127.0.0.1 /index.php/Home/Index/videoList2
INFO: [ app_init ] --START--
INFO: Run Behavior\BuildLiteBehavior [ RunTime:0.001000s ]
INFO: [ app_init ] --END-- [ RunTime:0.001000s ]
INFO: [ app_begin ] --START--
INFO: Run Behavior\ReadHtmlCacheBehavior [ RunTime:0.000000s ]
INFO: [ app_begin ] --END-- [ RunTime:0.001000s ]
SQL: SHOW COLUMNS FROM `weijuer_videos` [ RunTime:0.0030s ]
SQL: SELECT * FROM `weijuer_videos`  [ RunTime:0.0000s ]

[ 2015-11-27T17:24:15+08:00 ] 127.0.0.1 /index.php/Home/Index/videoList2
INFO: [ app_init ] --START--
INFO: Run Behavior\BuildLiteBehavior [ RunTime:0.000000s ]
INFO: [ app_init ] --END-- [ RunTime:0.001001s ]
INFO: [ app_begin ] --START--
INFO: Run Behavior\ReadHtmlCacheBehavior [ RunTime:0.001000s ]
INFO: [ app_begin ] --END-- [ RunTime:0.001000s ]
SQL: SHOW COLUMNS FROM `weijuer_videos` [ RunTime:0.0040s ]
SQL: SELECT * FROM `weijuer_videos`  [ RunTime:0.0010s ]

[ 2015-11-27T17:25:12+08:00 ] 127.0.0.1 /index.php/Home/Index/videoList2
INFO: [ app_init ] --START--
INFO: Run Behavior\BuildLiteBehavior [ RunTime:0.000000s ]
INFO: [ app_init ] --END-- [ RunTime:0.001000s ]
INFO: [ app_begin ] --START--
INFO: Run Behavior\ReadHtmlCacheBehavior [ RunTime:0.001000s ]
INFO: [ app_begin ] --END-- [ RunTime:0.001000s ]
SQL: SHOW COLUMNS FROM `weijuer_videos` [ RunTime:0.0030s ]
SQL: SELECT * FROM `weijuer_videos`  [ RunTime:0.0010s ]

[ 2015-11-27T17:25:12+08:00 ] 127.0.0.1 /index.php/Home/Index/videoList2
INFO: [ app_init ] --START--
INFO: Run Behavior\BuildLiteBehavior [ RunTime:0.000000s ]
INFO: [ app_init ] --END-- [ RunTime:0.000000s ]
INFO: [ app_begin ] --START--
INFO: Run Behavior\ReadHtmlCacheBehavior [ RunTime:0.001000s ]
INFO: [ app_begin ] --END-- [ RunTime:0.001000s ]
SQL: SHOW COLUMNS FROM `weijuer_videos` [ RunTime:0.0040s ]
SQL: SELECT * FROM `weijuer_videos`  [ RunTime:0.0010s ]

[ 2015-11-27T17:26:20+08:00 ] 127.0.0.1 /index.php/Home/Index/videoList2
INFO: [ app_init ] --START--
INFO: Run Behavior\BuildLiteBehavior [ RunTime:0.000000s ]
INFO: [ app_init ] --END-- [ RunTime:0.001000s ]
INFO: [ app_begin ] --START--
INFO: Run Behavior\ReadHtmlCacheBehavior [ RunTime:0.002000s ]
INFO: [ app_begin ] --END-- [ RunTime:0.002000s ]
SQL: SHOW COLUMNS FROM `weijuer_videos` [ RunTime:0.0030s ]
SQL: SELECT * FROM `weijuer_videos`  [ RunTime:0.0000s ]

[ 2015-11-27T17:26:20+08:00 ] 127.0.0.1 /index.php/Home/Index/videoList2
INFO: [ app_init ] --START--
INFO: Run Behavior\BuildLiteBehavior [ RunTime:0.000000s ]
INFO: [ app_init ] --END-- [ RunTime:0.000000s ]
INFO: [ app_begin ] --START--
INFO: Run Behavior\ReadHtmlCacheBehavior [ RunTime:0.000000s ]
INFO: [ app_begin ] --END-- [ RunTime:0.000000s ]
SQL: SHOW COLUMNS FROM `weijuer_videos` [ RunTime:0.0040s ]
SQL: SELECT * FROM `weijuer_videos`  [ RunTime:0.0000s ]

[ 2015-11-27T17:26:29+08:00 ] 127.0.0.1 /index.php/Home/Index/videoList2
INFO: [ app_init ] --START--
INFO: Run Behavior\BuildLiteBehavior [ RunTime:0.000000s ]
INFO: [ app_init ] --END-- [ RunTime:0.001000s ]
INFO: [ app_begin ] --START--
INFO: Run Behavior\ReadHtmlCacheBehavior [ RunTime:0.001000s ]
INFO: [ app_begin ] --END-- [ RunTime:0.001000s ]
SQL: SHOW COLUMNS FROM `weijuer_videos` [ RunTime:0.0140s ]
SQL: SELECT * FROM `weijuer_videos`  [ RunTime:0.0010s ]

[ 2015-11-27T17:26:29+08:00 ] 127.0.0.1 /index.php/Home/Index/videoList2
INFO: [ app_init ] --START--
INFO: Run Behavior\BuildLiteBehavior [ RunTime:0.000000s ]
INFO: [ app_init ] --END-- [ RunTime:0.001000s ]
INFO: [ app_begin ] --START--
INFO: Run Behavior\ReadHtmlCacheBehavior [ RunTime:0.000000s ]
INFO: [ app_begin ] --END-- [ RunTime:0.001000s ]
SQL: SHOW COLUMNS FROM `weijuer_videos` [ RunTime:0.0050s ]
SQL: SELECT * FROM `weijuer_videos`  [ RunTime:0.0000s ]

[ 2015-11-27T17:37:23+08:00 ] 127.0.0.1 /index.php/Home/Index/videoList2
INFO: [ app_init ] --START--
INFO: Run Behavior\BuildLiteBehavior [ RunTime:0.000000s ]
INFO: [ app_init ] --END-- [ RunTime:0.001000s ]
INFO: [ app_begin ] --START--
INFO: Run Behavior\ReadHtmlCacheBehavior [ RunTime:0.001000s ]
INFO: [ app_begin ] --END-- [ RunTime:0.001000s ]
SQL: SHOW COLUMNS FROM `weijuer_videos` [ RunTime:0.0040s ]
SQL: SELECT * FROM `weijuer_videos`  [ RunTime:0.0010s ]

[ 2015-11-27T17:37:23+08:00 ] 127.0.0.1 /index.php/Home/Index/videoList2
INFO: [ app_init ] --START--
INFO: Run Behavior\BuildLiteBehavior [ RunTime:0.000000s ]
INFO: [ app_init ] --END-- [ RunTime:0.001000s ]
INFO: [ app_begin ] --START--
INFO: Run Behavior\ReadHtmlCacheBehavior [ RunTime:0.000000s ]
INFO: [ app_begin ] --END-- [ RunTime:0.002000s ]
SQL: SHOW COLUMNS FROM `weijuer_videos` [ RunTime:0.0030s ]
SQL: SELECT * FROM `weijuer_videos`  [ RunTime:0.0000s ]

[ 2015-11-27T17:37:51+08:00 ] 127.0.0.1 /index.php/Home/Index/videoList2
INFO: [ app_init ] --START--
INFO: Run Behavior\BuildLiteBehavior [ RunTime:0.000000s ]
INFO: [ app_init ] --END-- [ RunTime:0.000000s ]
INFO: [ app_begin ] --START--
INFO: Run Behavior\ReadHtmlCacheBehavior [ RunTime:0.000000s ]
INFO: [ app_begin ] --END-- [ RunTime:0.002000s ]
SQL: SHOW COLUMNS FROM `weijuer_videos` [ RunTime:0.0030s ]
SQL: SELECT * FROM `weijuer_videos`  [ RunTime:0.0000s ]

[ 2015-11-27T17:37:51+08:00 ] 127.0.0.1 /index.php/Home/Index/videoList2
INFO: [ app_init ] --START--
INFO: Run Behavior\BuildLiteBehavior [ RunTime:0.000000s ]
INFO: [ app_init ] --END-- [ RunTime:0.001001s ]
INFO: [ app_begin ] --START--
INFO: Run Behavior\ReadHtmlCacheBehavior [ RunTime:0.000000s ]
INFO: [ app_begin ] --END-- [ RunTime:0.001000s ]
SQL: SHOW COLUMNS FROM `weijuer_videos` [ RunTime:0.0030s ]
SQL: SELECT * FROM `weijuer_videos`  [ RunTime:0.0010s ]

[ 2015-11-27T17:41:14+08:00 ] 127.0.0.1 /index.php/Home/Index/videoList2
INFO: [ app_init ] --START--
INFO: Run Behavior\BuildLiteBehavior [ RunTime:0.000000s ]
INFO: [ app_init ] --END-- [ RunTime:0.000000s ]
INFO: [ app_begin ] --START--
INFO: Run Behavior\ReadHtmlCacheBehavior [ RunTime:0.001000s ]
INFO: [ app_begin ] --END-- [ RunTime:0.001000s ]
SQL: SHOW COLUMNS FROM `weijuer_videos` [ RunTime:0.0280s ]
SQL: SELECT * FROM `weijuer_videos`  [ RunTime:0.0000s ]

[ 2015-11-27T17:41:14+08:00 ] 127.0.0.1 /index.php/Home/Index/videoList2
INFO: [ app_init ] --START--
INFO: Run Behavior\BuildLiteBehavior [ RunTime:0.000000s ]
INFO: [ app_init ] --END-- [ RunTime:0.001000s ]
INFO: [ app_begin ] --START--
INFO: Run Behavior\ReadHtmlCacheBehavior [ RunTime:0.000000s ]
INFO: [ app_begin ] --END-- [ RunTime:0.000000s ]
SQL: SHOW COLUMNS FROM `weijuer_videos` [ RunTime:0.0030s ]
SQL: SELECT * FROM `weijuer_videos`  [ RunTime:0.0000s ]

[ 2015-11-27T17:43:54+08:00 ] 127.0.0.1 /index.php/Home/Index/videoList2
INFO: [ app_init ] --START--
INFO: Run Behavior\BuildLiteBehavior [ RunTime:0.000000s ]
INFO: [ app_init ] --END-- [ RunTime:0.001000s ]
INFO: [ app_begin ] --START--
INFO: Run Behavior\ReadHtmlCacheBehavior [ RunTime:0.001000s ]
INFO: [ app_begin ] --END-- [ RunTime:0.001000s ]
SQL: SHOW COLUMNS FROM `weijuer_videos` [ RunTime:0.0040s ]
SQL: SELECT * FROM `weijuer_videos`  [ RunTime:0.0000s ]

[ 2015-11-27T17:43:54+08:00 ] 127.0.0.1 /index.php/Home/Index/videoList2
INFO: [ app_init ] --START--
INFO: Run Behavior\BuildLiteBehavior [ RunTime:0.000000s ]
INFO: [ app_init ] --END-- [ RunTime:0.000000s ]
INFO: [ app_begin ] --START--
INFO: Run Behavior\ReadHtmlCacheBehavior [ RunTime:0.001000s ]
INFO: [ app_begin ] --END-- [ RunTime:0.001000s ]
SQL: SHOW COLUMNS FROM `weijuer_videos` [ RunTime:0.0030s ]
SQL: SELECT * FROM `weijuer_videos`  [ RunTime:0.0000s ]

[ 2015-11-27T17:44:27+08:00 ] 127.0.0.1 /index.php/Home/Index/videoList2
INFO: [ app_init ] --START--
INFO: Run Behavior\BuildLiteBehavior [ RunTime:0.000000s ]
INFO: [ app_init ] --END-- [ RunTime:0.001000s ]
INFO: [ app_begin ] --START--
INFO: Run Behavior\ReadHtmlCacheBehavior [ RunTime:0.000000s ]
INFO: [ app_begin ] --END-- [ RunTime:0.001000s ]
SQL: SHOW COLUMNS FROM `weijuer_videos` [ RunTime:0.0040s ]
SQL: SELECT * FROM `weijuer_videos`  [ RunTime:0.0000s ]

[ 2015-11-27T17:44:27+08:00 ] 127.0.0.1 /index.php/Home/Index/videoList2
INFO: [ app_init ] --START--
INFO: Run Behavior\BuildLiteBehavior [ RunTime:0.000000s ]
INFO: [ app_init ] --END-- [ RunTime:0.000000s ]
INFO: [ app_begin ] --START--
INFO: Run Behavior\ReadHtmlCacheBehavior [ RunTime:0.000000s ]
INFO: [ app_begin ] --END-- [ RunTime:0.001000s ]
SQL: SHOW COLUMNS FROM `weijuer_videos` [ RunTime:0.0050s ]
SQL: SELECT * FROM `weijuer_videos`  [ RunTime:0.0010s ]

[ 2015-11-27T17:44:46+08:00 ] 127.0.0.1 /index.php/Home/Index/videoList2
INFO: [ app_init ] --START--
INFO: Run Behavior\BuildLiteBehavior [ RunTime:0.000000s ]
INFO: [ app_init ] --END-- [ RunTime:0.000000s ]
INFO: [ app_begin ] --START--
INFO: Run Behavior\ReadHtmlCacheBehavior [ RunTime:0.000000s ]
INFO: [ app_begin ] --END-- [ RunTime:0.000000s ]
SQL: SHOW COLUMNS FROM `weijuer_videos` [ RunTime:0.0390s ]
SQL: SELECT * FROM `weijuer_videos`  [ RunTime:0.0010s ]

[ 2015-11-27T17:44:46+08:00 ] 127.0.0.1 /index.php/Home/Index/videoList2
INFO: [ app_init ] --START--
INFO: Run Behavior\BuildLiteBehavior [ RunTime:0.000000s ]
INFO: [ app_init ] --END-- [ RunTime:0.001000s ]
INFO: [ app_begin ] --START--
INFO: Run Behavior\ReadHtmlCacheBehavior [ RunTime:0.000000s ]
INFO: [ app_begin ] --END-- [ RunTime:0.001000s ]
SQL: SHOW COLUMNS FROM `weijuer_videos` [ RunTime:0.0050s ]
SQL: SELECT * FROM `weijuer_videos`  [ RunTime:0.0010s ]

[ 2015-11-27T17:46:22+08:00 ] 127.0.0.1 /index.php/Home/Index/videoList2
INFO: [ app_init ] --START--
INFO: Run Behavior\BuildLiteBehavior [ RunTime:0.000000s ]
INFO: [ app_init ] --END-- [ RunTime:0.000000s ]
INFO: [ app_begin ] --START--
INFO: Run Behavior\ReadHtmlCacheBehavior [ RunTime:0.001000s ]
INFO: [ app_begin ] --END-- [ RunTime:0.001000s ]
SQL: SHOW COLUMNS FROM `weijuer_videos` [ RunTime:0.0040s ]
SQL: SELECT * FROM `weijuer_videos`  [ RunTime:0.0010s ]

[ 2015-11-27T17:46:22+08:00 ] 127.0.0.1 /index.php/Home/Index/videoList2
INFO: [ app_init ] --START--
INFO: Run Behavior\BuildLiteBehavior [ RunTime:0.000000s ]
INFO: [ app_init ] --END-- [ RunTime:0.001000s ]
INFO: [ app_begin ] --START--
INFO: Run Behavior\ReadHtmlCacheBehavior [ RunTime:0.000000s ]
INFO: [ app_begin ] --END-- [ RunTime:0.000000s ]
SQL: SHOW COLUMNS FROM `weijuer_videos` [ RunTime:0.0040s ]
SQL: SELECT * FROM `weijuer_videos`  [ RunTime:0.0010s ]

[ 2015-11-27T17:46:43+08:00 ] 127.0.0.1 /index.php/Home/Index/videoList2
INFO: [ app_init ] --START--
INFO: Run Behavior\BuildLiteBehavior [ RunTime:0.000000s ]
INFO: [ app_init ] --END-- [ RunTime:0.001000s ]
INFO: [ app_begin ] --START--
INFO: Run Behavior\ReadHtmlCacheBehavior [ RunTime:0.000000s ]
INFO: [ app_begin ] --END-- [ RunTime:0.001000s ]
SQL: SHOW COLUMNS FROM `weijuer_videos` [ RunTime:0.0130s ]
SQL: SELECT * FROM `weijuer_videos`  [ RunTime:0.0000s ]

[ 2015-11-27T17:46:43+08:00 ] 127.0.0.1 /index.php/Home/Index/videoList2
INFO: [ app_init ] --START--
INFO: Run Behavior\BuildLiteBehavior [ RunTime:0.000000s ]
INFO: [ app_init ] --END-- [ RunTime:0.000000s ]
INFO: [ app_begin ] --START--
INFO: Run Behavior\ReadHtmlCacheBehavior [ RunTime:0.001000s ]
INFO: [ app_begin ] --END-- [ RunTime:0.001000s ]
SQL: SHOW COLUMNS FROM `weijuer_videos` [ RunTime:0.0040s ]
SQL: SELECT * FROM `weijuer_videos`  [ RunTime:0.0000s ]

[ 2015-11-27T17:47:38+08:00 ] 127.0.0.1 /index.php/Home/Index/videoList2
INFO: [ app_init ] --START--
INFO: Run Behavior\BuildLiteBehavior [ RunTime:0.000000s ]
INFO: [ app_init ] --END-- [ RunTime:0.001000s ]
INFO: [ app_begin ] --START--
INFO: Run Behavior\ReadHtmlCacheBehavior [ RunTime:0.001000s ]
INFO: [ app_begin ] --END-- [ RunTime:0.001000s ]
SQL: SHOW COLUMNS FROM `weijuer_videos` [ RunTime:0.0050s ]
SQL: SELECT * FROM `weijuer_videos`  [ RunTime:0.0010s ]

[ 2015-11-27T17:47:38+08:00 ] 127.0.0.1 /index.php/Home/Index/videoList2
INFO: [ app_init ] --START--
INFO: Run Behavior\BuildLiteBehavior [ RunTime:0.000000s ]
INFO: [ app_init ] --END-- [ RunTime:0.000000s ]
INFO: [ app_begin ] --START--
INFO: Run Behavior\ReadHtmlCacheBehavior [ RunTime:0.001000s ]
INFO: [ app_begin ] --END-- [ RunTime:0.001000s ]
SQL: SHOW COLUMNS FROM `weijuer_videos` [ RunTime:0.0040s ]
SQL: SELECT * FROM `weijuer_videos`  [ RunTime:0.0010s ]

[ 2015-11-27T17:48:11+08:00 ] 127.0.0.1 /index.php/Home/Index/videoList2
INFO: [ app_init ] --START--
INFO: Run Behavior\BuildLiteBehavior [ RunTime:0.000000s ]
INFO: [ app_init ] --END-- [ RunTime:0.001000s ]
INFO: [ app_begin ] --START--
INFO: Run Behavior\ReadHtmlCacheBehavior [ RunTime:0.001001s ]
INFO: [ app_begin ] --END-- [ RunTime:0.001001s ]
SQL: SHOW COLUMNS FROM `weijuer_videos` [ RunTime:0.0360s ]
SQL: SELECT * FROM `weijuer_videos`  [ RunTime:0.0010s ]

[ 2015-11-27T17:48:11+08:00 ] 127.0.0.1 /index.php/Home/Index/videoList2
INFO: [ app_init ] --START--
INFO: Run Behavior\BuildLiteBehavior [ RunTime:0.000000s ]
INFO: [ app_init ] --END-- [ RunTime:0.000000s ]
INFO: [ app_begin ] --START--
INFO: Run Behavior\ReadHtmlCacheBehavior [ RunTime:0.001000s ]
INFO: [ app_begin ] --END-- [ RunTime:0.001000s ]
SQL: SHOW COLUMNS FROM `weijuer_videos` [ RunTime:0.0040s ]
SQL: SELECT * FROM `weijuer_videos`  [ RunTime:0.0010s ]

