[ 2016-02-07T16:24:07+08:00 ] 127.0.0.1 /favicon.ico
INFO: [ app_init ] --START--
INFO: Run Behavior\BuildLiteBehavior [ RunTime:0.000076s ]
INFO: [ app_init ] --END-- [ RunTime:0.001651s ]

[ 2016-02-07T16:24:10+08:00 ] 127.0.0.1 /
INFO: [ app_init ] --START--
INFO: Run Behavior\BuildLiteBehavior [ RunTime:0.000090s ]
INFO: [ app_init ] --END-- [ RunTime:0.001750s ]
INFO: [ app_begin ] --START--
INFO: Run Behavior\ReadHtmlCacheBehavior [ RunTime:0.001978s ]
INFO: [ app_begin ] --END-- [ RunTime:0.002415s ]
INFO: [ view_parse ] --START--
INFO: [ template_filter ] --START--
INFO: Run Behavior\ContentReplaceBehavior [ RunTime:0.000687s ]
INFO: [ template_filter ] --END-- [ RunTime:0.001191s ]
NOTIC: [8] Use of undefined constant SITE_URL - assumed 'SITE_URL' E:\Web\thinkphp\Application\Runtime\Cache\Home\2a94b8bda04ff446dcedd42276fc99ee.php 第 10 行.
INFO: Run Behavior\ParseTemplateBehavior [ RunTime:0.043866s ]
INFO: [ view_parse ] --END-- [ RunTime:0.044285s ]
INFO: [ view_filter ] --START--
INFO: Run Behavior\WriteHtmlCacheBehavior [ RunTime:0.001468s ]
INFO: [ view_filter ] --END-- [ RunTime:0.001860s ]
INFO: [ app_end ] --START--
INFO: Run Behavior\ShowPageTraceBehavior [ RunTime:0.001992s ]
INFO: [ app_end ] --END-- [ RunTime:0.002413s ]

[ 2016-02-07T16:24:11+08:00 ] 127.0.0.1 /SITE_URL/favicon.ico
INFO: [ app_init ] --START--
INFO: Run Behavior\BuildLiteBehavior [ RunTime:0.000089s ]
INFO: [ app_init ] --END-- [ RunTime:0.001720s ]

[ 2016-02-07T16:24:12+08:00 ] 127.0.0.1 /movieList?rnd=0.03610126393421337&order=asc&limit=5&offset=0&_=1454833450805
INFO: [ app_init ] --START--
INFO: Run Behavior\BuildLiteBehavior [ RunTime:0.000087s ]
INFO: [ app_init ] --END-- [ RunTime:0.001847s ]
INFO: [ app_begin ] --START--
INFO: Run Behavior\ReadHtmlCacheBehavior [ RunTime:0.001974s ]
INFO: [ app_begin ] --END-- [ RunTime:0.002331s ]
ERR: SQLSTATE[HY000] [1045] Accès refusé pour l'utilisateur: 'demo'@'@localhost' (mot de passe: OUI)

[ 2016-02-07T16:24:19+08:00 ] 127.0.0.1 /
INFO: [ app_init ] --START--
INFO: Run Behavior\BuildLiteBehavior [ RunTime:0.000089s ]
INFO: [ app_init ] --END-- [ RunTime:0.001660s ]
INFO: [ app_begin ] --START--
INFO: Run Behavior\ReadHtmlCacheBehavior [ RunTime:0.001891s ]
INFO: [ app_begin ] --END-- [ RunTime:0.002328s ]
INFO: [ view_parse ] --START--
INFO: [ template_filter ] --START--
INFO: Run Behavior\ContentReplaceBehavior [ RunTime:0.000652s ]
INFO: [ template_filter ] --END-- [ RunTime:0.001081s ]
NOTIC: [8] Use of undefined constant SITE_URL - assumed 'SITE_URL' E:\Web\thinkphp\Application\Runtime\Cache\Home\2a94b8bda04ff446dcedd42276fc99ee.php 第 10 行.
INFO: Run Behavior\ParseTemplateBehavior [ RunTime:0.039415s ]
INFO: [ view_parse ] --END-- [ RunTime:0.039835s ]
INFO: [ view_filter ] --START--
INFO: Run Behavior\WriteHtmlCacheBehavior [ RunTime:0.001651s ]
INFO: [ view_filter ] --END-- [ RunTime:0.002163s ]
INFO: [ app_end ] --START--
INFO: Run Behavior\ShowPageTraceBehavior [ RunTime:0.001931s ]
INFO: [ app_end ] --END-- [ RunTime:0.002473s ]

[ 2016-02-07T16:24:19+08:00 ] 127.0.0.1 /movieList?rnd=0.24434590999117378&order=asc&limit=5&offset=0&_=1454833459275
INFO: [ app_init ] --START--
INFO: Run Behavior\BuildLiteBehavior [ RunTime:0.000087s ]
INFO: [ app_init ] --END-- [ RunTime:0.001616s ]
INFO: [ app_begin ] --START--
INFO: Run Behavior\ReadHtmlCacheBehavior [ RunTime:0.001715s ]
INFO: [ app_begin ] --END-- [ RunTime:0.002086s ]
ERR: SQLSTATE[HY000] [1045] Accès refusé pour l'utilisateur: 'demo'@'@localhost' (mot de passe: OUI)

[ 2016-02-07T16:24:39+08:00 ] 127.0.0.1 /
INFO: [ app_init ] --START--
INFO: Run Behavior\BuildLiteBehavior [ RunTime:0.000090s ]
INFO: [ app_init ] --END-- [ RunTime:0.001878s ]
INFO: [ app_begin ] --START--
INFO: Run Behavior\ReadHtmlCacheBehavior [ RunTime:0.002130s ]
INFO: [ app_begin ] --END-- [ RunTime:0.002961s ]
INFO: [ view_parse ] --START--
INFO: [ template_filter ] --START--
INFO: Run Behavior\ContentReplaceBehavior [ RunTime:0.000664s ]
INFO: [ template_filter ] --END-- [ RunTime:0.001096s ]
NOTIC: [8] Use of undefined constant SITE_URL - assumed 'SITE_URL' E:\Web\thinkphp\Application\Runtime\Cache\Home\2a94b8bda04ff446dcedd42276fc99ee.php 第 10 行.
INFO: Run Behavior\ParseTemplateBehavior [ RunTime:0.038834s ]
INFO: [ view_parse ] --END-- [ RunTime:0.039260s ]
INFO: [ view_filter ] --START--
INFO: Run Behavior\WriteHtmlCacheBehavior [ RunTime:0.001374s ]
INFO: [ view_filter ] --END-- [ RunTime:0.001779s ]
INFO: [ app_end ] --START--
INFO: Run Behavior\ShowPageTraceBehavior [ RunTime:0.002231s ]
INFO: [ app_end ] --END-- [ RunTime:0.002662s ]

[ 2016-02-07T16:24:39+08:00 ] 127.0.0.1 /movieList?rnd=0.13226090744137764&order=asc&limit=5&offset=0&_=1454833479351
INFO: [ app_init ] --START--
INFO: Run Behavior\BuildLiteBehavior [ RunTime:0.000089s ]
INFO: [ app_init ] --END-- [ RunTime:0.001701s ]
INFO: [ app_begin ] --START--
INFO: Run Behavior\ReadHtmlCacheBehavior [ RunTime:0.002074s ]
INFO: [ app_begin ] --END-- [ RunTime:0.002450s ]
ERR: SQLSTATE[HY000] [1045] Accès refusé pour l'utilisateur: 'demo'@'@localhost' (mot de passe: OUI)

[ 2016-02-07T16:24:40+08:00 ] 127.0.0.1 /SITE_URL/favicon.ico
INFO: [ app_init ] --START--
INFO: Run Behavior\BuildLiteBehavior [ RunTime:0.000090s ]
INFO: [ app_init ] --END-- [ RunTime:0.001893s ]

[ 2016-02-07T16:24:44+08:00 ] 127.0.0.1 /videoList.shtml
INFO: [ app_init ] --START--
INFO: Run Behavior\BuildLiteBehavior [ RunTime:0.000090s ]
INFO: [ app_init ] --END-- [ RunTime:0.001658s ]
INFO: [ app_begin ] --START--
INFO: Run Behavior\ReadHtmlCacheBehavior [ RunTime:0.001837s ]
INFO: [ app_begin ] --END-- [ RunTime:0.002426s ]
ERR: SQLSTATE[HY000] [1045] Accès refusé pour l'utilisateur: 'demo'@'@localhost' (mot de passe: OUI)

[ 2016-02-07T16:24:44+08:00 ] 127.0.0.1 /favicon.ico
INFO: [ app_init ] --START--
INFO: Run Behavior\BuildLiteBehavior [ RunTime:0.000089s ]
INFO: [ app_init ] --END-- [ RunTime:0.001625s ]

[ 2016-02-07T16:24:56+08:00 ] 127.0.0.1 /movieList?rnd=0.7888787686824799&order=asc&limit=5&offset=0&_=1454833496179
INFO: [ app_init ] --START--
INFO: Run Behavior\BuildLiteBehavior [ RunTime:0.000089s ]
INFO: [ app_init ] --END-- [ RunTime:0.001624s ]
INFO: [ app_begin ] --START--
INFO: Run Behavior\ReadHtmlCacheBehavior [ RunTime:0.001852s ]
INFO: [ app_begin ] --END-- [ RunTime:0.002218s ]
ERR: SQLSTATE[HY000] [1045] Accès refusé pour l'utilisateur: 'demo'@'@localhost' (mot de passe: OUI)

[ 2016-02-07T16:26:54+08:00 ] 127.0.0.1 /
INFO: [ app_init ] --START--
INFO: Run Behavior\BuildLiteBehavior [ RunTime:0.000087s ]
INFO: [ app_init ] --END-- [ RunTime:0.002069s ]
INFO: [ app_begin ] --START--
INFO: Run Behavior\ReadHtmlCacheBehavior [ RunTime:0.003415s ]
INFO: [ app_begin ] --END-- [ RunTime:0.003843s ]
INFO: [ view_parse ] --START--
INFO: [ template_filter ] --START--
INFO: Run Behavior\ContentReplaceBehavior [ RunTime:0.000669s ]
INFO: [ template_filter ] --END-- [ RunTime:0.001091s ]
NOTIC: [8] Use of undefined constant SITE_URL - assumed 'SITE_URL' E:\Web\thinkphp\Application\Runtime\Cache\Home\2a94b8bda04ff446dcedd42276fc99ee.php 第 10 行.
INFO: Run Behavior\ParseTemplateBehavior [ RunTime:0.072396s ]
INFO: [ view_parse ] --END-- [ RunTime:0.072818s ]
INFO: [ view_filter ] --START--
INFO: Run Behavior\WriteHtmlCacheBehavior [ RunTime:0.003186s ]
INFO: [ view_filter ] --END-- [ RunTime:0.003591s ]
INFO: [ app_end ] --START--
INFO: Run Behavior\ShowPageTraceBehavior [ RunTime:0.003672s ]
INFO: [ app_end ] --END-- [ RunTime:0.004097s ]

[ 2016-02-07T16:26:54+08:00 ] 127.0.0.1 /movieList?rnd=0.9713989223819226&order=asc&limit=5&offset=0&_=1454833614386
INFO: [ app_init ] --START--
INFO: Run Behavior\BuildLiteBehavior [ RunTime:0.000090s ]
INFO: [ app_init ] --END-- [ RunTime:0.002100s ]
INFO: [ app_begin ] --START--
INFO: Run Behavior\ReadHtmlCacheBehavior [ RunTime:0.004582s ]
INFO: [ app_begin ] --END-- [ RunTime:0.004973s ]
ERR: SQLSTATE[HY000] [1045] Accès refusé pour l'utilisateur: 'demo'@'@localhost' (mot de passe: OUI)

[ 2016-02-07T16:26:56+08:00 ] 127.0.0.1 /videoList.shtml
INFO: [ app_init ] --START--
INFO: Run Behavior\BuildLiteBehavior [ RunTime:0.000088s ]
INFO: [ app_init ] --END-- [ RunTime:0.002130s ]
INFO: [ app_begin ] --START--
INFO: Run Behavior\ReadHtmlCacheBehavior [ RunTime:0.003407s ]
INFO: [ app_begin ] --END-- [ RunTime:0.003846s ]
ERR: SQLSTATE[HY000] [1045] Accès refusé pour l'utilisateur: 'demo'@'@localhost' (mot de passe: OUI)

[ 2016-02-07T16:27:39+08:00 ] 127.0.0.1 /videoList.shtml
INFO: [ app_init ] --START--
INFO: Run Behavior\BuildLiteBehavior [ RunTime:0.000087s ]
INFO: [ app_init ] --END-- [ RunTime:0.002100s ]
INFO: [ app_begin ] --START--
INFO: Run Behavior\ReadHtmlCacheBehavior [ RunTime:0.003407s ]
INFO: [ app_begin ] --END-- [ RunTime:0.003837s ]
ERR: SQLSTATE[HY000] [1045] Accès refusé pour l'utilisateur: 'demo'@'@localhost' (mot de passe: OUI)

[ 2016-02-07T16:27:40+08:00 ] 127.0.0.1 /videoList.shtml
INFO: [ app_init ] --START--
INFO: Run Behavior\BuildLiteBehavior [ RunTime:0.000088s ]
INFO: [ app_init ] --END-- [ RunTime:0.001783s ]
INFO: [ app_begin ] --START--
INFO: Run Behavior\ReadHtmlCacheBehavior [ RunTime:0.002580s ]
INFO: [ app_begin ] --END-- [ RunTime:0.003042s ]
ERR: SQLSTATE[HY000] [1045] Accès refusé pour l'utilisateur: 'demo'@'@localhost' (mot de passe: OUI)

[ 2016-02-07T16:27:41+08:00 ] 127.0.0.1 /videoList.shtml
INFO: [ app_init ] --START--
INFO: Run Behavior\BuildLiteBehavior [ RunTime:0.000088s ]
INFO: [ app_init ] --END-- [ RunTime:0.001815s ]
INFO: [ app_begin ] --START--
INFO: Run Behavior\ReadHtmlCacheBehavior [ RunTime:0.002352s ]
INFO: [ app_begin ] --END-- [ RunTime:0.002778s ]
ERR: SQLSTATE[HY000] [1045] Accès refusé pour l'utilisateur: 'demo'@'@localhost' (mot de passe: OUI)

[ 2016-02-07T16:27:42+08:00 ] 127.0.0.1 /movieList?rnd=0.3099561268463731&order=asc&limit=5&offset=0&_=1454833662635
INFO: [ app_init ] --START--
INFO: Run Behavior\BuildLiteBehavior [ RunTime:0.000089s ]
INFO: [ app_init ] --END-- [ RunTime:0.001743s ]
INFO: [ app_begin ] --START--
INFO: Run Behavior\ReadHtmlCacheBehavior [ RunTime:0.002449s ]
INFO: [ app_begin ] --END-- [ RunTime:0.002828s ]
ERR: SQLSTATE[HY000] [1045] Accès refusé pour l'utilisateur: 'demo'@'@localhost' (mot de passe: OUI)

[ 2016-02-07T16:27:43+08:00 ] 127.0.0.1 /videoList.shtml
INFO: [ app_init ] --START--
INFO: Run Behavior\BuildLiteBehavior [ RunTime:0.000088s ]
INFO: [ app_init ] --END-- [ RunTime:0.001732s ]
INFO: [ app_begin ] --START--
INFO: Run Behavior\ReadHtmlCacheBehavior [ RunTime:0.002346s ]
INFO: [ app_begin ] --END-- [ RunTime:0.002845s ]
ERR: SQLSTATE[HY000] [1045] Accès refusé pour l'utilisateur: 'demo'@'@localhost' (mot de passe: OUI)

