[ 2016-01-27T23:00:27+08:00 ] 127.0.0.1 /favicon.ico
INFO: [ app_init ] --START--
INFO: Run Behavior\BuildLiteBehavior [ RunTime:0.000089s ]
INFO: [ app_init ] --END-- [ RunTime:0.001706s ]

[ 2016-01-27T23:00:30+08:00 ] 127.0.0.1 /
INFO: [ app_init ] --START--
INFO: Run Behavior\BuildLiteBehavior [ RunTime:0.000086s ]
INFO: [ app_init ] --END-- [ RunTime:0.001585s ]
INFO: [ app_begin ] --START--
INFO: Run Behavior\ReadHtmlCacheBehavior [ RunTime:0.002011s ]
INFO: [ app_begin ] --END-- [ RunTime:0.002438s ]
INFO: [ view_parse ] --START--
INFO: [ template_filter ] --START--
INFO: Run Behavior\ContentReplaceBehavior [ RunTime:0.000652s ]
INFO: [ template_filter ] --END-- [ RunTime:0.001067s ]
NOTIC: [8] Use of undefined constant SITE_URL - assumed 'SITE_URL' E:\Web\thinkphp\Application\Runtime\Cache\Home\2a94b8bda04ff446dcedd42276fc99ee.php 第 10 行.
INFO: Run Behavior\ParseTemplateBehavior [ RunTime:0.400923s ]
INFO: [ view_parse ] --END-- [ RunTime:0.401340s ]
INFO: [ view_filter ] --START--
INFO: Run Behavior\WriteHtmlCacheBehavior [ RunTime:0.001486s ]
INFO: [ view_filter ] --END-- [ RunTime:0.001893s ]
INFO: [ app_end ] --START--
INFO: Run Behavior\ShowPageTraceBehavior [ RunTime:0.001994s ]
INFO: [ app_end ] --END-- [ RunTime:0.002427s ]

[ 2016-01-27T23:00:32+08:00 ] 127.0.0.1 /movieList?rnd=0.910231051268056&order=asc&limit=5&offset=0&_=1453906830895
INFO: [ app_init ] --START--
INFO: Run Behavior\BuildLiteBehavior [ RunTime:0.000087s ]
INFO: [ app_init ] --END-- [ RunTime:0.001627s ]
INFO: [ app_begin ] --START--
INFO: Run Behavior\ReadHtmlCacheBehavior [ RunTime:0.001794s ]
INFO: [ app_begin ] --END-- [ RunTime:0.002159s ]
SQL: SHOW COLUMNS FROM `weijuer_videos` [ RunTime:0.1402s ]
NOTIC: [2] Missing argument 1 for Think\Model::where(), called in E:\Web\thinkphp\Application\Home\Controller\IndexController.class.php on line 143 and defined E:\Web\thinkphp\ThinkPHP\Library\Think\Model.class.php 第 1777 行.
NOTIC: [8] Undefined variable: where E:\Web\thinkphp\ThinkPHP\Library\Think\Model.class.php 第 1785 行.
NOTIC: [8] Undefined variable: where E:\Web\thinkphp\ThinkPHP\Library\Think\Model.class.php 第 1788 行.
NOTIC: [8] Undefined variable: where E:\Web\thinkphp\ThinkPHP\Library\Think\Model.class.php 第 1796 行.
SQL: SELECT * FROM `weijuer_videos` ORDER BY regdate desc  [ RunTime:0.0188s ]

[ 2016-01-27T23:00:38+08:00 ] 127.0.0.1 /
INFO: [ app_init ] --START--
INFO: Run Behavior\BuildLiteBehavior [ RunTime:0.000103s ]
INFO: [ app_init ] --END-- [ RunTime:0.001988s ]
INFO: [ app_begin ] --START--
INFO: Run Behavior\ReadHtmlCacheBehavior [ RunTime:0.002026s ]
INFO: [ app_begin ] --END-- [ RunTime:0.002462s ]

