[ 2016-01-15T22:05:07+08:00 ] 127.0.0.1 /favicon.ico
INFO: [ app_init ] --START--
INFO: Run Behavior\BuildLiteBehavior [ RunTime:0.000165s ]
INFO: [ app_init ] --END-- [ RunTime:0.002357s ]

[ 2016-01-15T22:05:12+08:00 ] 127.0.0.1 /favicon.ico
INFO: [ app_init ] --START--
INFO: Run Behavior\BuildLiteBehavior [ RunTime:0.000087s ]
INFO: [ app_init ] --END-- [ RunTime:0.001691s ]

[ 2016-01-15T22:05:17+08:00 ] 127.0.0.1 /
INFO: [ app_init ] --START--
INFO: Run Behavior\BuildLiteBehavior [ RunTime:0.000088s ]
INFO: [ app_init ] --END-- [ RunTime:0.001599s ]
INFO: [ app_begin ] --START--
INFO: Run Behavior\ReadHtmlCacheBehavior [ RunTime:0.001696s ]
INFO: [ app_begin ] --END-- [ RunTime:0.002121s ]
INFO: [ view_parse ] --START--
INFO: [ template_filter ] --START--
INFO: Run Behavior\ContentReplaceBehavior [ RunTime:0.000651s ]
INFO: [ template_filter ] --END-- [ RunTime:0.001064s ]
NOTIC: [8] Use of undefined constant SITE_URL - assumed 'SITE_URL' E:\Web\thinkphp\Application\Runtime\Cache\Home\2a94b8bda04ff446dcedd42276fc99ee.php 第 10 行.
INFO: Run Behavior\ParseTemplateBehavior [ RunTime:0.038254s ]
INFO: [ view_parse ] --END-- [ RunTime:0.038664s ]
INFO: [ view_filter ] --START--
INFO: Run Behavior\WriteHtmlCacheBehavior [ RunTime:0.001092s ]
INFO: [ view_filter ] --END-- [ RunTime:0.001500s ]
INFO: [ app_end ] --START--
INFO: Run Behavior\ShowPageTraceBehavior [ RunTime:0.002203s ]
INFO: [ app_end ] --END-- [ RunTime:0.002639s ]

[ 2016-01-15T22:05:18+08:00 ] 127.0.0.1 /movieList?rnd=0.6373996157199144&order=asc&limit=5&offset=0&_=1452866718088
INFO: [ app_init ] --START--
INFO: Run Behavior\BuildLiteBehavior [ RunTime:0.000090s ]
INFO: [ app_init ] --END-- [ RunTime:0.001745s ]
INFO: [ app_begin ] --START--
INFO: Run Behavior\ReadHtmlCacheBehavior [ RunTime:0.002558s ]
INFO: [ app_begin ] --END-- [ RunTime:0.002934s ]
SQL: SHOW COLUMNS FROM `weijuer_videos` [ RunTime:0.0638s ]
NOTIC: [2] Missing argument 1 for Think\Model::where(), called in E:\Web\thinkphp\Application\Home\Controller\IndexController.class.php on line 143 and defined E:\Web\thinkphp\ThinkPHP\Library\Think\Model.class.php 第 1777 行.
NOTIC: [8] Undefined variable: where E:\Web\thinkphp\ThinkPHP\Library\Think\Model.class.php 第 1785 行.
NOTIC: [8] Undefined variable: where E:\Web\thinkphp\ThinkPHP\Library\Think\Model.class.php 第 1788 行.
NOTIC: [8] Undefined variable: where E:\Web\thinkphp\ThinkPHP\Library\Think\Model.class.php 第 1796 行.
SQL: SELECT * FROM `weijuer_videos` ORDER BY regdate desc  [ RunTime:0.0015s ]

