[ 2016-01-05T13:17:33+08:00 ] 127.0.0.1 /WeChat.php
INFO: [ app_init ] --START--
INFO: Run Behavior\BuildLiteBehavior [ RunTime:0.000000s ]
INFO: [ app_init ] --END-- [ RunTime:0.001000s ]
INFO: [ app_begin ] --START--
INFO: Run Behavior\ReadHtmlCacheBehavior [ RunTime:0.001000s ]
INFO: [ app_begin ] --END-- [ RunTime:0.001000s ]
NOTIC: [2] Missing argument 1 for WeChatAPI\Service\Wechat::__construct(), called in I:\web\thinkphp\ThinkPHP\Common\functions.php on line 681 and defined I:\web\thinkphp\Application\WeChatAPI\Service\Wechat.class.php 第 92 行.

[ 2016-01-05T13:19:44+08:00 ] 127.0.0.1 /WeChat.php
INFO: [ app_init ] --START--
INFO: Run Behavior\BuildLiteBehavior [ RunTime:0.000000s ]
INFO: [ app_init ] --END-- [ RunTime:0.000000s ]
INFO: [ app_begin ] --START--
INFO: Run Behavior\ReadHtmlCacheBehavior [ RunTime:0.001000s ]
INFO: [ app_begin ] --END-- [ RunTime:0.001000s ]
NOTIC: [2] Missing argument 1 for WeChatAPI\Service\Wechat::__construct(), called in I:\web\thinkphp\ThinkPHP\Common\functions.php on line 681 and defined I:\web\thinkphp\Application\WeChatAPI\Service\Wechat.class.php 第 92 行.

[ 2016-01-05T13:19:46+08:00 ] 127.0.0.1 /WeChat.php
INFO: [ app_init ] --START--
INFO: Run Behavior\BuildLiteBehavior [ RunTime:0.000000s ]
INFO: [ app_init ] --END-- [ RunTime:0.001000s ]
INFO: [ app_begin ] --START--
INFO: Run Behavior\ReadHtmlCacheBehavior [ RunTime:0.000000s ]
INFO: [ app_begin ] --END-- [ RunTime:0.001000s ]
NOTIC: [2] Missing argument 1 for WeChatAPI\Service\Wechat::__construct(), called in I:\web\thinkphp\ThinkPHP\Common\functions.php on line 681 and defined I:\web\thinkphp\Application\WeChatAPI\Service\Wechat.class.php 第 92 行.

[ 2016-01-05T13:19:59+08:00 ] 127.0.0.1 /WeChat.php
INFO: [ app_init ] --START--
INFO: Run Behavior\BuildLiteBehavior [ RunTime:0.000000s ]
INFO: [ app_init ] --END-- [ RunTime:0.001000s ]
INFO: [ app_begin ] --START--
INFO: Run Behavior\ReadHtmlCacheBehavior [ RunTime:0.001000s ]
INFO: [ app_begin ] --END-- [ RunTime:0.001000s ]
NOTIC: [2] Missing argument 1 for WeChatAPI\Service\Wechat::__construct(), called in I:\web\thinkphp\ThinkPHP\Common\functions.php on line 681 and defined I:\web\thinkphp\Application\WeChatAPI\Service\Wechat.class.php 第 92 行.

[ 2016-01-05T13:20:01+08:00 ] 127.0.0.1 /WeChat.php
INFO: [ app_init ] --START--
INFO: Run Behavior\BuildLiteBehavior [ RunTime:0.000000s ]
INFO: [ app_init ] --END-- [ RunTime:0.001000s ]
INFO: [ app_begin ] --START--
INFO: Run Behavior\ReadHtmlCacheBehavior [ RunTime:0.002000s ]
INFO: [ app_begin ] --END-- [ RunTime:0.002000s ]
NOTIC: [2] Missing argument 1 for WeChatAPI\Service\Wechat::__construct(), called in I:\web\thinkphp\ThinkPHP\Common\functions.php on line 681 and defined I:\web\thinkphp\Application\WeChatAPI\Service\Wechat.class.php 第 92 行.

[ 2016-01-05T13:32:04+08:00 ] 127.0.0.1 /WeChat.php
INFO: [ app_init ] --START--
INFO: Run Behavior\BuildLiteBehavior [ RunTime:0.000000s ]
INFO: [ app_init ] --END-- [ RunTime:0.001001s ]
INFO: [ app_begin ] --START--
INFO: Run Behavior\ReadHtmlCacheBehavior [ RunTime:0.000000s ]
INFO: [ app_begin ] --END-- [ RunTime:0.000000s ]
NOTIC: [2] Missing argument 1 for WeChatAPI\Service\Wechat::__construct(), called in I:\web\thinkphp\ThinkPHP\Common\functions.php on line 681 and defined I:\web\thinkphp\Application\WeChatAPI\Service\Wechat.class.php 第 92 行.

[ 2016-01-05T13:32:05+08:00 ] 127.0.0.1 /WeChat.php
INFO: [ app_init ] --START--
INFO: Run Behavior\BuildLiteBehavior [ RunTime:0.000000s ]
INFO: [ app_init ] --END-- [ RunTime:0.001000s ]
INFO: [ app_begin ] --START--
INFO: Run Behavior\ReadHtmlCacheBehavior [ RunTime:0.001000s ]
INFO: [ app_begin ] --END-- [ RunTime:0.001000s ]
NOTIC: [2] Missing argument 1 for WeChatAPI\Service\Wechat::__construct(), called in I:\web\thinkphp\ThinkPHP\Common\functions.php on line 681 and defined I:\web\thinkphp\Application\WeChatAPI\Service\Wechat.class.php 第 92 行.

[ 2016-01-05T14:25:28+08:00 ] 127.0.0.1 /WeChat.php
INFO: [ app_init ] --START--
INFO: Run Behavior\BuildLiteBehavior [ RunTime:0.000000s ]
INFO: [ app_init ] --END-- [ RunTime:0.001000s ]
INFO: [ app_begin ] --START--
INFO: Run Behavior\ReadHtmlCacheBehavior [ RunTime:0.001000s ]
INFO: [ app_begin ] --END-- [ RunTime:0.001000s ]
NOTIC: [2] Missing argument 1 for WeChatAPI\Service\Wechat::__construct(), called in I:\web\thinkphp\ThinkPHP\Common\functions.php on line 681 and defined I:\web\thinkphp\Application\WeChatAPI\Service\Wechat.class.php 第 92 行.

[ 2016-01-05T14:25:28+08:00 ] 127.0.0.1 /WeChat.php
INFO: [ app_init ] --START--
INFO: Run Behavior\BuildLiteBehavior [ RunTime:0.000000s ]
INFO: [ app_init ] --END-- [ RunTime:0.000000s ]
INFO: [ app_begin ] --START--
INFO: Run Behavior\ReadHtmlCacheBehavior [ RunTime:0.000000s ]
INFO: [ app_begin ] --END-- [ RunTime:0.001000s ]
NOTIC: [2] Missing argument 1 for WeChatAPI\Service\Wechat::__construct(), called in I:\web\thinkphp\ThinkPHP\Common\functions.php on line 681 and defined I:\web\thinkphp\Application\WeChatAPI\Service\Wechat.class.php 第 92 行.

[ 2016-01-05T14:25:29+08:00 ] 127.0.0.1 /WeChat.php
INFO: [ app_init ] --START--
INFO: Run Behavior\BuildLiteBehavior [ RunTime:0.000000s ]
INFO: [ app_init ] --END-- [ RunTime:0.001000s ]
INFO: [ app_begin ] --START--
INFO: Run Behavior\ReadHtmlCacheBehavior [ RunTime:0.001000s ]
INFO: [ app_begin ] --END-- [ RunTime:0.001000s ]
NOTIC: [2] Missing argument 1 for WeChatAPI\Service\Wechat::__construct(), called in I:\web\thinkphp\ThinkPHP\Common\functions.php on line 681 and defined I:\web\thinkphp\Application\WeChatAPI\Service\Wechat.class.php 第 92 行.

[ 2016-01-05T14:25:29+08:00 ] 127.0.0.1 /WeChat.php
INFO: [ app_init ] --START--
INFO: Run Behavior\BuildLiteBehavior [ RunTime:0.000000s ]
INFO: [ app_init ] --END-- [ RunTime:0.001000s ]
INFO: [ app_begin ] --START--
INFO: Run Behavior\ReadHtmlCacheBehavior [ RunTime:0.001000s ]
INFO: [ app_begin ] --END-- [ RunTime:0.001000s ]
NOTIC: [2] Missing argument 1 for WeChatAPI\Service\Wechat::__construct(), called in I:\web\thinkphp\ThinkPHP\Common\functions.php on line 681 and defined I:\web\thinkphp\Application\WeChatAPI\Service\Wechat.class.php 第 92 行.

