[ 2016-02-03T10:33:07+08:00 ] 127.0.0.1 /admin.php/Login/loginCheck
INFO: [ app_begin ] --START--
INFO: Run Behavior\ReadHtmlCacheBehavior [ RunTime:0.001000s ]
INFO: [ app_begin ] --END-- [ RunTime:0.002000s ]
SQL: SHOW COLUMNS FROM `weijuer_musers` [ RunTime:0.0110s ]
SQL: SELECT * FROM `weijuer_musers` WHERE `username` = 'admin' AND `password` = '7ae44e20d1e6e851767189b0c57cac64' LIMIT 1   [ RunTime:0.1090s ]

[ 2016-02-03T10:33:09+08:00 ] 127.0.0.1 /admin.php/Login/loginCheck
INFO: [ app_begin ] --START--
INFO: Run Behavior\ReadHtmlCacheBehavior [ RunTime:0.000000s ]
INFO: [ app_begin ] --END-- [ RunTime:0.002000s ]
SQL: SHOW COLUMNS FROM `weijuer_musers` [ RunTime:0.0320s ]
SQL: SELECT * FROM `weijuer_musers` WHERE `username` = 'admin' AND `password` = '7ae44e20d1e6e851767189b0c57cac64' LIMIT 1   [ RunTime:0.0010s ]

[ 2016-02-03T10:33:11+08:00 ] 127.0.0.1 /admin.php/Login/loginCheck
INFO: [ app_begin ] --START--
INFO: Run Behavior\ReadHtmlCacheBehavior [ RunTime:0.001000s ]
INFO: [ app_begin ] --END-- [ RunTime:0.002000s ]
SQL: SHOW COLUMNS FROM `weijuer_musers` [ RunTime:0.0250s ]
SQL: SELECT * FROM `weijuer_musers` WHERE `username` = 'admin' AND `password` = '6a7b1035c1e1886479fd8629b2ee7b3c' LIMIT 1   [ RunTime:0.0010s ]
SQL: UPDATE `weijuer_musers` SET `loginnum`=loginnum+1 WHERE `userid` = 1 [ RunTime:0.0730s ]
SQL: UPDATE `weijuer_musers` SET `lastip`='127.0.0.1',`lastdate`='1454466791' WHERE `userid` = 1 [ RunTime:0.0020s ]

[ 2016-02-03T10:51:28+08:00 ] 127.0.0.1 /admin.php/Video/videoList?rnd=0.9881222567055374&order=asc&limit=5&offset=0&_=1454467888210
INFO: [ app_begin ] --START--
INFO: Run Behavior\ReadHtmlCacheBehavior [ RunTime:0.001000s ]
INFO: [ app_begin ] --END-- [ RunTime:0.002000s ]
SQL: SHOW COLUMNS FROM `weijuer_videos` [ RunTime:0.0500s ]
SQL: SELECT * FROM `weijuer_videos`  [ RunTime:0.0020s ]

[ 2016-02-03T10:51:32+08:00 ] 127.0.0.1 /admin.php/Video/videoList?rnd=0.7959898521658033&order=asc&limit=5&offset=0&_=1454467892702
INFO: [ app_begin ] --START--
INFO: Run Behavior\ReadHtmlCacheBehavior [ RunTime:0.001000s ]
INFO: [ app_begin ] --END-- [ RunTime:0.002000s ]
SQL: SHOW COLUMNS FROM `weijuer_videos` [ RunTime:0.0030s ]
SQL: SELECT * FROM `weijuer_videos`  [ RunTime:0.0000s ]

